2026-03-17 01:09:14 | INFO | Successfully fetched 3 environment(s) from API
2026-03-17 01:09:14 | INFO | Created new scorecard: 96b3463d-f82a-4bfb-a21c-98bdfedf39bb
2026-03-17 01:09:15 | INFO | Successfully fetched metadata for game ls20
2026-03-17 01:09:15 | INFO | Successfully loaded game class Ls20 from ..\..\environment_files\ls20\cb3b57cc\ls20.py
2026-03-17 01:09:15,144 | INFO | env_wrapper | ARCEnvWrapper: game=ls20 scorecard=None
2026-03-17 01:09:15,144 | INFO | agents.perception_agent | PerceptionAgent starting on game=ls20
2026-03-17 01:09:15,155 | INFO | env_wrapper | Discovered valid action indices: [0, 1, 2, 3, 4] (from env available_actions=[1, 2, 3, 4])
2026-03-17 01:09:15,155 | INFO | agents.perception_agent | Initial obs shape: (64, 64), valid_actions: [0, 1, 2, 3, 4]
2026-03-17 01:09:15,155 | INFO | agents.perception_agent | Phase 1: Calibration
2026-03-17 01:09:15,155 | INFO | agents.perception_agent | Floor color (most common): 4
2026-03-17 01:09:15,156 | INFO | agents.perception_agent | Background colors: {3, 4}
2026-03-17 01:09:15,177 | INFO | agents.perception_agent | Action 1: step (dy=-5, dx=0)
2026-03-17 01:09:15,183 | INFO | agents.perception_agent | Action 2: no valid positions detected
2026-03-17 01:09:15,190 | INFO | agents.perception_agent | Action 3: step (dy=0, dx=-5)
2026-03-17 01:09:15,196 | INFO | agents.perception_agent | Action 4: step (dy=0, dx=5)
2026-03-17 01:09:15,196 | INFO | agents.perception_agent | Detected cell size: 5 pixels
2026-03-17 01:09:15,198 | INFO | agents.perception_agent | Player position after reset: (42, 41)
2026-03-17 01:09:15,198 | INFO | agents.perception_agent | Navigation: directions={(-1, 0): 1, (0, -1): 3, (0, 1): 4}
2026-03-17 01:09:15,198 | INFO | agents.perception_agent | Calibration complete: 3 action effects learned, player at (42, 41)
2026-03-17 01:09:15,198 | INFO | agents.perception_agent | Phase 2: Systematic exploration
2026-03-17 01:09:15,431 | INFO | agents.perception_agent | GAME OVER at action 183 — resetting
2026-03-17 01:09:15,473 | INFO | agents.perception_agent | Frontier empty after 216 actions, 42 cells visited
2026-03-17 01:09:15,500 | INFO | agents.perception_agent | No more cells to explore — resetting level
2026-03-17 01:09:15,598 | INFO | agents.perception_agent | Exploration complete: 300 actions, 12 cells visited, 0 levels
2026-03-17 01:09:15 | INFO | Closed scorecard: 96b3463d-f82a-4bfb-a21c-98bdfedf39bb
2026-03-17 01:09:15,598 | INFO | agents.perception_agent | PerceptionAgent done: 300 actions used, 0 levels completed
