2026-03-17 01:21:12,177 | INFO | ============================================================
2026-03-17 01:21:12,177 | INFO | Program-Synthesis Agent on ls20
2026-03-17 01:21:12,177 | INFO | ============================================================
2026-03-17 01:21:17,042 | INFO | [code] # Count occurrences of each color
from collections import defaultdict
color_counts = defaultdict(int)
for r in range(64):
    for c in range(64):
    ...
2026-03-17 01:21:17,044 | INFO | [result] ERROR: ImportError: __import__ not found
Traceback (most recent call last):
  File "/home/armaan/Documents/arc/experiments/003-tool-use/agents/sandbox.py", line 42, in run_program
    exec(code, safe_
2026-03-17 01:21:19,734 | INFO | [code] # Count occurrences of each color without imports
color_counts = {}
for r in range(64):
    for c in range(64):
        col = grid[r][c]
        color...
2026-03-17 01:21:19,736 | INFO | [result] Color counts: [(0, 3), (1, 2), (3, 892), (4, 2609), (5, 439), (8, 12), (9, 45), (11, 84), (12, 10)]
Color 0: count=3, bbox=(31,21)-(32,22)
Color 1: count=2, bbox=(32,20)-(33,21)
Color 5: count=439, bb
