2026-03-15 22:17:29,474 | INFO | ============================================================
2026-03-15 22:17:29,474 | INFO | EXPERIMENT 002 (iter 2): VLM Explorer on ls20
2026-03-15 22:17:29,474 | INFO | ============================================================
2026-03-15 22:17:29,598 | INFO | === PHASE 1: DISCOVERY ===
2026-03-15 22:17:31,322 | INFO | [discovery] Movement summary:   ACTION1 trial 0: 52ch, direction=unclear (changed region 31x23)
  ACTION1 trial 1: 52ch, direction=unclear (changed region 30x28)
  ACTION2 trial 0: 52ch, direction=unclear (changed region 29x28)
  ACTION2 trial 1: 52ch, direction=unclear (changed region 28x23)
  ACTION3 trial 0: 52ch, direction=unclear (changed region 27x18)
  ACTION3 trial 1: 52ch, direction=unclear (changed region 21x18)
  ACTION4 trial 0: 52ch, direction=unclear (changed region 20x18)
  ACTION4 trial 1: 52ch, direction=unclear (changed region 24x18)

Inferred action mapping:
  ACTION1 = unclear (changed region 31x23)
  ACTION2 = unclear (changed region 29x28)
  ACTION3 = unclear (changed region 27x18)
  ACTION4 = unclear (changed region 20x18)
2026-03-15 22:17:35,963 | INFO | [discovery] VLM analysis:
Based on the images and differences provided, here’s the analysis:

1. **Game Appearance:**
   - **Player:** The small blue square likely represents the player.
   - **Walls:** The dark gray blocks are likely walls.
   - **Objects:** The orange square could be an object or goal.
   - **UI Elements:** The bottom bar appears to be a progress or health bar, with a red segment indicating damage or progress. The icons and symbols in the corners might represent abilities, health, or inventory.

2. **G...
2026-03-15 22:17:35,963 | INFO | === PHASE 2: PLAY ===
2026-03-15 22:17:39,583 | INFO | [play] plan (12 steps): ['ACTION4', 'ACTION4', 'ACTION3', 'ACTION3', 'ACTION1', 'ACTION1', 'ACTION2', 'ACTION2', 'ACTION4', 'ACTION3', 'ACTION3', 'ACTION2'] | ```json
{
  "plan": [
    "ACTION4",  // Move towards the orange square (goal/objective)
    "ACTION
2026-03-15 22:17:39,802 | INFO | [play] #10 ACTION4: 52ch score=0
2026-03-15 22:17:40,016 | INFO | [play] #11 ACTION4: 52ch score=0
2026-03-15 22:17:40,112 | INFO | [play] #12 ACTION3: 52ch score=0
2026-03-15 22:17:40,209 | INFO | [play] #13 ACTION3: 52ch score=0
2026-03-15 22:17:40,424 | INFO | [play] #14 ACTION1: 52ch score=0
2026-03-15 22:17:40,635 | INFO | [play] #15 ACTION1: 52ch score=0
2026-03-15 22:17:40,850 | INFO | [play] #16 ACTION2: 52ch score=0
2026-03-15 22:17:41,064 | INFO | [play] #17 ACTION2: 52ch score=0
2026-03-15 22:17:41,159 | INFO | [play] #18 ACTION4: 52ch score=0
2026-03-15 22:17:41,372 | INFO | [play] #19 ACTION3: 52ch score=0
2026-03-15 22:17:41,583 | INFO | [play] #20 ACTION3: 52ch score=0
2026-03-15 22:17:41,683 | INFO | [play] #21 ACTION2: 2ch score=0 WALL
2026-03-15 22:17:43,439 | INFO | [play] plan (10 steps): ['ACTION1', 'ACTION1', 'ACTION4', 'ACTION4', 'ACTION4', 'ACTION2', 'ACTION2', 'ACTION2', 'ACTION3', 'ACTION3'] | The player needs to move upwards and then to the left towards the orange square, which likely repres
2026-03-15 22:17:43,673 | INFO | [play] #22 ACTION1: 52ch score=0
2026-03-15 22:17:43,900 | INFO | [play] #23 ACTION1: 52ch score=0
2026-03-15 22:17:44,116 | INFO | [play] #24 ACTION4: 52ch score=0
2026-03-15 22:17:44,214 | INFO | [play] #25 ACTION4: 52ch score=0
2026-03-15 22:17:44,429 | INFO | [play] #26 ACTION4: 52ch score=0
2026-03-15 22:17:44,532 | INFO | [play] #27 ACTION2: 52ch score=0
2026-03-15 22:17:44,744 | INFO | [play] #28 ACTION2: 52ch score=0
2026-03-15 22:17:44,842 | INFO | [play] #29 ACTION2: 2ch score=0 WALL
2026-03-15 22:17:45,056 | INFO | [play] #30 ACTION3: 52ch score=0
2026-03-15 22:17:45,275 | INFO | [play] #31 ACTION3: 52ch score=0
2026-03-15 22:17:48,041 | INFO | [play] plan (10 steps): ['ACTION3', 'ACTION3', 'ACTION4', 'ACTION4', 'ACTION2', 'ACTION2', 'ACTION1', 'ACTION1', 'ACTION3', 'ACTION3'] | The player needs to reach the orange square. Starting from the current position near the bottom righ
2026-03-15 22:17:48,262 | INFO | [play] #32 ACTION3: 52ch score=0
2026-03-15 22:17:48,360 | INFO | [play] #33 ACTION3: 52ch score=0
2026-03-15 22:17:48,459 | INFO | [play] #34 ACTION4: 52ch score=0
2026-03-15 22:17:48,671 | INFO | [play] #35 ACTION4: 52ch score=0
2026-03-15 22:17:48,895 | INFO | [play] #36 ACTION2: 2ch score=0 WALL
2026-03-15 22:17:48,997 | INFO | [play] #37 ACTION2: 2ch score=0 WALL
2026-03-15 22:17:49,210 | INFO | [play] #38 ACTION1: 52ch score=0
2026-03-15 22:17:49,310 | INFO | [play] #39 ACTION1: 52ch score=0
2026-03-15 22:17:49,409 | INFO | [play] #40 ACTION3: 52ch score=0
2026-03-15 22:17:49,622 | INFO | [play] #41 ACTION3: 2ch score=0 WALL
2026-03-15 22:17:51,736 | INFO | [play] plan (12 steps): ['ACTION4', 'ACTION4', 'ACTION1', 'ACTION1', 'ACTION1', 'ACTION3', 'ACTION3', 'ACTION3', 'ACTION4', 'ACTION2', 'ACTION2', 'ACTION2'] | The goal is to move the player towards the orange square, which seems to represent the objective. St
2026-03-15 22:17:51,842 | INFO | [play] #42 ACTION4: 52ch score=0
2026-03-15 22:17:52,067 | INFO | [play] #43 ACTION4: 52ch score=0
2026-03-15 22:17:52,346 | INFO | [play] #44 ACTION1: 138ch score=0
2026-03-15 22:17:52,557 | INFO | [play] #45 ACTION1: 52ch score=0
2026-03-15 22:17:52,657 | INFO | [play] #46 ACTION1: 52ch score=0
2026-03-15 22:17:52,871 | INFO | [play] #47 ACTION3: 52ch score=0
2026-03-15 22:17:53,084 | INFO | [play] #48 ACTION3: 2ch score=0 WALL
2026-03-15 22:17:53,185 | INFO | [play] #49 ACTION3: 2ch score=0 WALL
2026-03-15 22:17:53,402 | INFO | [play] #50 ACTION4: 52ch score=0
2026-03-15 22:17:53,497 | INFO | [play] #51 ACTION2: 52ch score=0
2026-03-15 22:17:53,721 | INFO | [play] #52 ACTION2: 52ch score=0
2026-03-15 22:17:53,819 | INFO | [play] #53 ACTION2: 2ch score=0 WALL
2026-03-15 22:17:55,716 | INFO | [play] plan (10 steps): ['ACTION2', 'ACTION2', 'ACTION4', 'ACTION4', 'ACTION1', 'ACTION1', 'ACTION4', 'ACTION4', 'ACTION3', 'ACTION3'] | The player needs to reach the orange square, likely an objective. Starting position seems blocked ab
2026-03-15 22:17:55,817 | INFO | [play] #54 ACTION2: 2ch score=0 WALL
2026-03-15 22:17:55,912 | INFO | [play] #55 ACTION2: 2ch score=0 WALL
2026-03-15 22:17:56,011 | INFO | [play] #56 ACTION4: 52ch score=0
2026-03-15 22:17:56,114 | INFO | [play] #57 ACTION4: 52ch score=0
2026-03-15 22:17:56,338 | INFO | [play] #58 ACTION1: 52ch score=0
2026-03-15 22:17:56,435 | INFO | [play] #59 ACTION1: 52ch score=0
2026-03-15 22:17:56,649 | INFO | [play] #60 ACTION4: 2ch score=0 WALL
2026-03-15 22:17:56,749 | INFO | [play] #61 ACTION4: 2ch score=0 WALL
2026-03-15 22:17:56,960 | INFO | [play] #62 ACTION3: 52ch score=0
2026-03-15 22:17:57,059 | INFO | [play] #63 ACTION3: 52ch score=0
2026-03-15 22:18:00,179 | INFO | [play] plan (20 steps): ['ACTION1', 'ACTION1', 'ACTION4', 'ACTION4', 'ACTION2', 'ACTION2', 'ACTION3', 'ACTION4', 'ACTION4', 'ACTION1', 'ACTION1', 'ACTION3', 'ACTION3', 'ACTION4', 'ACTION2']... | The player is currently in the lower center area. The objective seems to be reaching the orange squa
2026-03-15 22:18:00,396 | INFO | [play] #64 ACTION1: 52ch score=0
2026-03-15 22:18:00,494 | INFO | [play] #65 ACTION1: 52ch score=0
2026-03-15 22:18:00,707 | INFO | [play] #66 ACTION4: 52ch score=0
2026-03-15 22:18:00,921 | INFO | [play] #67 ACTION4: 52ch score=0
2026-03-15 22:18:01,146 | INFO | [play] #68 ACTION2: 52ch score=0
2026-03-15 22:18:01,434 | INFO | [play] #69 ACTION2: 52ch score=0
2026-03-15 22:18:01,668 | INFO | [play] #70 ACTION3: 52ch score=0
2026-03-15 22:18:01,811 | INFO | [play] #71 ACTION4: 52ch score=0
2026-03-15 22:18:02,063 | INFO | [play] #72 ACTION4: 2ch score=0 WALL
2026-03-15 22:18:02,345 | INFO | [play] #73 ACTION1: 52ch score=0
2026-03-15 22:18:02,589 | INFO | [play] #74 ACTION1: 52ch score=0
2026-03-15 22:18:02,737 | INFO | [play] #75 ACTION3: 52ch score=0
2026-03-15 22:18:02,967 | INFO | [play] #76 ACTION3: 52ch score=0
2026-03-15 22:18:03,194 | INFO | [play] #77 ACTION4: 52ch score=0
2026-03-15 22:18:03,405 | INFO | [play] #78 ACTION2: 52ch score=0
2026-03-15 22:18:03,502 | INFO | [play] #79 ACTION2: 52ch score=0
2026-03-15 22:18:03,718 | INFO | [play] #80 ACTION4: 52ch score=0
2026-03-15 22:18:03,935 | INFO | [play] #81 ACTION4: 2ch score=0 WALL
2026-03-15 22:18:04,149 | INFO | [play] #82 ACTION2: 52ch score=0
2026-03-15 22:18:04,245 | INFO | [play] #83 ACTION2: 52ch score=0
2026-03-15 22:18:05,923 | INFO | [play] plan (10 steps): ['ACTION4', 'ACTION4', 'ACTION3', 'ACTION3', 'ACTION3', 'ACTION1', 'ACTION1', 'ACTION1', 'ACTION2', 'ACTION2'] | The goal is to reach the orange square in the bottom right corner. Start by moving down with ACTION4
2026-03-15 22:18:06,027 | INFO | [play] #84 ACTION4: 2ch score=0 WALL
2026-03-15 22:18:06,129 | INFO | [play] #85 ACTION4: 2ch score=0 WALL
2026-03-15 22:18:06,345 | INFO | [play] #86 ACTION3: 52ch score=0
2026-03-15 22:18:06,627 | INFO | [play] #87 ACTION3: 138ch score=0
2026-03-15 22:18:06,836 | INFO | [play] #88 ACTION3: 52ch score=0
2026-03-15 22:18:07,050 | INFO | [play] #89 ACTION1: 52ch score=0
2026-03-15 22:18:07,260 | INFO | [play] #90 ACTION1: 52ch score=0
2026-03-15 22:18:07,359 | INFO | [play] #91 ACTION1: 52ch score=0
2026-03-15 22:18:07,573 | INFO | [play] #92 ACTION2: 52ch score=0
2026-03-15 22:18:07,669 | INFO | [play] #93 ACTION2: 52ch score=0
2026-03-15 22:18:09,438 | INFO | [play] plan (11 steps): ['ACTION3', 'ACTION3', 'ACTION1', 'ACTION1', 'ACTION1', 'ACTION2', 'ACTION2', 'ACTION4', 'ACTION4', 'ACTION1', 'ACTION2'] | The player appears to be near an orange square, likely an objective or goal. First, use ACTION3 to m
2026-03-15 22:18:09,655 | INFO | [play] #94 ACTION3: 2ch score=0 WALL
2026-03-15 22:18:09,871 | INFO | [play] #95 ACTION3: 2ch score=0 WALL
2026-03-15 22:18:10,083 | INFO | [play] #96 ACTION1: 52ch score=0
2026-03-15 22:18:10,180 | INFO | [play] #97 ACTION1: 52ch score=0
2026-03-15 22:18:10,284 | INFO | [play] #98 ACTION1: 52ch score=0
2026-03-15 22:18:10,500 | INFO | [play] #99 ACTION2: 52ch score=0
2026-03-15 22:18:10,714 | INFO | [play] #100 ACTION2: 52ch score=0
2026-03-15 22:18:10,925 | INFO | [play] #101 ACTION4: 52ch score=0
2026-03-15 22:18:11,025 | INFO | [play] #102 ACTION4: 52ch score=0
2026-03-15 22:18:11,124 | INFO | [play] #103 ACTION1: 52ch score=0
2026-03-15 22:18:11,332 | INFO | [play] #104 ACTION2: 52ch score=0
2026-03-15 22:18:13,120 | INFO | [play] plan (10 steps): ['ACTION2', 'ACTION2', 'ACTION4', 'ACTION4', 'ACTION1', 'ACTION1', 'ACTION3', 'ACTION3', 'ACTION2', 'ACTION4'] | The player needs to reach the orange square, which appears to be a goal or objective. Starting from 
2026-03-15 22:18:13,346 | INFO | [play] #105 ACTION2: 52ch score=0
2026-03-15 22:18:13,565 | INFO | [play] #106 ACTION2: 52ch score=0
2026-03-15 22:18:13,662 | INFO | [play] #107 ACTION4: 52ch score=0
2026-03-15 22:18:13,876 | INFO | [play] #108 ACTION4: 2ch score=0 WALL
2026-03-15 22:18:13,975 | INFO | [play] #109 ACTION1: 52ch score=0
2026-03-15 22:18:14,075 | INFO | [play] #110 ACTION1: 52ch score=0
2026-03-15 22:18:14,287 | INFO | [play] #111 ACTION3: 52ch score=0
2026-03-15 22:18:14,498 | INFO | [play] #112 ACTION3: 52ch score=0
2026-03-15 22:18:14,713 | INFO | [play] #113 ACTION2: 52ch score=0
2026-03-15 22:18:14,926 | INFO | [play] #114 ACTION4: 52ch score=0
2026-03-15 22:18:16,229 | INFO | [play] plan (10 steps): ['ACTION1', 'ACTION1', 'ACTION2', 'ACTION2', 'ACTION4', 'ACTION4', 'ACTION3', 'ACTION3', 'ACTION3', 'ACTION4'] | The player needs to reach the orange square on the right side of the map. Initially, move right usin
2026-03-15 22:18:16,328 | INFO | [play] #115 ACTION1: 52ch score=0
2026-03-15 22:18:16,551 | INFO | [play] #116 ACTION1: 52ch score=0
2026-03-15 22:18:16,766 | INFO | [play] #117 ACTION2: 52ch score=0
2026-03-15 22:18:16,864 | INFO | [play] #118 ACTION2: 52ch score=0
2026-03-15 22:18:16,958 | INFO | [play] #119 ACTION4: 52ch score=0
2026-03-15 22:18:17,169 | INFO | [play] #120 ACTION4: 2ch score=0 WALL
2026-03-15 22:18:17,383 | INFO | [play] #121 ACTION3: 52ch score=0
2026-03-15 22:18:17,484 | INFO | [play] #122 ACTION3: 52ch score=0
2026-03-15 22:18:17,697 | INFO | [play] #123 ACTION3: 52ch score=0
2026-03-15 22:18:17,907 | INFO | [play] #124 ACTION4: 52ch score=0
2026-03-15 22:18:20,901 | INFO | [play] plan (10 steps): ['ACTION3', 'ACTION3', 'ACTION4', 'ACTION4', 'ACTION1', 'ACTION1', 'ACTION2', 'ACTION4', 'ACTION4', 'ACTION3'] | Objective is to reach the orange square which seems to be an important goal. Start by moving left (A
2026-03-15 22:18:21,000 | INFO | [play] #125 ACTION3: 52ch score=0
2026-03-15 22:18:21,218 | INFO | [play] #126 ACTION3: 2ch score=0 WALL
2026-03-15 22:18:21,313 | INFO | [play] #127 ACTION4: 52ch score=0
2026-03-15 22:18:21,527 | INFO | [play] #128 ACTION4: 52ch score=0
2026-03-15 22:18:21,742 | INFO | [play] #129 ACTION1: 52ch score=0
2026-03-15 22:18:21,959 | INFO | [play] #130 ACTION1: 54ch score=0
2026-03-15 22:18:21,959 | INFO | [play] DIED #1
2026-03-15 22:18:21,959 | INFO | [play] DEATH #1 at action 130. Recent: ACTION3: 52ch, ACTION3: 52ch, ACTION3: 52ch, ACTION4: 52ch, ACTION3: 52ch, ACTION3: 2ch WALL, ACTION4: 52ch, ACTION4: 52ch, ACTION1: 52ch, ACTION1: 54ch. Likely cause: ran out of energy (too many actions without progress).
2026-03-15 22:18:24,111 | INFO | [play] plan (10 steps): ['ACTION1', 'ACTION1', 'ACTION4', 'ACTION4', 'ACTION4', 'ACTION2', 'ACTION2', 'ACTION3', 'ACTION3', 'ACTION1'] | The player needs to navigate towards the orange square, which appears to be the goal. Starting by mo
2026-03-15 22:18:24,327 | INFO | [play] #132 ACTION1: 52ch score=0
2026-03-15 22:18:24,550 | INFO | [play] #133 ACTION1: 52ch score=0
2026-03-15 22:18:24,762 | INFO | [play] #134 ACTION4: 52ch score=0
2026-03-15 22:18:24,976 | INFO | [play] #135 ACTION4: 52ch score=0
2026-03-15 22:18:25,186 | INFO | [play] #136 ACTION4: 2ch score=0 WALL
2026-03-15 22:18:25,400 | INFO | [play] #137 ACTION2: 52ch score=0
2026-03-15 22:18:25,630 | INFO | [play] #138 ACTION2: 52ch score=0
2026-03-15 22:18:25,724 | INFO | [play] #139 ACTION3: 52ch score=0
2026-03-15 22:18:25,820 | INFO | [play] #140 ACTION3: 52ch score=0
2026-03-15 22:18:25,922 | INFO | [play] #141 ACTION1: 52ch score=0
2026-03-15 22:18:27,621 | INFO | [play] plan (10 steps): ['ACTION4', 'ACTION4', 'ACTION4', 'ACTION1', 'ACTION1', 'ACTION1', 'ACTION1', 'ACTION2', 'ACTION2', 'ACTION3'] | The player is currently near an orange square, likely an objective. The goal is to move downwards (A
2026-03-15 22:18:27,720 | INFO | [play] #142 ACTION4: 52ch score=0
2026-03-15 22:18:27,824 | INFO | [play] #143 ACTION4: 52ch score=0
2026-03-15 22:18:28,039 | INFO | [play] #144 ACTION4: 2ch score=0 WALL
2026-03-15 22:18:28,252 | INFO | [play] #145 ACTION1: 52ch score=0
2026-03-15 22:18:28,466 | INFO | [play] #146 ACTION1: 52ch score=0
2026-03-15 22:18:28,678 | INFO | [play] #147 ACTION1: 52ch score=0
2026-03-15 22:18:28,775 | INFO | [play] #148 ACTION1: 2ch score=0 WALL
2026-03-15 22:18:28,988 | INFO | [play] #149 ACTION2: 52ch score=0
2026-03-15 22:18:29,102 | INFO | [play] #150 ACTION2: 52ch score=0
2026-03-15 22:18:29,194 | INFO | [play] #151 ACTION3: 52ch score=0
2026-03-15 22:18:31,571 | INFO | [play] plan (12 steps): ['ACTION4', 'ACTION4', 'ACTION3', 'ACTION3', 'ACTION1', 'ACTION1', 'ACTION2', 'ACTION2', 'ACTION4', 'ACTION1', 'ACTION1', 'ACTION3'] | The aim is to navigate around the walls and move towards the orange square, which seems to be a key 
2026-03-15 22:18:31,792 | INFO | [play] #152 ACTION4: 52ch score=0
2026-03-15 22:18:32,002 | INFO | [play] #153 ACTION4: 2ch score=0 WALL
2026-03-15 22:18:32,214 | INFO | [play] #154 ACTION3: 52ch score=0
2026-03-15 22:18:32,425 | INFO | [play] #155 ACTION3: 52ch score=0
2026-03-15 22:18:32,639 | INFO | [play] #156 ACTION1: 52ch score=0
2026-03-15 22:18:32,741 | INFO | [play] #157 ACTION1: 52ch score=0
2026-03-15 22:18:32,959 | INFO | [play] #158 ACTION2: 52ch score=0
2026-03-15 22:18:33,178 | INFO | [play] #159 ACTION2: 52ch score=0
2026-03-15 22:18:33,392 | INFO | [play] #160 ACTION4: 52ch score=0
2026-03-15 22:18:33,490 | INFO | [play] #161 ACTION1: 52ch score=0
2026-03-15 22:18:33,702 | INFO | [play] #162 ACTION1: 52ch score=0
2026-03-15 22:18:33,915 | INFO | [play] #163 ACTION3: 52ch score=0
2026-03-15 22:18:35,861 | INFO | [play] plan (10 steps): ['ACTION3', 'ACTION3', 'ACTION3', 'ACTION1', 'ACTION1', 'ACTION1', 'ACTION2', 'ACTION2', 'ACTION4', 'ACTION4'] | The player appears to be in a narrow path next to an orange square, which likely indicates an object
2026-03-15 22:18:36,092 | INFO | [play] #164 ACTION3: 52ch score=0
2026-03-15 22:18:36,193 | INFO | [play] #165 ACTION3: 52ch score=0
2026-03-15 22:18:36,291 | INFO | [play] #166 ACTION3: 52ch score=0
2026-03-15 22:18:36,503 | INFO | [play] #167 ACTION1: 2ch score=0 WALL
2026-03-15 22:18:36,728 | INFO | [play] #168 ACTION1: 2ch score=0 WALL
2026-03-15 22:18:36,954 | INFO | [play] #169 ACTION1: 2ch score=0 WALL
2026-03-15 22:18:37,170 | INFO | [play] #170 ACTION2: 52ch score=0
2026-03-15 22:18:37,383 | INFO | [play] #171 ACTION2: 52ch score=0
2026-03-15 22:18:37,595 | INFO | [play] #172 ACTION4: 2ch score=0 WALL
2026-03-15 22:18:37,810 | INFO | [play] #173 ACTION4: 2ch score=0 WALL
2026-03-15 22:18:39,622 | INFO | [play] plan (15 steps): ['ACTION1', 'ACTION1', 'ACTION4', 'ACTION4', 'ACTION3', 'ACTION3', 'ACTION2', 'ACTION2', 'ACTION1', 'ACTION1', 'ACTION4', 'ACTION4', 'ACTION3', 'ACTION2', 'ACTION2'] | The goal is to reach the orange square while avoiding walls. Start by moving right with ACTION1, the
2026-03-15 22:18:39,899 | INFO | [play] #174 ACTION1: 138ch score=0
2026-03-15 22:18:40,114 | INFO | [play] #175 ACTION1: 52ch score=0
2026-03-15 22:18:40,212 | INFO | [play] #176 ACTION4: 52ch score=0
2026-03-15 22:18:40,440 | INFO | [play] #177 ACTION4: 52ch score=0
2026-03-15 22:18:40,668 | INFO | [play] #178 ACTION3: 52ch score=0
2026-03-15 22:18:40,765 | INFO | [play] #179 ACTION3: 52ch score=0
2026-03-15 22:18:40,866 | INFO | [play] #180 ACTION2: 52ch score=0
2026-03-15 22:18:41,078 | INFO | [play] #181 ACTION2: 2ch score=0 WALL
2026-03-15 22:18:41,176 | INFO | [play] #182 ACTION1: 52ch score=0
2026-03-15 22:18:41,391 | INFO | [play] #183 ACTION1: 52ch score=0
2026-03-15 22:18:41,604 | INFO | [play] #184 ACTION4: 52ch score=0
2026-03-15 22:18:41,702 | INFO | [play] #185 ACTION4: 52ch score=0
2026-03-15 22:18:41,929 | INFO | [play] #186 ACTION3: 52ch score=0
2026-03-15 22:18:42,144 | INFO | [play] #187 ACTION2: 52ch score=0
2026-03-15 22:18:42,239 | INFO | [play] #188 ACTION2: 52ch score=0
2026-03-15 22:18:46,296 | INFO | [play] plan (10 steps): ['ACTION4', 'ACTION4', 'ACTION4', 'ACTION3', 'ACTION3', 'ACTION3', 'ACTION1', 'ACTION1', 'ACTION2', 'ACTION2'] | The player's current position is near the bottom right, next to the orange square which likely repre
2026-03-15 22:18:46,525 | INFO | [play] #189 ACTION4: 52ch score=0
2026-03-15 22:18:46,744 | INFO | [play] #190 ACTION4: 2ch score=0 WALL
2026-03-15 22:18:46,959 | INFO | [play] #191 ACTION4: 2ch score=0 WALL
2026-03-15 22:18:47,054 | INFO | [play] #192 ACTION3: 52ch score=0
2026-03-15 22:18:47,266 | INFO | [play] #193 ACTION3: 52ch score=0
2026-03-15 22:18:47,478 | INFO | [play] #194 ACTION3: 52ch score=0
2026-03-15 22:18:47,574 | INFO | [play] #195 ACTION1: 52ch score=0
2026-03-15 22:18:47,786 | INFO | [play] #196 ACTION1: 52ch score=0
2026-03-15 22:18:47,999 | INFO | [play] #197 ACTION2: 52ch score=0
2026-03-15 22:18:48,222 | INFO | [play] #198 ACTION2: 52ch score=0
2026-03-15 22:18:55,148 | INFO | [play] plan (20 steps): ['ACTION3', 'ACTION3', 'ACTION4', 'ACTION4', 'ACTION3', 'ACTION1', 'ACTION1', 'ACTION3', 'ACTION2', 'ACTION2', 'ACTION4', 'ACTION4', 'ACTION1', 'ACTION3', 'ACTION3']... | To devise a plan, let's analyze the current situation. Your goal seems to be reaching the orange squ
2026-03-15 22:18:55,365 | INFO | [play] #199 ACTION3: 52ch score=0
2026-03-15 22:18:55,579 | INFO | [play] #200 ACTION3: 52ch score=0
2026-03-15 22:18:55,579 | INFO | ============================================================
2026-03-15 22:18:55,579 | INFO | FINISHED: actions=200 state=NOT_FINISHED score=0 deaths=1 time=86.11s
2026-03-15 22:18:55,580 | INFO | Final game knowledge:
MOVEMENT MAP:
  ACTION1 trial 0: 52ch, direction=unclear (changed region 31x23)
  ACTION1 trial 1: 52ch, direction=unclear (changed region 30x28)
  ACTION2 trial 0: 52ch, direction=unclear (changed region 29x28)
  ACTION2 trial 1: 52ch, direction=unclear (changed region 28x23)
  ACTION3 trial 0: 52ch, direction=unclear (changed region 27x18)
  ACTION3 trial 1: 52ch, direction=unclear (changed region 21x18)
  ACTION4 trial 0: 52ch, direction=unclear (changed region 20x18)
  ACTION4 trial 1: 52ch, direction=unclear (changed region 24x18)

Inferred action mapping:
  ACTION1 = unclear (changed region 31x23)
  ACTION2 = unclear (changed region 29x28)
  ACTION3 = unclear (changed region 27x18)
  ACTION4 = unclear (changed region 20x18)

VLM ANALYSIS:
Based on the images and differences provided, here’s the analysis:

1. **Game Appearance:**
   - **Player:** The small blue square likely represents the player.
   - **Walls:** The dark gray blocks are likely walls.
   - **Objects:** The orange square could be an object or goal.
   - **UI Elements:** The bottom bar appears to be a progress or health bar, with a red segment indicating damage or progress. The icons and symbols in the corners might represent abilities, health, or inventory.

2. **Goal:**
   - The goal might be to navigate through the maze-like area to reach specific points or collect items (such as the orange square) while avoiding obstacles.

3. **Strategy Recommendation:**
   - **Explore Carefully:** Observe how each action changes the environment and use trial and error to determine directions.
   - **Avoid Walls:** Use cues like unchanged frames to identify walls and avoid them.
   - **Collect Objectives:** Focus on reaching the orange square quickly, possibly indicating an objective or important resource.
   - **Monitor UI:** Track changes to the progress bar and any UI elements, adjusting strategies as needed.

4. **Game Rules:**
   - **Movement:** Actions move the player by around 52 changed cells unless obstructed, which results in fewer changes.
   - **Interactions:** Engage with objects to possibly achieve goals or gain benefits.
   - **Obstacles:** Avoid walls as they block movement; indicated by minimal or no cell changes.
   - **Objective:** Likely to reach certain points or collect specific items to progress or complete levels.

DEATH #1 at action 130. Recent: ACTION3: 52ch, ACTION3: 52ch, ACTION3: 52ch, ACTION4: 52ch, ACTION3: 52ch, ACTION3: 2ch WALL, ACTION4: 52ch, ACTION4: 52ch, ACTION1: 52ch, ACTION1: 54ch. Likely cause: ran out of energy (too many actions without progress).
2026-03-15 22:18:55,580 | INFO | ============================================================
2026-03-15 22:18:55,823 | INFO | --- SCORECARD ---
2026-03-15 22:18:55,823 | INFO | {
  "source_url": null,
  "tags": [
    "wrapper",
    "agent"
  ],
  "opaque": null,
  "card_id": "f592c0dc-ff07-4de2-91c3-ee53a34e1549",
  "api_key": null,
  "score": 0.0,
  "environments": [
    {
      "id": "ls20-cb3b57cc",
      "runs": [
        {
          "id": null,
          "guid": "55b8a912-bf03-4b60-a59f-21848551d637",
          "score": 0.0,
          "levels_completed": 0,
          "actions": 0,
          "resets": 0,
          "state": "NOT_FINISHED",
          "completed": false,
          "level_scores": [
            0.0,
            0.0,
            0.0,
            0.0,
            0.0,
            0.0,
            0.0
          ],
          "level_actions": [
            0,
            0,
            0,
            0,
            0,
            0,
            0
          ],
          "level_baseline_actions": [
            29,
            41,
            172,
            49,
            53,
            62,
            82
          ],
          "number_of_levels": null,
          "number_of_environments": 0,
          "message": null
        },
        {
          "id": null,
          "guid": "55b8a912-bf03-4b60-a59f-21848551d637",
          "score": 0.0,
          "levels_completed": 0,
          "actions": 199,
          "resets": 1,
          "state": "GAME_OVER",
          "completed": false,
          "level_scores": [
            0.0,
            0.0,
            0.0,
            0.0,
            0.0,
            0.0,
            0.0
          ],
          "level_actions": [
            199,
            0,
            0,
            0,
            0,
            0,
            0
          ],
          "level_baseline_actions": [
            29,
            41,
            172,
            49,
            53,
            62,
            82
          ],
          "number_of_levels": null,
          "number_of_environments": 0,
          "message": null
        }
      ],
      "score": 0.0,
      "actions": 199,
      "levels_completed": 0,
      "completed": false,
      "level_count": 7,
      "resets": 1
    }
  ],
  "tags_scores": [],
  "competition_mode": false,
  "total_environments_completed": 0,
  "total_environments": 1,
  "total_levels_completed": 0,
  "total_levels": 7,
  "total_actions": 199
}
