2026-03-20 23:01:23,382 | INFO | ============================================================
2026-03-20 23:01:23,382 | INFO | Text Grid Agent on ls20
2026-03-20 23:01:23,382 | INFO | ============================================================
2026-03-20 23:01:24,327 | INFO | [probe] ACTION1: 52 cells changed
  orange: center {'row': 45.5, 'col': 36.0}->{'row': 40.5, 'col': 36.0}
  blue: center {'row': 48.0, 'col': 36.0}->{'row': 43.0, 'col': 36.0}
ACTION2: 52 cells changed
  dark_gray: center {'row': 61.5, 'col': 13.0}->{'row': 61.5, 'col': 13.5}, size 2->4
  orange: center {'row': 40.5, 'col': 36.0}->{'row': 45.5, 'col': 36.0}
  blue: center {'row': 43.0, 'col': 36.0}->{'row': 48.0, 'col': 36.0}
ACTION3: 52 cells changed
  dark_gray: center {'row': 61.5, 'col': 13.5}->{'row': 61.5, 'col': 14.0}, size 4->6
  orange: center {'row': 45.5, 'col': 36.0}->{'row': 45.5, 'col': 31.0}
  blue: center {'row': 48.0, 'col': 36.0}->{'row': 48.0, 'col': 31.0}
ACTION4: 52 cells changed
  dark_gray: center {'row': 61.5, 'col': 14.0}->{'row': 61.5, 'col': 14.5}, size 6->8
  orange: center {'row': 45.5, 'col': 31.0}->{'row': 45.5, 'col': 36.0}
  blue: center {'row': 48.0, 'col': 31.0}->{'row': 48.0, 'col': 36.0}

OBSERVED ACTION EFFECTS (available in sandbox as `action_effects`):
  ACTION1: dr=-5.0 dc=0.0, ACTION2: dr=5.0 dc=0.0, ACTION3: dr=0.0 dc=-5.0, ACTION4: dr=0.0 dc=5.0
2026-03-20 23:01:46,730 | INFO | [verify] executing 977 chars
2026-03-20 23:01:46,732 | INFO | [verify-result] ['ACTION1', 'ACTION1', 'ACTION3', 'ACTION3']
2026-03-20 23:01:46,733 | INFO | [rule+] ACTION1 moves the player 5 cells up.
2026-03-20 23:01:46,733 | INFO | [rule+] The orange-blue composite is the controllable player/avatar.
2026-03-20 23:01:46,733 | INFO | [rule+] The dark_gray bar changes on every action and should be treated as a routine per-action effect, not a direct movement consequence.
2026-03-20 23:01:46,733 | INFO | [rule+] Sampled value 5 likely corresponds to walls/background and should be avoided.
2026-03-20 23:01:46,733 | INFO | [rule+] The player can occupy a sampled cell with value 12 because that includes the player's own sprite.
2026-03-20 23:01:46,733 | INFO | [reflect] There are no recent actions beyond the initial probes. The established movement results are internally consistent: ACTION1/2 move the orange-blue player pair vertically by 5 cells, and ACTION3/4 move 
2026-03-20 23:01:46,733 | INFO | [observe] The controllable avatar appears to be the orange-blue composite centered near row 47, col 36. The map shows black regions as likely walls/background a
2026-03-20 23:01:46,733 | INFO | [strategize] 1) Move upward into the central corridor/room to test that path and gain positional progress toward the white object. This is the most likely way to i
2026-03-20 23:01:46,733 | INFO | [actions] 4 actions: ['ACTION1', 'ACTION1', 'ACTION3', 'ACTION3']
2026-03-20 23:01:46,973 | INFO | #5 ACTION1: 52 cells changed score=0
2026-03-20 23:01:47,081 | INFO | #6 ACTION1: 52 cells changed score=0
2026-03-20 23:01:47,314 | INFO | #7 ACTION3: BLOCKED score=0
2026-03-20 23:02:06,122 | INFO | [verify] executing 944 chars
2026-03-20 23:02:06,123 | INFO | [verify-result] ['ACTION1', 'ACTION3', 'ACTION3', 'ACTION3']
2026-03-20 23:02:06,124 | INFO | [rule+] The dark_gray/yellow bar changes on every action and should be treated as a routine per-action effect.
2026-03-20 23:02:06,124 | INFO | [rule+] A non-5 sampled cell is not guaranteed traversable at exact position; the coarse grid can miss narrow walls.
2026-03-20 23:02:06,124 | INFO | [rule+] If a lateral move is blocked from one row, changing vertical position before retrying can reveal a corridor junction.
2026-03-20 23:02:06,124 | INFO | [reflect] Partly. The two ACTION1 moves worked as expected, but ACTION3 was blocked. My wrong assumption was that the sampled grid alone was sufficient to infer passability at movement resolution. A non-5 sampl
2026-03-20 23:02:06,124 | INFO | [observe] The player avatar is now the orange-blue composite centered around row 37.0, col 36.0. The white/light-gray object remains near row 32, col 21 and is 
2026-03-20 23:02:06,125 | INFO | [strategize] 1) Move up once more to reach the upper junction/cross-corridor. This directly tests the new hypothesis from the failed left move. 2) Then move left t
2026-03-20 23:02:06,125 | INFO | [actions] 4 actions: ['ACTION1', 'ACTION3', 'ACTION3', 'ACTION3']
2026-03-20 23:02:06,360 | INFO | #8 ACTION1: 52 cells changed score=0
2026-03-20 23:02:06,469 | INFO | #9 ACTION3: BLOCKED score=0
2026-03-20 23:02:25,372 | INFO | [verify] executing 715 chars
2026-03-20 23:02:25,373 | INFO | [verify-result] ['ACTION1', 'ACTION3']
2026-03-20 23:02:25,374 | INFO | [rule+] Left movement is blocked from at least rows 35.5 and 30.5 at col 36, implying a continuous wall on the left side of the current shaft.
2026-03-20 23:02:25,375 | INFO | [reflect] Not fully. ACTION1 again worked as expected, but ACTION3 was blocked a second time. That means my assumption about where the left passage begins was wrong. The exact wall extends at least through the 
2026-03-20 23:02:25,375 | INFO | [observe] The player is now centered near row 32, col 36. The white/light-gray composite remains near row 32, col 21, clearly the nearest suspicious objective. 
2026-03-20 23:02:25,375 | INFO | [strategize] 1) Move up again to test whether the left junction is above the current row. This is the best next information gain because upward movement is confirm
2026-03-20 23:02:25,375 | INFO | [actions] 2 actions: ['ACTION1', 'ACTION3']
2026-03-20 23:02:25,610 | INFO | #10 ACTION1: 52 cells changed score=0
2026-03-20 23:02:25,843 | INFO | #11 ACTION3: 52 cells changed score=0
2026-03-20 23:02:43,314 | INFO | [verify] executing 763 chars
2026-03-20 23:02:43,316 | INFO | [verify-result] ['ACTION3', 'ACTION3', 'ACTION2']
2026-03-20 23:02:43,316 | INFO | [rule+] The left passage becomes accessible after moving up to about row 25.5.
2026-03-20 23:02:43,317 | INFO | [reflect] Yes. The last plan matched expectations: ACTION1 moved the player up, and ACTION3 finally succeeded from the higher row. My earlier assumption was wrong about the left junction height; the left passag
2026-03-20 23:02:43,317 | INFO | [observe] The player avatar is now at about row 27.0, col 31.0. The white/light-gray composite remains near row 32.0, col 21.0 and is still the most plausible n
2026-03-20 23:02:43,317 | INFO | [strategize] 1) Continue moving left along the now-confirmed upper corridor to get horizontally aligned with the white object. 2) Then move down once to approach o
2026-03-20 23:02:43,317 | INFO | [actions] 3 actions: ['ACTION3', 'ACTION3', 'ACTION2']
2026-03-20 23:02:43,555 | INFO | #12 ACTION3: 52 cells changed score=0
2026-03-20 23:02:43,789 | INFO | #13 ACTION3: 52 cells changed score=0
2026-03-20 23:02:44,177 | INFO | #14 ACTION2: 58 cells changed score=0
2026-03-20 23:03:16,209 | INFO | [actions] 1 actions: ['ACTION1']
2026-03-20 23:03:16,453 | INFO | #15 ACTION1: 52 cells changed score=0
2026-03-20 23:03:35,720 | INFO | [verify] executing 706 chars
2026-03-20 23:03:35,722 | INFO | [verify-result] ['ACTION2', 'ACTION4']
2026-03-20 23:03:35,723 | INFO | [reflect] No. My previous strategy was wrong because moving away from the white object caused the white/light-gray object to reappear and the remote map changes to revert. So this is not a one-time collectible;
2026-03-20 23:03:35,723 | INFO | [observe] The player is now at about row 27.0, col 21.0 after moving up off the white object. The white/light-gray composite has reappeared at row ~32, col ~21,
2026-03-20 23:03:35,723 | INFO | [strategize] 1) Step back onto the white switch to reactivate the altered map state. 2) Immediately test moving right from the switch, because the temporary change
2026-03-20 23:03:35,723 | INFO | [actions] 2 actions: ['ACTION2', 'ACTION4']
2026-03-20 23:03:35,960 | INFO | #16 ACTION2: 60 cells changed score=0
2026-03-20 23:03:36,191 | INFO | #17 ACTION4: 52 cells changed score=0
2026-03-20 23:03:53,145 | INFO | [verify] executing 700 chars
2026-03-20 23:03:53,145 | INFO | [verify-result] ['ACTION4', 'ACTION4']
2026-03-20 23:03:53,146 | INFO | [reflect] Partly yes, partly no. Stepping back down and then right worked: ACTION2 returned to the switch area and ACTION4 successfully moved into the central-right space. My previous assumption that I needed t
2026-03-20 23:03:53,146 | INFO | [observe] The player is now at about row 32, col 26. The white/light-gray switch remains visible at row ~32, col ~21, so it behaves more like a reusable pressur
2026-03-20 23:03:53,146 | INFO | [strategize] 1) Continue pushing right to map the newly accessible central route. This is the highest-value probe because it uses the newly discovered opening. 2) 
2026-03-20 23:03:53,146 | INFO | [actions] 2 actions: ['ACTION4', 'ACTION4']
2026-03-20 23:03:53,377 | INFO | #18 ACTION4: BLOCKED score=0
2026-03-20 23:04:07,124 | INFO | [verify] executing 751 chars
2026-03-20 23:04:07,125 | INFO | [verify-result] ['ACTION1', 'ACTION4', 'ACTION4']
2026-03-20 23:04:07,126 | INFO | [reflect] No. The first right move worked, but the second right move was blocked. My assumption that the whole route to the right was open from this row was wrong. This matches earlier evidence that coarse non-
2026-03-20 23:04:07,126 | INFO | [observe] The player remains at about row 32.0, col 26.0. The white/light-gray switch is still present to the left at about row 32, col 21, so the switch does n
2026-03-20 23:04:07,126 | INFO | [strategize] 1) Move up to test whether the rightward route opens from a higher row, just like the earlier left passage did. 2) From that higher row, probe right a
2026-03-20 23:04:07,127 | INFO | [actions] 3 actions: ['ACTION1', 'ACTION4', 'ACTION4']
2026-03-20 23:04:07,369 | INFO | #19 ACTION1: 52 cells changed score=0
2026-03-20 23:04:07,598 | INFO | #20 ACTION4: 52 cells changed score=0
2026-03-20 23:04:07,836 | INFO | #21 ACTION4: 52 cells changed score=0
2026-03-20 23:04:22,616 | INFO | [verify] executing 653 chars
2026-03-20 23:04:22,618 | INFO | [verify-result] ['ACTION1']
2026-03-20 23:04:22,620 | INFO | [reflect] Yes. The last plan worked exactly as intended: moving up first bypassed the lower blockage, and then two right moves succeeded, placing the player at about row 25.5, col 36.0. The earlier assumption t
2026-03-20 23:04:22,620 | INFO | [observe] The player is now in the upper central shaft area at row ~27, col ~36. This is directly below the black/blue structure near row 12, col 36 that has be
2026-03-20 23:04:22,620 | INFO | [strategize] 1) Move up one step to approach the top black/blue structure and test whether the shaft continues. 2) If that succeeds, we will be adjacent to the top
2026-03-20 23:04:22,621 | INFO | [actions] 1 actions: ['ACTION1']
2026-03-20 23:04:22,859 | INFO | #22 ACTION1: 52 cells changed score=0
2026-03-20 23:04:41,512 | INFO | [verify] executing 710 chars
2026-03-20 23:04:41,513 | INFO | [verify-result] ['ACTION4', 'ACTION1']
2026-03-20 23:04:41,514 | INFO | [reflect] Yes. The last upward move worked and placed the player directly below the top black/blue structure. My earlier caution about a possible upper blockage was useful, but the first step upward was still s
2026-03-20 23:04:41,514 | INFO | [observe] The player is now at about row 22.0, col 36.0, in the upper shaft beneath the top black/blue composite centered near row 12, col 36. The coarse grid n
2026-03-20 23:04:41,515 | INFO | [strategize] 1) Bypass the apparent central blockage by moving right, then up. This is the highest-value route because it approaches the top target while respectin
2026-03-20 23:04:41,515 | INFO | [actions] 2 actions: ['ACTION4', 'ACTION1']
2026-03-20 23:04:41,752 | INFO | #23 ACTION4: BLOCKED score=0
2026-03-20 23:04:52,380 | INFO | [verify] executing 710 chars
2026-03-20 23:04:52,381 | INFO | [verify-result] ['ACTION3', 'ACTION1']
2026-03-20 23:04:52,381 | INFO | [reflect] No. The planned right-side bypass did not start: ACTION4 was blocked immediately, so my assumption that the top approach opened to the right from row 20.5 was wrong. This reinforces the rule that coar
2026-03-20 23:04:52,381 | INFO | [observe] The player is still at about row 20.5, col 36.0, directly below the top black/blue structure centered near row 12, col 36. No score or trigger occurre
2026-03-20 23:04:52,381 | INFO | [strategize] 1) Probe the left-side bypass with left then up. This mirrors the failed right-side hypothesis but uses the only remaining coarsely open route. 2) If 
2026-03-20 23:04:52,381 | INFO | [actions] 2 actions: ['ACTION3', 'ACTION1']
2026-03-20 23:04:52,617 | INFO | #24 ACTION3: BLOCKED score=0
2026-03-20 23:05:10,459 | INFO | [verify] executing 766 chars
2026-03-20 23:05:10,460 | INFO | [verify-result] ['ACTION2', 'ACTION3', 'ACTION1']
2026-03-20 23:05:10,460 | INFO | [reflect] No. The last plan failed immediately: ACTION3 was blocked, so my assumption that the top structure had a left-side bypass from row 20.5 was wrong. We now have stronger evidence that at row about 20.5,
2026-03-20 23:05:10,460 | INFO | [observe] The player is still at about row 20.5, col 36.0, directly below the top black/blue structure centered near row 12, col 36. No trigger or score change 
2026-03-20 23:05:10,460 | INFO | [strategize] 1) Back out of the sealed upper shaft by moving down one step. 2) From row 25.5, test the left branch, since that row has already proven to be a corri
2026-03-20 23:05:10,461 | INFO | [actions] 3 actions: ['ACTION2', 'ACTION3', 'ACTION1']
2026-03-20 23:05:10,728 | INFO | #25 ACTION2: 52 cells changed score=0
2026-03-20 23:05:10,834 | INFO | #26 ACTION3: 52 cells changed score=0
2026-03-20 23:05:11,065 | INFO | #27 ACTION1: BLOCKED score=0
2026-03-20 23:05:27,420 | INFO | [verify] executing 653 chars
2026-03-20 23:05:27,422 | INFO | [verify-result] ['ACTION3']
2026-03-20 23:05:27,422 | INFO | [reflect] Partly. ACTION2 and ACTION3 worked as expected, moving the player down to the junction row and then left into the left branch. But ACTION1 from the new position was blocked, so my assumption that the 
2026-03-20 23:05:27,422 | INFO | [observe] The player is now at about row 25.5, col 31.0. This is a real new location inside the left branch off the main shaft. From here, moving up is confirme
2026-03-20 23:05:27,422 | INFO | [strategize] 1) Continue exploring left along the branch, because this is the only newly opened route that has not yet been exhausted. 2) Search for a farther-left
2026-03-20 23:05:27,422 | INFO | [actions] 1 actions: ['ACTION3']
2026-03-20 23:05:27,660 | INFO | #28 ACTION3: 52 cells changed score=0
2026-03-20 23:05:37,530 | INFO | [verify] executing 710 chars
2026-03-20 23:05:37,531 | INFO | [verify-result] ['ACTION3', 'ACTION2']
2026-03-20 23:05:37,532 | INFO | [reflect] Yes. The last action matched expectations: ACTION3 successfully moved left from col 31 to col 26. This confirms the left branch continues farther left and was not a dead end at the previous position.
2026-03-20 23:05:37,532 | INFO | [observe] The player is now at about row 25.5, col 26.0 in the left corridor. The prior attempted climb at col 31 was blocked, but this new position is closer t
2026-03-20 23:05:37,532 | INFO | [strategize] 1) Continue left to probe the rest of the branch, since this route is still producing new reachable space. 2) Set up a possible descent toward the whi
2026-03-20 23:05:37,532 | INFO | [actions] 2 actions: ['ACTION3', 'ACTION2']
2026-03-20 23:05:37,763 | INFO | #29 ACTION3: 52 cells changed score=0
2026-03-20 23:05:37,871 | INFO | #30 ACTION2: 60 cells changed score=0
2026-03-20 23:05:57,734 | INFO | [verify] executing 653 chars
2026-03-20 23:05:57,736 | INFO | [verify-result] ['ACTION4']
2026-03-20 23:05:57,737 | INFO | [reflect] Mostly yes, with an important new discovery. ACTION3 and ACTION2 worked, and stepping onto the white/light-gray object made it disappear. That means my earlier assumption was correct: it was interacti
2026-03-20 23:05:57,737 | INFO | [observe] The player is now at about row 30.5, col 21.0, exactly where the white/light-gray object used to be. That object has disappeared, so it was likely a s
2026-03-20 23:05:57,737 | INFO | [strategize] 1) Probe right into the newly changed central area, because the switch likely unlocked or revealed something there. 2) Stay near the current switch lo
2026-03-20 23:05:57,737 | INFO | [actions] 1 actions: ['ACTION4']
2026-03-20 23:05:57,983 | INFO | #31 ACTION4: 52 cells changed score=0
2026-03-20 23:06:18,074 | INFO | [verify] executing 653 chars
2026-03-20 23:06:18,075 | INFO | [verify-result] ['ACTION4']
2026-03-20 23:06:18,076 | INFO | [reflect] The last action moved as expected, but it revealed a wrong assumption: the switch effect is not persistent. When I stepped right off the white/light-gray object, that object reappeared and the newly a
2026-03-20 23:06:18,076 | INFO | [observe] The player is now at about row 30.5, col 26.0, just right of the white/light-gray switch at about row 31-33, col 20-22. The switch has reappeared, and
2026-03-20 23:06:18,076 | INFO | [strategize] 1) Test whether the route to the right remains traversable after stepping off the pressure plate. If yes, the plate may open a door long enough to pas
2026-03-20 23:06:18,076 | INFO | [actions] 1 actions: ['ACTION4']
2026-03-20 23:06:18,304 | INFO | #32 ACTION4: BLOCKED score=0
2026-03-20 23:06:30,207 | INFO | [verify] executing 653 chars
2026-03-20 23:06:30,208 | INFO | [verify-result] ['ACTION2']
2026-03-20 23:06:30,209 | INFO | [reflect] No. My expectation that the path to the right might remain usable after stepping off the pressure plate was wrong. ACTION4 was blocked from row about 30.5, col 26.0. So the reversible switch does not 
2026-03-20 23:06:30,210 | INFO | [observe] The player remains at about row 30.5, col 26.0. The white/light-gray switch is back at about row 31-33, col 20-22, confirming the plate resets when no
2026-03-20 23:06:30,210 | INFO | [strategize] 1) Explore downward from the current right-of-switch position, because it is the most promising untested route near the switch mechanism. 2) Determine
2026-03-20 23:06:30,210 | INFO | [actions] 1 actions: ['ACTION2']
2026-03-20 23:06:30,447 | INFO | #33 ACTION2: 52 cells changed score=0
2026-03-20 23:06:42,542 | INFO | [verify] executing 653 chars
2026-03-20 23:06:42,543 | INFO | [verify-result] ['ACTION2']
2026-03-20 23:06:42,544 | INFO | [reflect] Yes. ACTION2 moved down as expected from about row 30.5 to 35.5 at col 26.0. That means the route below the switch area is genuinely open, so my previous idea to probe downward was productive.
2026-03-20 23:06:42,544 | INFO | [observe] The player is now at about row 35.5, col 26.0. The white/light-gray pressure plate remains above-left around row 32, col 21, and is not being held dow
2026-03-20 23:06:42,544 | INFO | [strategize] 1) Continue descending from the right side of the switch area to see how far this corridor goes. 2) Look for a lower junction that might wrap around t
2026-03-20 23:06:42,544 | INFO | [actions] 1 actions: ['ACTION2']
2026-03-20 23:06:42,775 | INFO | #34 ACTION2: BLOCKED score=0
2026-03-20 23:06:55,977 | INFO | [verify] executing 653 chars
2026-03-20 23:06:55,978 | INFO | [verify-result] ['ACTION4']
2026-03-20 23:06:55,978 | INFO | [reflect] No. I expected continuing downward to work because the coarse grid at the destination was non-5, but ACTION2 was blocked. The wrong assumption was treating coarse openness as reliable at exact coordin
2026-03-20 23:06:55,978 | INFO | [observe] The player is still at about row 35.5, col 26.0. The pressure plate remains above-left at about row 32, col 21 and is not active. Down from the curren
2026-03-20 23:06:55,978 | INFO | [strategize] 1) Probe right from the current lower position, because changing vertical position can reveal a lateral opening and this is the most likely new path. 
2026-03-20 23:06:55,978 | INFO | [actions] 1 actions: ['ACTION4']
2026-03-20 23:06:56,214 | INFO | #35 ACTION4: BLOCKED score=0
2026-03-20 23:07:06,425 | INFO | [verify] executing 653 chars
2026-03-20 23:07:06,426 | INFO | [verify-result] ['ACTION3']
2026-03-20 23:07:06,427 | INFO | [reflect] No. I expected a possible rightward junction at the lower row, but ACTION4 was blocked. That disproves the idea that simply moving lower would expose a right-side opening here. So this location is a d
2026-03-20 23:07:06,427 | INFO | [observe] The player remains at about row 35.5, col 26.0. We now have direct evidence that from this tile: down is blocked and right is blocked. The pressure pl
2026-03-20 23:07:06,427 | INFO | [strategize] 1) Test left from the current dead-end pocket, since it is the only untested lateral exit here. 2) Check whether the lower part of the plate area conn
2026-03-20 23:07:06,427 | INFO | [actions] 1 actions: ['ACTION3']
2026-03-20 23:07:06,670 | INFO | #36 ACTION3: 52 cells changed score=0
2026-03-20 23:07:20,335 | INFO | [verify] executing 653 chars
2026-03-20 23:07:20,336 | INFO | [verify-result] ['ACTION2']
2026-03-20 23:07:20,337 | INFO | [reflect] Yes. ACTION3 moved left as expected from about row 35.5, col 26.0 to row 35.5, col 21.0. That confirms the dead-end pocket on the right reconnects to a left-side corridor. My prior assumption that thi
2026-03-20 23:07:20,337 | INFO | [observe] The player is now at about row 35.5, col 21.0, directly below the white/light-gray pressure plate centered near row 32, col 21. The plate is not curre
2026-03-20 23:07:20,337 | INFO | [strategize] 1) Probe downward from col 21, because descending failed at col 26 but may succeed here and open a lower route around the room. 2) If down works, cont
2026-03-20 23:07:20,337 | INFO | [actions] 1 actions: ['ACTION2']
2026-03-20 23:07:20,572 | INFO | #37 ACTION2: 52 cells changed score=0
2026-03-20 23:07:30,090 | INFO | [verify] executing 653 chars
2026-03-20 23:07:30,091 | INFO | [verify-result] ['ACTION2']
2026-03-20 23:07:30,092 | INFO | [reflect] Yes. ACTION2 moved down from about row 35.5, col 21.0 to row 40.5, col 21.0 as expected. That confirms the left-side vertical corridor continues downward and is a better route than the blocked branch 
2026-03-20 23:07:30,092 | INFO | [observe] The player is now at about row 40.5, col 21.0. The pressure plate is well above at row ~32, col ~21. The previously tested right-side branch from col 
2026-03-20 23:07:30,092 | INFO | [strategize] 1) Continue descending along col 21 to find the lower boundary or a junction. 2) If downward remains open, use this corridor to bypass the blocked cen
2026-03-20 23:07:30,092 | INFO | [actions] 1 actions: ['ACTION2']
2026-03-20 23:07:30,332 | INFO | #38 ACTION2: 52 cells changed score=0
2026-03-20 23:07:41,440 | INFO | [verify] executing 654 chars
2026-03-20 23:07:41,441 | INFO | [verify-result] ['ACTION2']
2026-03-20 23:07:41,442 | INFO | [reflect] Yes. ACTION2 again moved down as expected, from about row 40.5, col 21.0 to row 45.5, col 21.0. So the left-side descent remains open and is our best confirmed route.
2026-03-20 23:07:41,442 | INFO | [observe] The player is now at about row 45.5, col 21.0. The pressure plate is far above and no new trigger or score event occurred. Nearby coarse samples: down
2026-03-20 23:07:41,442 | INFO | [strategize] 1) Continue descending to probe the lower extent of this corridor. 2) Look for a junction near the bottom, since lower rows may connect toward the blu
2026-03-20 23:07:41,442 | INFO | [actions] 1 actions: ['ACTION2']
2026-03-20 23:07:41,677 | INFO | #39 ACTION2: BLOCKED score=0
2026-03-20 23:07:57,352 | INFO | [verify] executing 653 chars
2026-03-20 23:07:57,353 | INFO | [verify-result] []
2026-03-20 23:07:57,355 | INFO | [reflect] No. ACTION2 did not move, so my assumption that the left-side corridor continued farther downward was wrong. The change in the bottom bar is routine and not caused by the attempted move. The important
2026-03-20 23:07:57,355 | INFO | [observe] The player is still at about row 45.5, col 21.0. The white/light-gray pressure plate remains above near row 32, col 21. The key change is that down fr
2026-03-20 23:07:57,355 | INFO | [strategize] 1) Test the left branch from the bottom of this corridor, since down is blocked and left heads toward the only clearly notable unexplored lower-left s
2026-03-20 23:07:57,355 | INFO | [actions] 1 actions: ['ACTION3']
2026-03-20 23:07:57,587 | INFO | #40 ACTION3: BLOCKED score=0
2026-03-20 23:08:08,453 | INFO | [verify] executing 730 chars
2026-03-20 23:08:08,455 | INFO | [verify-result] ['ACTION4']
2026-03-20 23:08:08,456 | INFO | [reflect] No. ACTION3 was blocked, so my assumption that the bottom of this corridor opened left toward the lower-left structure was wrong. The empty verified result correctly predicted uncertainty from coarse 
2026-03-20 23:08:08,456 | INFO | [observe] The player remains at about row 45.5, col 21.0. Recent tests show down is blocked and left is blocked from here. Up is known open because we came from
2026-03-20 23:08:08,456 | INFO | [strategize] 1) Test right from row 45.5, col 21.0, because it is the only unexplored local exit and could connect into a lower central corridor. 2) If right works
2026-03-20 23:08:08,456 | INFO | [actions] 1 actions: ['ACTION4']
2026-03-20 23:08:08,704 | INFO | #41 ACTION4: 52 cells changed score=0
2026-03-20 23:08:22,293 | INFO | [verify] executing 654 chars
2026-03-20 23:08:22,295 | INFO | [verify-result] ['ACTION2']
2026-03-20 23:08:22,297 | INFO | [reflect] Yes. ACTION4 moved the player from about row 45.5, col 21.0 to row 45.5, col 26.0 as hoped. My earlier assumption that this lower-right move might also be blocked was wrong; the row 45.5 position has 
2026-03-20 23:08:22,297 | INFO | [observe] The player is now at about row 45.5, col 26.0. This confirms the bottom of the left corridor connects rightward into a new branch. Known local layout:
2026-03-20 23:08:22,297 | INFO | [strategize] 1) Test downward from row 45.5, col 26.0, because it is a newly reachable lower branch and may lead deeper into the map. 2) If down works, continue ex
2026-03-20 23:08:22,298 | INFO | [actions] 1 actions: ['ACTION2']
2026-03-20 23:08:22,537 | INFO | #42 ACTION2: BLOCKED score=0
2026-03-20 23:08:33,017 | INFO | [verify] executing 719 chars
2026-03-20 23:08:33,019 | INFO | [verify-result] ['ACTION4']
2026-03-20 23:08:33,020 | INFO | [reflect] No. ACTION2 was blocked, so my assumption that this newly reached branch continued downward was wrong. The routine yellow-bar change is unrelated. We learned an exact local rule instead: from about ro
2026-03-20 23:08:33,020 | INFO | [observe] The player is still at about row 45.5, col 26.0. Known neighbors now: left to row 45.5, col 21.0 is open because we came from there; down is blocked f
2026-03-20 23:08:33,020 | INFO | [strategize] 1) Test right from row 45.5, col 26.0, because it is the only unexplored lateral exit on this lower branch and could lead to a traversable corridor. 2
2026-03-20 23:08:33,020 | INFO | [actions] 1 actions: ['ACTION4']
2026-03-20 23:08:33,255 | INFO | #43 ACTION4: 52 cells changed score=0
2026-03-20 23:08:49,179 | INFO | [verify] executing 741 chars
2026-03-20 23:08:49,180 | INFO | [verify-result] ['ACTION4']
2026-03-20 23:08:49,180 | INFO | [reflect] Yes. ACTION4 behaved as expected and moved the player from about row 45.5, col 26.0 to row 45.5, col 31.0. That confirms this lower branch continues rightward. My earlier assumption that it might dead
2026-03-20 23:08:49,180 | INFO | [observe] The player is now at about row 45.5, col 31.0. This appears to be a corridor segment between the lower-left branch and the original central area near 
2026-03-20 23:08:49,181 | INFO | [strategize] 1) Move right to reconnect with the known central shaft at about col 36, since this is the safest verified-progress move and may expose new vertical o
2026-03-20 23:08:49,181 | INFO | [actions] 1 actions: ['ACTION4']
2026-03-20 23:08:49,581 | INFO | #44 ACTION4: 146 cells changed score=0
2026-03-20 23:09:16,100 | INFO | [verify] executing 732 chars
2026-03-20 23:09:16,102 | INFO | [verify-result] ['ACTION4']
2026-03-20 23:09:16,103 | INFO | [reflect] Yes, the last ACTION4 moved as expected from about row 45.5, col 31.0 to row 45.5, col 36.0. But an additional assumption changed: this move also caused a real trigger, not just routine bar motion. Th
2026-03-20 23:09:16,103 | INFO | [observe] The player is at about row 45.5, col 36.0. This move produced 146 changed cells and the run now reports 1 trigger, so ACTION4 did something meaningful
2026-03-20 23:09:16,103 | INFO | [strategize] 1) Exploit the newly triggered state immediately by moving right from the trigger tile into the right chamber; if the trigger opened something, the mo
2026-03-20 23:09:16,103 | INFO | [actions] 1 actions: ['ACTION4']
2026-03-20 23:09:16,384 | INFO | #45 ACTION4: 52 cells changed score=0
2026-03-20 23:09:28,171 | INFO | [verify] executing 653 chars
2026-03-20 23:09:28,173 | INFO | [verify-result] ['ACTION4']
2026-03-20 23:09:28,174 | INFO | [reflect] Partly. ACTION4 moved as expected from about row 45.5, col 36.0 to row 45.5, col 41.0, so the right chamber is traversable. However, the large bar reverted immediately on the next action, so my assump
2026-03-20 23:09:28,174 | INFO | [observe] The player is now at about row 45.5, col 41.0 inside the right chamber. No new trigger was reported this turn; only the player moved and the bottom ba
2026-03-20 23:09:28,174 | INFO | [strategize] 1) Continue right to explore deeper into the right chamber, because this is the largest newly accessible unmapped area and most likely place to find t
2026-03-20 23:09:28,174 | INFO | [actions] 1 actions: ['ACTION4']
2026-03-20 23:09:28,403 | INFO | #46 ACTION4: 52 cells changed score=0
2026-03-20 23:09:38,748 | INFO | [verify] executing 711 chars
2026-03-20 23:09:38,749 | INFO | [verify-result] ['ACTION4']
2026-03-20 23:09:38,749 | INFO | [reflect] Yes. ACTION4 worked as expected again, moving the player from about row 45.5, col 41.0 to row 45.5, col 46.0. No new trigger occurred, so the earlier trigger at col 36.0 seems location-specific rather
2026-03-20 23:09:38,749 | INFO | [observe] The player is now at about row 45.5, col 46.0, deeper in the right chamber. The chamber still appears open. Local coarse neighbors are: left -> (45.5,
2026-03-20 23:09:38,750 | INFO | [strategize] 1) Continue right to probe the far side of the right chamber, because this remains the largest unexplored accessible area and may reveal a boundary, e
2026-03-20 23:09:38,750 | INFO | [actions] 1 actions: ['ACTION4']
2026-03-20 23:09:38,988 | INFO | #47 ACTION4: 52 cells changed score=0
2026-03-20 23:09:51,586 | INFO | [verify] executing 712 chars
2026-03-20 23:09:51,588 | INFO | [verify-result] ['ACTION4']
2026-03-20 23:09:51,588 | INFO | [reflect] Yes. ACTION4 again produced the expected movement, from about row 45.5, col 46.0 to row 45.5, col 51.0. So the right chamber continues farther than I initially knew, and there is still no evidence of 
2026-03-20 23:09:51,589 | INFO | [observe] The player is now at about row 45.5, col 51.0, near the far-right side of the chamber. No new trigger, score, or hazard appeared. The dark_gray bar on
2026-03-20 23:09:51,589 | INFO | [strategize] 1) Continue right once more to test the chamber's far edge, because reaching a boundary or corner gives the most information efficiently. 2) If right 
2026-03-20 23:09:51,589 | INFO | [actions] 1 actions: ['ACTION4']
2026-03-20 23:09:51,833 | INFO | #48 ACTION4: BLOCKED score=0
2026-03-20 23:10:03,596 | INFO | [verify] executing 726 chars
2026-03-20 23:10:03,597 | INFO | [verify-result] ['ACTION1']
2026-03-20 23:10:03,597 | INFO | [reflect] No. ACTION4 was blocked from about row 45.5, col 51.0, so my assumption that the right chamber continued farther at this row was wrong. The coarse grid cell to the right was non-5, but that did not gu
2026-03-20 23:10:03,597 | INFO | [observe] The player remains at about row 45.5, col 51.0. No new trigger, score, or death occurred; only the routine dark_gray bar advanced. This confirms the f
2026-03-20 23:10:03,597 | INFO | [strategize] 1) Test ACTION1 from the far-right edge to look for an upper corridor or top-right corner; boundaries are useful places to find exits. 2) If up succee
2026-03-20 23:10:03,597 | INFO | [actions] 1 actions: ['ACTION1']
2026-03-20 23:10:03,831 | INFO | #49 ACTION1: 52 cells changed score=0
2026-03-20 23:10:18,706 | INFO | [verify] executing 709 chars
2026-03-20 23:10:18,708 | INFO | [verify-result] ['ACTION1']
2026-03-20 23:10:18,708 | INFO | [reflect] Partly yes, partly no. ACTION1 did move up as expected from about row 45.5, col 51.0 to row 40.5, col 51.0. But it also caused a real global change: the lower-left black mass disappeared and the yello
2026-03-20 23:10:18,708 | INFO | [observe] The player is now at about row 40.5, col 51.0 in the upper-right part of the chamber. Important change: a black object at the lower-left disappeared, 
2026-03-20 23:10:18,709 | INFO | [strategize] 1) Continue upward from the triggered upper-right position to search for a corridor toward the top-center black/blue structure, since this move both e
2026-03-20 23:10:18,709 | INFO | [actions] 1 actions: ['ACTION1']
2026-03-20 23:10:18,984 | INFO | #50 ACTION1: 52 cells changed score=0
2026-03-20 23:10:31,695 | INFO | [verify] executing 712 chars
2026-03-20 23:10:31,696 | INFO | [verify-result] ['ACTION1']
2026-03-20 23:10:31,697 | INFO | [reflect] Yes. ACTION1 moved the player from about row 40.5, col 51.0 to row 35.5, col 51.0 as expected. The only other changes were the routine bottom-bar updates, so the global trigger seems to have happened 
2026-03-20 23:10:31,697 | INFO | [observe] The player is now at about row 35.5, col 51.0 in the upper-right chamber. No score change, no death, and no new world-state toggle happened this turn.
2026-03-20 23:10:31,697 | INFO | [strategize] 1) Continue upward to test whether this upper-right path connects toward the top structure, because that is the nearest unexplored route after the mea
2026-03-20 23:10:31,698 | INFO | [actions] 1 actions: ['ACTION1']
2026-03-20 23:10:31,935 | INFO | #51 ACTION1: 52 cells changed score=0
2026-03-20 23:10:51,238 | INFO | [verify] executing 700 chars
2026-03-20 23:10:51,239 | INFO | [verify-result] ['ACTION1']
2026-03-20 23:10:51,240 | INFO | [reflect] Yes. ACTION1 again moved as expected, from about row 35.5, col 51.0 to row 30.5, col 51.0. No new global trigger occurred, so the earlier state change appears specific to the row-40.5 right-side posit
2026-03-20 23:10:51,240 | INFO | [observe] The player is now at about row 30.5, col 51.0. No score, death, or new trigger happened; only the routine dark_gray/yellow bottom-bar changes occurred
2026-03-20 23:10:51,240 | INFO | [strategize] 1) Move up once more to about row 25.5, because that is the one height where we already have evidence that a leftward passage opens. 2) After reaching
2026-03-20 23:10:51,240 | INFO | [actions] 1 actions: ['ACTION1']
2026-03-20 23:10:51,478 | INFO | #52 ACTION1: 52 cells changed score=0
2026-03-20 23:11:01,520 | INFO | [verify] executing 736 chars
2026-03-20 23:11:01,522 | INFO | [verify-result] ['ACTION3']
2026-03-20 23:11:01,522 | INFO | [reflect] Yes. ACTION1 moved the player from about row 30.5, col 51.0 to row 25.5, col 51.0 as expected. No new trigger or score event occurred, which matches the plan: this move was mainly to reach the height 
2026-03-20 23:11:01,522 | INFO | [observe] The player is now at about row 25.5, col 51.0. The only non-player changes were the routine dark_gray/yellow bottom bar updates. Key spatial fact: we 
2026-03-20 23:11:01,522 | INFO | [strategize] 1) Probe left from row 25.5, because prior evidence says this is where the left passage opens; this is the highest-value test. 2) If left succeeds, ke
2026-03-20 23:11:01,522 | INFO | [actions] 1 actions: ['ACTION3']
2026-03-20 23:11:01,757 | INFO | #53 ACTION3: 52 cells changed score=0
2026-03-20 23:11:13,702 | INFO | [verify] executing 708 chars
2026-03-20 23:11:13,703 | INFO | [verify-result] ['ACTION3']
2026-03-20 23:11:13,704 | INFO | [reflect] Yes. ACTION3 behaved as expected: leftward movement became possible at row 25.5, confirming the earlier hypothesis. My prior assumption was correct here, so this row is a genuine corridor junction rat
2026-03-20 23:11:13,704 | INFO | [observe] The player is now at about row 25.5, col 46.0. No score or death change occurred, and the only other changes were the routine bottom-bar updates. Spat
2026-03-20 23:11:13,704 | INFO | [strategize] 1) Continue left to follow the newly opened corridor toward the center/top structure near col 36, since that is the clearest nearby objective. 2) Once
2026-03-20 23:11:13,704 | INFO | [actions] 1 actions: ['ACTION3']
2026-03-20 23:11:13,941 | INFO | #54 ACTION3: 52 cells changed score=0
2026-03-20 23:11:24,040 | INFO | [verify] executing 710 chars
2026-03-20 23:11:24,041 | INFO | [verify-result] ['ACTION3']
2026-03-20 23:11:24,046 | INFO | [reflect] Yes. ACTION3 matched expectations and moved the player from about row 25.5, col 46.0 to row 25.5, col 41.0. That confirms the upper horizontal corridor continues left. No other meaningful world change
2026-03-20 23:11:24,047 | INFO | [observe] The player is now at about row 25.5, col 41.0, much closer to the top black/blue structure centered near col 36. No score or death change occurred. Ne
2026-03-20 23:11:24,047 | INFO | [strategize] 1) Continue left once more to reach about col 36, aligning with the top black/blue structure's column. 2) After aligning to col 36, probe upward to se
2026-03-20 23:11:24,047 | INFO | [actions] 1 actions: ['ACTION3']
2026-03-20 23:11:24,306 | INFO | #55 ACTION3: 52 cells changed score=0
2026-03-20 23:11:37,287 | INFO | [verify] executing 715 chars
2026-03-20 23:11:37,289 | INFO | [verify-result] ['ACTION1']
2026-03-20 23:11:37,290 | INFO | [reflect] Yes. ACTION3 again worked as expected, moving the player to about row 25.5, col 36.0. That successfully aligned us with the top black/blue structure's column. The assumption that the upper corridor ex
2026-03-20 23:11:37,290 | INFO | [observe] The player is now at about row 25.5, col 36.0, directly below the top black/blue structure centered near row 12, col 36. No score or death change occu
2026-03-20 23:11:37,290 | INFO | [strategize] 1) Move up to test whether this aligned corridor connects to the top black/blue structure; this is the most likely progress path. 2) If upward movemen
2026-03-20 23:11:37,290 | INFO | [actions] 1 actions: ['ACTION1']
2026-03-20 23:11:37,520 | INFO | #56 ACTION1: 52 cells changed score=0
2026-03-20 23:11:55,278 | INFO | [verify] executing 735 chars
2026-03-20 23:11:55,278 | INFO | [verify-result] ['ACTION3']
2026-03-20 23:11:55,279 | INFO | [reflect] Partly yes, partly no. ACTION1 did move the player up as expected, but it also caused a major non-routine world change: the yellow bar disappeared and a large dark_gray structure appeared around the t
2026-03-20 23:11:55,279 | INFO | [observe] The player is now at about row 20.5, col 36.0, directly attached to the top-center structure. This move produced the most important change so far: the
2026-03-20 23:11:55,279 | INFO | [strategize] 1) Probe sideways along the bottom of the newly activated top structure, because up is coarse-blocked and the entrance may be offset to one side. 2) P
2026-03-20 23:11:55,279 | INFO | [actions] 1 actions: ['ACTION3']
2026-03-20 23:11:55,520 | INFO | #57 ACTION3: BLOCKED score=0
2026-03-20 23:12:06,887 | INFO | [verify] executing 738 chars
2026-03-20 23:12:06,888 | INFO | [verify-result] ['ACTION4']
2026-03-20 23:12:06,889 | INFO | [reflect] No. ACTION3 did not produce the hoped-for side-entry probe; it was blocked. The wrong assumption was that the newly activated top structure would be enterable from the left side at row 20.5. Since onl
2026-03-20 23:12:06,889 | INFO | [observe] The player remains at about row 20.5, col 36.0. The important top structure is still activated: a dark_gray mass surrounds the black/blue top object a
2026-03-20 23:12:06,889 | INFO | [strategize] 1) Probe right with ACTION4, since left was blocked and up is coarse-blocked. This is the highest-information move near the triggered structure. 2) If
2026-03-20 23:12:06,889 | INFO | [actions] 1 actions: ['ACTION4']
2026-03-20 23:12:07,126 | INFO | #58 ACTION4: BLOCKED score=0
2026-03-20 23:12:18,793 | INFO | [verify] executing 713 chars
2026-03-20 23:12:18,795 | INFO | [verify-result] ['ACTION2']
2026-03-20 23:12:18,796 | INFO | [reflect] No. ACTION4 was blocked, just like ACTION3 from the same position. That means my assumption that one side of the triggered top structure would be open at row 20.5 was wrong. The blockage is position-s
2026-03-20 23:12:18,796 | INFO | [observe] The player is still at about row 20.5, col 36.0. The important top trigger remains active: a dark_gray structure surrounds the black/blue top object a
2026-03-20 23:12:18,796 | INFO | [strategize] 1) Move down to exit the dead-end trigger position while preserving the new activated state. This is the only move with strong evidence of success. 2)
2026-03-20 23:12:18,796 | INFO | [actions] 1 actions: ['ACTION2']
2026-03-20 23:12:19,040 | INFO | #59 ACTION2: 52 cells changed score=0
2026-03-20 23:12:33,524 | INFO | [verify] executing 719 chars
2026-03-20 23:12:33,527 | INFO | [verify-result] ['ACTION3']
2026-03-20 23:12:33,529 | INFO | [reflect] The move down worked as expected spatially, but it revealed an important mistaken assumption: the top dark_gray structure was not permanently opened. As soon as I left row 20.5, the dark_gray top over
2026-03-20 23:12:33,529 | INFO | [observe] The player is back at about row 25.5, col 36.0. The top composite has reverted to its original black/blue form, confirming the trigger is reversible. 
2026-03-20 23:12:33,529 | INFO | [strategize] 1) Move left from row 25.5 to continue along the confirmed upper corridor toward the white/light-gray object near col 21; this is the best unexplored 
2026-03-20 23:12:33,529 | INFO | [actions] 1 actions: ['ACTION3']
2026-03-20 23:12:33,774 | INFO | #60 ACTION3: 52 cells changed score=0
2026-03-20 23:12:44,948 | INFO | [verify] executing 660 chars
2026-03-20 23:12:44,949 | INFO | [verify-result] ['ACTION3']
2026-03-20 23:12:44,950 | INFO | [reflect] Yes. ACTION3 moved the player left from col 36.0 to col 31.0 exactly as expected. This confirms the upper corridor remains open to the left from row 25.5 and supports the plan of advancing toward the 
2026-03-20 23:12:44,950 | INFO | [observe] The player is now at about row 25.5, col 31.0. The temporary top trigger is inactive again, and there was no score change. The main unexplored target 
2026-03-20 23:12:44,951 | INFO | [strategize] 1) Continue left along the confirmed corridor to approach the white/light-gray object; this is the best route to new information or progress. 2) Once 
2026-03-20 23:12:44,951 | INFO | [actions] 1 actions: ['ACTION3']
2026-03-20 23:12:45,184 | INFO | #61 ACTION3: 52 cells changed score=0
2026-03-20 23:12:58,617 | INFO | [verify] executing 660 chars
2026-03-20 23:12:58,618 | INFO | [verify-result] ['ACTION3']
2026-03-20 23:12:58,619 | INFO | [reflect] Yes. ACTION3 again behaved as expected, moving the player left from col 31.0 to col 26.0. That confirms the upper-left corridor is still open and we are closing in on the white/light_gray object.
2026-03-20 23:12:58,619 | INFO | [observe] The player is now at about row 25.5, col 26.0. The white/light_gray object remains the most plausible next target, centered around row 32, col 21. Loc
2026-03-20 23:12:58,619 | INFO | [strategize] 1) Move left to col 21.0 to line up with the white/light_gray object. This most directly advances toward the only unexplored interactable. 2) After al
2026-03-20 23:12:58,619 | INFO | [actions] 1 actions: ['ACTION3']
2026-03-20 23:12:58,850 | INFO | #62 ACTION3: 52 cells changed score=0
2026-03-20 23:13:10,287 | INFO | [verify] executing 746 chars
2026-03-20 23:13:10,288 | INFO | [verify-result] ['ACTION2']
2026-03-20 23:13:10,289 | INFO | [reflect] Yes. ACTION3 worked exactly as expected and placed the player at col 21.0, horizontally aligned with the white/light_gray object. The earlier assumption that the object was the next meaningful target 
2026-03-20 23:13:10,289 | INFO | [observe] The player is now at about row 25.5, col 21.0, with its blue portion extending down to about row 29. This places us directly above the white/light_gra
2026-03-20 23:13:10,289 | INFO | [strategize] 1) Move down to overlap or contact the white/light_gray object. This is the most likely way to trigger progress or reveal a mechanic. 2) If down is bl
2026-03-20 23:13:10,289 | INFO | [actions] 1 actions: ['ACTION2']
2026-03-20 23:13:10,660 | INFO | #63 ACTION2: 58 cells changed score=0
2026-03-20 23:13:32,918 | INFO | [verify] executing 747 chars
2026-03-20 23:13:32,919 | INFO | [verify-result] ['ACTION4']
2026-03-20 23:13:32,920 | INFO | [reflect] Partly better than expected: moving down onto the white/light_gray object was not just positional progress, it triggered a real game event. The white/light_gray object disappeared, so it was an intera
2026-03-20 23:13:32,921 | INFO | [observe] The player is now at about row 30.5, col 21.0. The white/light_gray object at roughly row 32, col 21 has vanished, strongly suggesting it was consumed
2026-03-20 23:13:32,921 | INFO | [strategize] 1) Probe east immediately, because the trigger just altered a large nearby region around cols 24-33 and that is the most likely source of progress. 2)
2026-03-20 23:13:32,921 | INFO | [actions] 1 actions: ['ACTION4']
2026-03-20 23:13:33,155 | INFO | #64 ACTION4: 52 cells changed score=0
2026-03-20 23:13:55,954 | INFO | [verify] executing 746 chars
2026-03-20 23:13:55,956 | INFO | [verify-result] ['ACTION2']
2026-03-20 23:13:55,958 | INFO | [reflect] No. My assumption that the white/light_gray trigger caused a permanent remote change was wrong. Moving off it with ACTION4 restored the white/light_gray object and removed the distant changes, so this
2026-03-20 23:13:55,958 | INFO | [observe] The player is now at about row 30.5, col 26.0, one step right of the plate. The white/light_gray object at about row 32, col 21 has reappeared, confir
2026-03-20 23:13:55,958 | INFO | [strategize] 1) Test whether we can continue downward from the post-plate position at col 26. This checks whether the pressure plate opened access long enough for 
2026-03-20 23:13:55,958 | INFO | [actions] 1 actions: ['ACTION2']
2026-03-20 23:13:56,208 | INFO | #65 ACTION2: 52 cells changed score=0
2026-03-20 23:14:13,635 | INFO | [verify] executing 713 chars
2026-03-20 23:14:13,637 | INFO | [verify-result] ['ACTION2']
2026-03-20 23:14:13,637 | INFO | [reflect] Yes. ACTION2 succeeded from the post-plate position, so my revised idea was correct: even though the plate's visual remote changes reverted, stepping off it let us enter a new reachable corridor/space
2026-03-20 23:14:13,638 | INFO | [observe] The player is now at about row 35.5, col 26.0. The white/light_gray pressure plate is back at row ~32, col ~21, confirming it is reversible, but we ar
2026-03-20 23:14:13,638 | INFO | [strategize] 1) Continue downward to probe the southern continuation of this new corridor. This is the strongest progress move because it explores territory we cou
2026-03-20 23:14:13,638 | INFO | [actions] 1 actions: ['ACTION2']
2026-03-20 23:14:13,869 | INFO | #66 ACTION2: BLOCKED score=0
2026-03-20 23:14:26,208 | INFO | [verify] executing 735 chars
2026-03-20 23:14:26,209 | INFO | [verify-result] ['ACTION4']
2026-03-20 23:14:26,210 | INFO | [reflect] No. My expectation that the corridor continued downward was wrong; ACTION2 was blocked from row 35.5, col 26.0. The useful correction is that this newly reached area does not extend further south from
2026-03-20 23:14:26,211 | INFO | [observe] The player remains at about row 35.5, col 26.0 after the blocked down move. The white/light_gray pressure plate still sits back to the west-northwest 
2026-03-20 23:14:26,211 | INFO | [strategize] 1) Test moving right from row 35.5, col 26.0. This is the most informative next move because down is blocked and right remains unexplored from this lo
2026-03-20 23:14:26,211 | INFO | [actions] 1 actions: ['ACTION4']
2026-03-20 23:14:26,450 | INFO | #67 ACTION4: BLOCKED score=0
2026-03-20 23:14:39,120 | INFO | [verify] executing 732 chars
2026-03-20 23:14:39,121 | INFO | [verify-result] ['ACTION1']
2026-03-20 23:14:39,122 | INFO | [reflect] No. My assumption that the newly reached area might extend right from row 35.5 was wrong; ACTION4 was blocked. We now have two exact-position failures from this spot: down and right are both blocked, 
2026-03-20 23:14:39,122 | INFO | [observe] The player remains at about row 35.5, col 26.0. The reversible white/light_gray pressure plate is still back at about row 32, col 21. From the current
2026-03-20 23:14:39,122 | INFO | [strategize] 1) Move up to escape the dead end and test whether this branch opens laterally from a higher row. 2) If up succeeds, probe right or left from row 30.5
2026-03-20 23:14:39,122 | INFO | [actions] 1 actions: ['ACTION1']
2026-03-20 23:14:39,368 | INFO | #68 ACTION1: 52 cells changed score=0
2026-03-20 23:14:54,288 | INFO | [verify] executing 747 chars
2026-03-20 23:14:54,290 | INFO | [verify-result] ['ACTION4']
2026-03-20 23:14:54,291 | INFO | [reflect] Yes. ACTION1 behaved as expected and backed us out of the lower dead end from row 35.5 to row 30.5. The incorrect assumption from the last few turns was only about which lower branches were open; now 
2026-03-20 23:14:54,291 | INFO | [observe] The player is now at about row 30.5, col 26.0. The white/light_gray pressure plate remains to the left at about row 32, col 21, and the lower branch b
2026-03-20 23:14:54,291 | INFO | [strategize] 1) Test ACTION4 from row 30.5, col 26.0. This is the strongest novel probe because right was blocked one row lower but not yet tested from this row. 2
2026-03-20 23:14:54,292 | INFO | [actions] 1 actions: ['ACTION4']
2026-03-20 23:14:54,535 | INFO | #69 ACTION4: BLOCKED score=0
2026-03-20 23:15:04,454 | INFO | [verify] executing 748 chars
2026-03-20 23:15:04,456 | INFO | [verify-result] ['ACTION1']
2026-03-20 23:15:04,458 | INFO | [reflect] No. My expectation that right might open from row 30.5 was wrong; ACTION4 was blocked here too. This strengthens the map hypothesis: the branch around col 26 is narrow and does not continue east from 
2026-03-20 23:15:04,458 | INFO | [observe] The player remains at about row 30.5, col 26.0. The pressure plate is still at about row 32, col 21, just to the left. Exact tests from this branch no
2026-03-20 23:15:04,458 | INFO | [strategize] 1) Move up to row 25.5 to reach the row where the left passage opens. This is the most likely way to make real map progress. 2) Once at row 25.5, test
2026-03-20 23:15:04,458 | INFO | [actions] 1 actions: ['ACTION1']
2026-03-20 23:15:04,701 | INFO | #70 ACTION1: 52 cells changed score=0
2026-03-20 23:15:15,031 | INFO | [verify] executing 763 chars
2026-03-20 23:15:15,031 | INFO | [verify-result] ['ACTION3']
2026-03-20 23:15:15,032 | INFO | [reflect] Yes. ACTION1 behaved as expected and moved the player to row 25.5, the row where earlier exploration indicated the left passage becomes accessible. This matches our current corridor model.
2026-03-20 23:15:15,032 | INFO | [observe] The player is now at about row 25.5, col 26.0. The local coarse grid around this position shows left -> (25.5, 21.0) mapping to grid[5][4] = 3, up -> 
2026-03-20 23:15:15,032 | INFO | [strategize] 1) Move left now to exploit the confirmed opening at row 25.5. This is the most likely progress move. 2) If left succeeds, continue following that cor
2026-03-20 23:15:15,032 | INFO | [actions] 1 actions: ['ACTION3']
2026-03-20 23:15:15,257 | INFO | #71 ACTION3: 52 cells changed score=0
2026-03-20 23:15:28,167 | INFO | [verify] executing 734 chars
2026-03-20 23:15:28,169 | INFO | [verify-result] []
2026-03-20 23:15:28,169 | INFO | [reflect] Yes. ACTION3 behaved as expected and successfully entered the left passage at row 25.5. That confirms the prior rule about this corridor opening from the higher row.
2026-03-20 23:15:28,170 | INFO | [observe] The player is now at about row 25.5, col 21.0, clearly inside the newly accessed left corridor. The pressure plate is below at about row 32, col 21, s
2026-03-20 23:15:28,170 | INFO | [strategize] 1) Continue left to see how far this upper-left corridor extends; this is the best information-gaining move and may lead to another junction. 2) If le
2026-03-20 23:15:28,170 | INFO | [actions] 1 actions: ['ACTION3']
2026-03-20 23:15:28,419 | INFO | #72 ACTION3: 52 cells changed score=0
2026-03-20 23:15:40,559 | INFO | [verify] executing 718 chars
2026-03-20 23:15:40,560 | INFO | [verify-result] []
2026-03-20 23:15:40,561 | INFO | [reflect] Yes. The last action produced the expected result: ACTION3 moved the player left from row 25.5, col 21.0 to row 25.5, col 16.0. The only mismatch was in the coarse verifier being overly conservative e
2026-03-20 23:15:40,561 | INFO | [observe] The player is now at about row 25.5, col 16.0 in the upper-left corridor. The pressure plate remains below-right around row 32, col 21. Local coarse n
2026-03-20 23:15:40,561 | INFO | [strategize] 1) Continue left to extend exploration of this upper-left corridor; this is most likely to reveal a dead end, junction, or connection to another room.
2026-03-20 23:15:40,561 | INFO | [actions] 1 actions: ['ACTION3']
2026-03-20 23:15:40,803 | INFO | #73 ACTION3: BLOCKED score=0
2026-03-20 23:15:52,809 | INFO | [verify] executing 742 chars
2026-03-20 23:15:52,811 | INFO | [verify-result] []
2026-03-20 23:15:52,812 | INFO | [reflect] No. I expected the upper-left corridor to continue farther west, but ACTION3 was blocked at row 25.5, col 16.0. The wrong assumption was that the corridor was a long horizontal passage; instead, it ap
2026-03-20 23:15:52,813 | INFO | [observe] The player is still at about row 25.5, col 16.0 because the last left move was blocked. Nearby exact options now matter more than the coarse map. Coar
2026-03-20 23:15:52,813 | INFO | [strategize] 1) Test up from this dead-end. Dead ends often turn vertically, and this is the most novel move. 2) If up succeeds, continue exploring toward the uppe
2026-03-20 23:15:52,813 | INFO | [actions] 1 actions: ['ACTION1']
2026-03-20 23:15:53,052 | INFO | #74 ACTION1: BLOCKED score=0
2026-03-20 23:16:05,182 | INFO | [verify] executing 957 chars
2026-03-20 23:16:05,183 | INFO | [verify-result] []
2026-03-20 23:16:05,184 | INFO | [reflect] No. ACTION1 did not produce the expected upward move; it was blocked. That means the west-end corridor at row 25.5, col 16.0 is not a vertical turn upward. My assumption that dead ends usually turn up
2026-03-20 23:16:05,184 | INFO | [observe] The player remains at about row 25.5, col 16.0 because the last action was blocked. From exact testing, left is blocked and up is blocked. Right is kn
2026-03-20 23:16:05,184 | INFO | [strategize] 1) Test down from the current dead end; this is the only unexplored direction besides backtracking and is most likely to reveal a vertical branch. 2) 
2026-03-20 23:16:05,184 | INFO | [actions] 1 actions: ['ACTION2']
2026-03-20 23:16:05,429 | INFO | #75 ACTION2: 52 cells changed score=0
2026-03-20 23:16:26,749 | INFO | [verify] executing 979 chars
2026-03-20 23:16:26,756 | INFO | [verify-result] ['ACTION4']
2026-03-20 23:16:26,756 | INFO | [reflect] Yes. ACTION2 behaved as expected and revealed that the apparent west dead-end at row 25.5, col 16.0 actually continues downward. My earlier assumption was only partly wrong: it was a dead end horizont
2026-03-20 23:16:26,757 | INFO | [observe] The player is now at about row 30.5, col 16.0. This is very close to the white/light_gray pressure plate centered around row 32, col 21. From here, co
2026-03-20 23:16:26,757 | INFO | [strategize] 1) Move right onto the pressure-plate column. This is the strongest score-relevant action because it reuses a confirmed interactive object instead of 
2026-03-20 23:16:26,757 | INFO | [actions] 1 actions: ['ACTION4']
2026-03-20 23:16:26,996 | INFO | #76 ACTION4: 60 cells changed score=0
2026-03-20 23:16:52,421 | INFO | [verify] executing 956 chars
2026-03-20 23:16:52,423 | INFO | [verify-result] ['ACTION4']
2026-03-20 23:16:52,424 | INFO | [reflect] Yes. Moving right onto the pressure plate produced the expected kind of outcome: the plate vanished under the player and multiple distant objects changed. The key new understanding is that this plate 
2026-03-20 23:16:52,424 | INFO | [observe] The player is now at about row 30.5, col 21.0, directly on the former white/light_gray plate location. The plate objects disappeared, confirming activ
2026-03-20 23:16:52,424 | INFO | [strategize] 1) Test ACTION4 to the right immediately while the plate effect is active. This is the most informative and potentially progress-making move because t
2026-03-20 23:16:52,425 | INFO | [actions] 1 actions: ['ACTION4']
2026-03-20 23:16:52,658 | INFO | #77 ACTION4: 52 cells changed score=0
2026-03-20 23:17:11,370 | INFO | [verify] executing 955 chars
2026-03-20 23:17:11,372 | INFO | [verify-result] ['ACTION4']
2026-03-20 23:17:11,373 | INFO | [reflect] Partly. ACTION4 succeeded in moving right, but a key assumption was wrong: stepping off the pressure plate immediately restored the old state. So the plate is not a permanent toggle; it is a hold-to-a
2026-03-20 23:17:11,374 | INFO | [observe] The player is now at about row 30.5, col 26.0. The white/light_gray plate reappeared at row ~32, col ~21 as soon as we left it, and the distant black/
2026-03-20 23:17:11,374 | INFO | [strategize] 1) Move right once more to row 30.5, col 31.0. This is the most direct exploration toward the central shaft and may set up an up/down branch before th
2026-03-20 23:17:11,374 | INFO | [actions] 1 actions: ['ACTION4']
2026-03-20 23:17:11,617 | INFO | #78 ACTION4: BLOCKED score=0
2026-03-20 23:17:25,176 | INFO | [verify] executing 984 chars
2026-03-20 23:17:25,177 | INFO | [verify-result] ['ACTION2']
2026-03-20 23:17:25,177 | INFO | [reflect] No. ACTION4 did not work as expected; it was blocked from row 30.5, col 26.0 to col 31.0. My assumption that the coarse sampled 4-cell meant open space was wrong here. This confirms again that non-5 s
2026-03-20 23:17:25,177 | INFO | [observe] The player remains at about row 30.5, col 26.0. Right is now exactly confirmed blocked from this position. Left back to the pressure plate at row 30.5
2026-03-20 23:17:25,177 | INFO | [strategize] 1) Test downward from the current position. This is the best novel move because right is blocked and left only backtracks to the plate. 2) If down suc
2026-03-20 23:17:25,177 | INFO | [actions] 1 actions: ['ACTION2']
2026-03-20 23:17:25,420 | INFO | #79 ACTION2: 52 cells changed score=0
2026-03-20 23:17:37,601 | INFO | [verify] executing 980 chars
2026-03-20 23:17:37,602 | INFO | [verify-result] ['ACTION4']
2026-03-20 23:17:37,603 | INFO | [reflect] Yes. ACTION2 behaved as expected and confirmed that the column at col 26 is traversable downward from row 30.5 to 35.5. My previous correction was right: this area is a narrow vertical branch, and cha
2026-03-20 23:17:37,603 | INFO | [observe] The player is now at about row 35.5, col 26.0. Local coarse neighbors are: right -> (35.5, 31.0), grid[7][6] = 4; down -> (40.5, 26.0), grid[8][5] = 4
2026-03-20 23:17:37,603 | INFO | [strategize] 1) Test right from the new lower row. This best exploits the confirmed row-dependent corridor structure and may open a central route that was blocked 
2026-03-20 23:17:37,603 | INFO | [actions] 1 actions: ['ACTION4']
2026-03-20 23:17:37,840 | INFO | #80 ACTION4: BLOCKED score=0
2026-03-20 23:17:53,041 | INFO | [verify] executing 985 chars
2026-03-20 23:17:53,043 | INFO | [verify-result] ['ACTION2']
2026-03-20 23:17:53,044 | INFO | [reflect] No. ACTION4 was blocked again. My assumption that lowering one row might expose a rightward junction here was wrong. This suggests the wall to the right of col 26 continues at least through row 35.5.
2026-03-20 23:17:53,044 | INFO | [observe] The player remains at about row 35.5, col 26.0. Exact right to (35.5, 31.0) is now confirmed blocked, matching the earlier block at (30.5, 31.0). So t
2026-03-20 23:17:53,044 | INFO | [strategize] 1) Continue downward with ACTION2. This is the best novel progress because the current column has allowed descent and both tested eastward exits have 
2026-03-20 23:17:53,045 | INFO | [actions] 1 actions: ['ACTION2']
2026-03-20 23:17:53,281 | INFO | #81 ACTION2: BLOCKED score=0
2026-03-20 23:18:03,432 | INFO | [verify] executing 974 chars
2026-03-20 23:18:03,434 | INFO | [verify-result] ['ACTION3']
2026-03-20 23:18:03,435 | INFO | [reflect] No. ACTION2 was blocked, so my assumption that the vertical branch continued downward from row 35.5, col 26.0 was wrong. We now know this spot is a dead end in both the right and down directions.
2026-03-20 23:18:03,435 | INFO | [observe] The player is still at about row 35.5, col 26.0. Exact blocked moves from here are now right to (35.5, 31.0) and down to (40.5, 26.0). Up to (30.5, 26
2026-03-20 23:18:03,436 | INFO | [strategize] 1) Test left from the dead end with ACTION3. This is the only unexplored move that can reveal new layout. 2) If left succeeds, check whether that lowe
2026-03-20 23:18:03,436 | INFO | [actions] 1 actions: ['ACTION3']
2026-03-20 23:18:03,680 | INFO | #82 ACTION3: 52 cells changed score=0
2026-03-20 23:18:17,857 | INFO | [verify] executing 1009 chars
2026-03-20 23:18:17,859 | INFO | [verify-result] ['ACTION1']
2026-03-20 23:18:17,860 | INFO | [reflect] Yes. ACTION3 behaved as expected and moved the player from the dead-end at col 26 to row 35.5, col 21.0. This corrected the prior uncertainty: there is a lower-left connection from that dead end.
2026-03-20 23:18:17,861 | INFO | [observe] The player is now at about row 35.5, col 21.0, directly below the known pressure-plate area centered around row 32, col 21. Right back to (35.5, 26.0)
2026-03-20 23:18:17,861 | INFO | [strategize] 1) Move up toward the pressure plate corridor. This is most likely to increase score because the plate is the only confirmed interactive mechanism in 
2026-03-20 23:18:17,861 | INFO | [actions] 1 actions: ['ACTION1']
2026-03-20 23:18:18,138 | INFO | #83 ACTION1: 60 cells changed score=0
2026-03-20 23:18:45,727 | INFO | [verify] executing 1104 chars
2026-03-20 23:18:45,729 | INFO | [verify-result] ['ACTION4']
2026-03-20 23:18:45,730 | INFO | [reflect] Yes, and it revealed an important mechanic. Moving up onto the white/light_gray pressure-plate area caused that plate sprite to disappear and triggered multiple structural changes elsewhere in the sce
2026-03-20 23:18:45,730 | INFO | [observe] The player is now centered at about row 30.5, col 21.0, exactly where the plate composite used to be; the white/light_gray plate objects disappeared t
2026-03-20 23:18:45,730 | INFO | [strategize] 1) Move right off the pressed plate with ACTION4 to test whether the plate opens an adjacent/eastward route during the transition. This is the highest
2026-03-20 23:18:45,730 | INFO | [actions] 1 actions: ['ACTION4']
2026-03-20 23:18:45,971 | INFO | #84 ACTION4: 52 cells changed score=0
2026-03-20 23:19:12,817 | INFO | [verify] executing 992 chars
2026-03-20 23:19:12,819 | INFO | [verify-result] ['ACTION1']
2026-03-20 23:19:12,819 | INFO | [reflect] Partly. ACTION4 succeeded, but an important assumption was wrong: leaving the pressure plate immediately restored the plate and removed the temporary structural changes. So the plate is not a permanen
2026-03-20 23:19:12,820 | INFO | [observe] The player is now at about row 30.5, col 26.0. The pressure plate at about row 32, col 21 reappeared as soon as I stepped off it, confirming the effec
2026-03-20 23:19:12,820 | INFO | [strategize] 1) Move up with ACTION1 to explore the only novel direction from the current node. This is the best chance to find progress without wasting actions re
2026-03-20 23:19:12,820 | INFO | [actions] 1 actions: ['ACTION1']
2026-03-20 23:19:13,045 | INFO | #85 ACTION1: 52 cells changed score=0
2026-03-20 23:19:25,450 | INFO | [verify] executing 1006 chars
2026-03-20 23:19:25,451 | INFO | [verify-result] ['ACTION3']
2026-03-20 23:19:25,452 | INFO | [reflect] Yes. ACTION1 moved the player up to row 25.5, col 26.0 as expected. This matches the earlier pattern that moving higher can reveal new lateral access.
2026-03-20 23:19:25,452 | INFO | [observe] The player is now at about row 25.5, col 26.0. This is a key height because prior exploration suggested the left passage becomes accessible around row
2026-03-20 23:19:25,453 | INFO | [strategize] 1) Test left with ACTION3 from row 25.5. This directly exploits the confirmed rule that the left passage becomes accessible around this height. 2) If 
2026-03-20 23:19:25,453 | INFO | [actions] 1 actions: ['ACTION3']
2026-03-20 23:19:25,800 | INFO | #86 ACTION3: 52 cells changed score=0
2026-03-20 23:19:41,416 | INFO | [verify] executing 997 chars
2026-03-20 23:19:41,419 | INFO | [verify-result] ['ACTION1']
2026-03-20 23:19:41,420 | INFO | [reflect] Yes. ACTION3 succeeded exactly as expected, confirming that the left passage is indeed accessible at about row 25.5. The earlier rule about vertical repositioning revealing a corridor junction was cor
2026-03-20 23:19:41,420 | INFO | [observe] The player is now at about row 25.5, col 21.0. This is the upper-left corridor just above the pressure plate area. Nearby coarse-sampled destinations 
2026-03-20 23:19:41,420 | INFO | [strategize] 1) Test ACTION1 to move up to (20.5, 21.0). This is the best unexplored route and may lead toward the top black/blue structure. 2) Preserve knowledge 
2026-03-20 23:19:41,421 | INFO | [actions] 1 actions: ['ACTION1']
2026-03-20 23:19:41,692 | INFO | #87 ACTION1: BLOCKED score=0
2026-03-20 23:19:55,442 | INFO | [verify] executing 988 chars
2026-03-20 23:19:55,444 | INFO | [verify-result] []
2026-03-20 23:19:55,445 | INFO | [reflect] No. ACTION1 was blocked, so my assumption that the corridor continued upward from (25.5, 21.0) was wrong. The coarse grid cell value 4 there was not sufficient to guarantee traversability; this is ano
2026-03-20 23:19:55,446 | INFO | [observe] The player remains at about row 25.5, col 21.0. Up to (20.5, 21.0) is now confirmed blocked. Right to (25.5, 26.0) is known open but only backtracks. 
2026-03-20 23:19:55,446 | INFO | [strategize] 1) Test ACTION3 to move left to (25.5, 16.0). This is the only novel adjacent move and may reveal whether the upper-left branch has any use. 2) If lef
2026-03-20 23:19:55,446 | INFO | [actions] 1 actions: ['ACTION3']
2026-03-20 23:19:55,846 | INFO | #88 ACTION3: 146 cells changed score=0
2026-03-20 23:20:20,634 | INFO | [verify] executing 1024 chars
2026-03-20 23:20:20,635 | INFO | [verify-result] ['ACTION1']
2026-03-20 23:20:20,636 | INFO | [reflect] No. My assumption was wrong: ACTION3 from (25.5, 21.0) was not a normal corridor move into an adjacent tile. It caused a trigger event that reset/teleported the player back to the start area at about 
2026-03-20 23:20:20,636 | INFO | [observe] The player is back at about row 45.5, col 36.0. The map geometry in the coarse grid looks essentially unchanged, but the last action produced a large 
2026-03-20 23:20:20,636 | INFO | [strategize] 1) Move upward from the start with ACTION1 and test whether the trigger changed access along the main vertical route toward the top black/blue structu
2026-03-20 23:20:20,636 | INFO | [actions] 1 actions: ['ACTION1']
2026-03-20 23:20:20,869 | INFO | #89 ACTION1: 52 cells changed score=0
2026-03-20 23:20:33,038 | INFO | [verify] executing 1015 chars
2026-03-20 23:20:33,039 | INFO | [verify-result] []
2026-03-20 23:20:33,040 | INFO | [reflect] Yes. ACTION1 moved the player from about (45.5, 36.0) to (40.5, 36.0) as expected. The recent trigger did not prevent normal movement on the main shaft.
2026-03-20 23:20:33,040 | INFO | [observe] The player is now at about row 40.5, col 36.0 in the central vertical route. Nearby exact knowledge: left from this general height toward col 31 was p
2026-03-20 23:20:33,040 | INFO | [strategize] 1) Continue upward with ACTION1 to advance toward the top objective; this is the clearest score-related route. 2) Only test side branches if upward be
2026-03-20 23:20:33,040 | INFO | [actions] 1 actions: ['ACTION1']
2026-03-20 23:20:33,301 | INFO | #90 ACTION1: 52 cells changed score=0
2026-03-20 23:20:44,857 | INFO | [verify] executing 920 chars
2026-03-20 23:20:44,858 | INFO | [verify-result] ['ACTION1']
2026-03-20 23:20:44,859 | INFO | [reflect] Yes. ACTION1 again moved the player 5 cells upward as expected, from about (40.5, 36.0) to (35.5, 36.0). My main-shaft assumption still holds.
2026-03-20 23:20:44,860 | INFO | [observe] The player is now at about row 35.5, col 36.0, still in the central shaft. Important nearby knowledge: left from this exact row toward col 31 was prev
2026-03-20 23:20:44,860 | INFO | [strategize] 1) Continue upward with ACTION1 to test (30.5, 36.0), since direct ascent is still the shortest path to the apparent goal. 2) Avoid ACTION3 here becau
2026-03-20 23:20:44,860 | INFO | [actions] 1 actions: ['ACTION1']
2026-03-20 23:20:45,098 | INFO | #91 ACTION1: 52 cells changed score=0
2026-03-20 23:20:58,314 | INFO | [verify] executing 806 chars
2026-03-20 23:20:58,315 | INFO | [verify-result] ['ACTION1']
2026-03-20 23:20:58,316 | INFO | [reflect] Yes. ACTION1 moved the player from about (35.5, 36.0) to (30.5, 36.0) as expected. The upward shaft continues to be open.
2026-03-20 23:20:58,317 | INFO | [observe] The player is now at about row 30.5, col 36.0. This is near the height of the pressure-plate branch to the left, but left from this exact row toward (
2026-03-20 23:20:58,317 | INFO | [strategize] 1) Move up with ACTION1 to return to the row-25 junction at (25.5, 36.0). This is both progress toward the top and access to the only known special br
2026-03-20 23:20:58,317 | INFO | [actions] 1 actions: ['ACTION1']
2026-03-20 23:20:58,550 | INFO | #92 ACTION1: 52 cells changed score=0
2026-03-20 23:21:13,531 | INFO | [verify] executing 1001 chars
2026-03-20 23:21:13,533 | INFO | [verify-result] ['ACTION1']
2026-03-20 23:21:13,535 | INFO | [reflect] Partly. ACTION1 did move the player from about (30.5, 36.0) to (25.5, 36.0) as expected, but my assumption that this would be only a normal movement step was wrong. Reaching row ~25.5 in the central s
2026-03-20 23:21:13,535 | INFO | [observe] The player is at about row 25.5, col 36.0. A large new dark_gray cluster now surrounds/extends around the top black-blue structure near row 12-24, col
2026-03-20 23:21:13,535 | INFO | [strategize] 1) Move up into the newly changed top-center region with ACTION1. This is the strongest scoring line because the trigger just modified the exact area 
2026-03-20 23:21:13,535 | INFO | [actions] 1 actions: ['ACTION1']
2026-03-20 23:21:13,775 | INFO | #93 ACTION1: 52 cells changed score=0
2026-03-20 23:21:37,856 | INFO | [verify] executing 1529 chars
2026-03-20 23:21:37,864 | INFO | [verify-result] ['ACTION1']
2026-03-20 23:21:37,865 | INFO | [reflect] Partly. ACTION1 again moved as expected, from about (25.5, 36.0) to (20.5, 36.0). But an important assumption changed: the newly appeared dark_gray top-center structure is dynamic. It shrank upward on
2026-03-20 23:21:37,865 | INFO | [observe] The player is now at about row 20.5, col 36.0, directly below the top black/blue objective cluster. The major new dark_gray structure around the top-c
2026-03-20 23:21:37,865 | INFO | [strategize] 1) Test ACTION1 again immediately. It is the best score-seeking move because the top-center gate appears to retract upward as we advance, and the targ
2026-03-20 23:21:37,865 | INFO | [actions] 1 actions: ['ACTION1']
2026-03-20 23:21:38,112 | INFO | #94 ACTION1: 52 cells changed score=0
2026-03-20 23:21:54,046 | INFO | [verify] executing 1417 chars
2026-03-20 23:21:54,048 | INFO | [verify-result] ['ACTION1']
2026-03-20 23:21:54,049 | INFO | [reflect] Yes. ACTION1 again worked and advanced the player from about (20.5, 36.0) to (15.5, 36.0). The key corrected understanding is that the top-center dark_gray structure keeps retracting/opening as we mov
2026-03-20 23:21:54,050 | INFO | [observe] The player is now at about row 15.5, col 36.0, almost overlapping the top-center objective cluster. The black object around row ~11.6, col ~36 has shr
2026-03-20 23:21:54,050 | INFO | [strategize] 1) Move up with ACTION1 one more time to enter/contact the top-center target zone. This is the highest-probability scoring move because we are now dir
2026-03-20 23:21:54,050 | INFO | [actions] 1 actions: ['ACTION1']
2026-03-20 23:21:54,442 | INFO | #95 ACTION1: 0 cells changed score=0
2026-03-20 23:22:07,753 | INFO | [verify] executing 998 chars
2026-03-20 23:22:07,754 | INFO | [verify-result] ['ACTION3']
2026-03-20 23:22:07,754 | INFO | [reflect] No. ACTION1 did not produce the expected upward advance; it caused 0 cells changed, so up from about (15.5, 36.0) is blocked. My prior assumption that one more straight-up move would enter the goal wa
2026-03-20 23:22:07,755 | INFO | [observe] The player remains at about row 15.5, col 36.0. The top-center structure is still clustered around rows 8-16 and cols 32-40, with the small blue targe
2026-03-20 23:22:07,755 | INFO | [strategize] 1) Try ACTION3 to shift left at the current height, because the likely target is slightly left of center and upward is blocked. 2) If left succeeds, f
2026-03-20 23:22:07,755 | INFO | [actions] 1 actions: ['ACTION3']
2026-03-20 23:22:07,996 | INFO | #96 ACTION3: BLOCKED score=0
2026-03-20 23:22:21,997 | INFO | [verify] executing 1041 chars
2026-03-20 23:22:21,997 | INFO | [verify-result] ['ACTION4']
2026-03-20 23:22:21,997 | INFO | [reflect] No. ACTION3 did not move the player; only the routine dark_gray bar changed, so left from about (15.5, 36.0) is blocked. My assumption that the target could be reached by shifting left toward col 35 w
2026-03-20 23:22:21,998 | INFO | [observe] The player is still at about row 15.5, col 36.0. The top-center chamber remains the active area: dark_gray sparse cluster bbox rows 8-16, cols 32-40; 
2026-03-20 23:22:21,998 | INFO | [strategize] 1) Try ACTION4 to probe the chamber's right side, since up and left are blocked at the current height. 2) If right succeeds, next turn test up or left
2026-03-20 23:22:21,998 | INFO | [actions] 1 actions: ['ACTION4']
2026-03-20 23:22:22,230 | INFO | #97 ACTION4: BLOCKED score=0
2026-03-20 23:22:41,598 | INFO | [verify] executing 1108 chars
2026-03-20 23:22:41,600 | INFO | [verify-result] ['ACTION2', 'ACTION3']
2026-03-20 23:22:41,601 | INFO | [reflect] No. ACTION4 did not move the player; only the routine dark_gray bar changed, so right from about (15.5, 36.0) is blocked. That means all three immediate directions in the top chamber entrance are bloc
2026-03-20 23:22:41,601 | INFO | [observe] The player is still at about row 15.5, col 36.0. The top-center chamber/objective cluster is unchanged in layout, centered around rows 8-19 and cols 3
2026-03-20 23:22:41,602 | INFO | [strategize] 1) Step down with ACTION2 to exit the dead-end tile at (15.5, 36.0). This is the only direction not yet disproven there. 2) Then probe left with ACTIO
2026-03-20 23:22:41,602 | INFO | [actions] 2 actions: ['ACTION2', 'ACTION3']
2026-03-20 23:22:41,850 | INFO | #98 ACTION2: 52 cells changed score=0
2026-03-20 23:22:42,085 | INFO | #99 ACTION3: BLOCKED score=0
2026-03-20 23:22:55,944 | INFO | [verify] executing 941 chars
2026-03-20 23:22:55,948 | INFO | [verify-result] ['ACTION4']
2026-03-20 23:22:55,949 | INFO | [reflect] Partly. ACTION2 worked as expected and moved the player down to about (20.5, 36.0), but the follow-up assumption that left would open from this lower row was wrong: ACTION3 was blocked again. Importan
2026-03-20 23:22:55,949 | INFO | [observe] The player is now at row 20.5, col 36.0. The top-center composite grew back downward: dark_gray sparse cluster expanded to rows 8-19 and the black mas
2026-03-20 23:22:55,949 | INFO | [strategize] 1) Test ACTION4 from (20.5, 36.0), since it is the only untested lateral option at this row and may reveal a side approach into the top chamber. 2) Av
2026-03-20 23:22:55,949 | INFO | [actions] 1 actions: ['ACTION4']
2026-03-20 23:22:56,185 | INFO | #100 ACTION4: BLOCKED score=0
2026-03-20 23:22:56,186 | INFO | ============================================================
2026-03-20 23:22:56,186 | INFO | FINISHED: actions=100 state=NOT_FINISHED score=0 deaths=0 llm_calls=83 time=1292.8s
2026-03-20 23:22:56,186 | INFO | Verified rules: ['ACTION1 moves the player 5 cells up.', 'The orange-blue composite is the controllable player/avatar.', 'The dark_gray bar changes on every action and should be treated as a routine per-action effect, not a direct movement consequence.', 'Sampled value 5 likely corresponds to walls/background and should be avoided.', "The player can occupy a sampled cell with value 12 because that includes the player's own sprite.", 'The dark_gray/yellow bar changes on every action and should be treated as a routine per-action effect.', 'A non-5 sampled cell is not guaranteed traversable at exact position; the coarse grid can miss narrow walls.', 'If a lateral move is blocked from one row, changing vertical position before retrying can reveal a corridor junction.', 'Left movement is blocked from at least rows 35.5 and 30.5 at col 36, implying a continuous wall on the left side of the current shaft.', 'The left passage becomes accessible after moving up to about row 25.5.']
2026-03-20 23:22:56,186 | INFO | ============================================================
2026-03-20 23:22:56,611 | INFO | --- SCORECARD ---
2026-03-20 23:22:56,616 | INFO | {
  "source_url": null,
  "tags": [
    "wrapper",
    "agent"
  ],
  "opaque": null,
  "card_id": "0399136e-f100-4978-8893-80f34e8ddb32",
  "api_key": null,
  "score": 0.0,
  "environments": [
    {
      "id": "ls20-9607627b",
      "runs": [
        {
          "id": null,
          "guid": "7754f5e3-db29-4fdf-af3d-fbf8ba38d9e9",
          "score": 0.0,
          "levels_completed": 0,
          "actions": 0,
          "resets": 0,
          "state": "NOT_FINISHED",
          "completed": false,
          "level_scores": [
            0.0,
            0.0,
            0.0,
            0.0,
            0.0,
            0.0,
            0.0
          ],
          "level_actions": [
            0,
            0,
            0,
            0,
            0,
            0,
            0
          ],
          "level_baseline_actions": [
            21,
            123,
            39,
            92,
            54,
            108,
            109
          ],
          "number_of_levels": null,
          "number_of_environments": 0,
          "message": null
        },
        {
          "id": null,
          "guid": "7754f5e3-db29-4fdf-af3d-fbf8ba38d9e9",
          "score": 0.0,
          "levels_completed": 0,
          "actions": 100,
          "resets": 0,
          "state": "NOT_FINISHED",
          "completed": false,
          "level_scores": [
            0.0,
            0.0,
            0.0,
            0.0,
            0.0,
            0.0,
            0.0
          ],
          "level_actions": [
            100,
            0,
            0,
            0,
            0,
            0,
            0
          ],
          "level_baseline_actions": [
            21,
            123,
            39,
            92,
            54,
            108,
            109
          ],
          "number_of_levels": null,
          "number_of_environments": 0,
          "message": null
        }
      ],
      "score": 0.0,
      "actions": 100,
      "levels_completed": 0,
      "completed": false,
      "level_count": 7,
      "resets": 0
    }
  ],
  "tags_scores": [
    {
      "id": "keyboard",
      "guid": null,
      "score": 0.0,
      "levels_completed": 0,
      "actions": 0,
      "resets": null,
      "state": null,
      "completed": null,
      "level_scores": null,
      "level_actions": null,
      "level_baseline_actions": null,
      "number_of_levels": 7,
      "number_of_environments": 1,
      "message": null
    }
  ],
  "competition_mode": false,
  "total_environments_completed": 0,
  "total_environments": 1,
  "total_levels_completed": 0,
  "total_levels": 7,
  "total_actions": 100
}
