2026-03-19 17:59:31,932 | INFO | ============================================================
2026-03-19 17:59:31,933 | INFO | Probe+Observe Agent on ls20
2026-03-19 17:59:31,933 | INFO | ============================================================
2026-03-19 17:59:33,223 | INFO | [probe] ACTION1: 52 cells changed
  orange: center [45, 41]→[40, 41]
  blue: center [48, 41]→[43, 41]
  yellow: center [61, 33]→[61, 34], size 84→82
ACTION2: 52 cells changed
  dark_gray: size 2→4
  orange: center [40, 41]→[45, 41]
  blue: center [43, 41]→[48, 41]
  yellow: size 82→80
ACTION3: 52 cells changed
  dark_gray: center [61, 13]→[61, 14], size 4→6
  orange: center [45, 41]→[45, 36]
  blue: center [48, 41]→[48, 36]
  yellow: center [61, 34]→[61, 35], size 80→78
ACTION4: 52 cells changed
  dark_gray: size 6→8
  orange: center [45, 36]→[45, 41]
  blue: center [48, 36]→[48, 41]
  yellow: size 78→76
2026-03-19 17:59:45,797 | INFO | [code] executing 90 chars
2026-03-19 17:59:45,797 | INFO | [code-result] {'player_like_objects': []}
2026-03-19 17:59:45,798 | INFO | [rule+] Each available action causes a fixed movement of the orange and blue pieces together.
2026-03-19 17:59:45,798 | INFO | [rule+] ACTION1/ACTION2 are opposite vertical moves; ACTION3/ACTION4 are opposite horizontal moves.
2026-03-19 17:59:45,798 | INFO | [rule+] Every action consumes the same amount of a yellow HUD resource and increases a dark_gray HUD indicator.
2026-03-19 17:59:45,798 | INFO | [observe] Initial probing shows ACTION1/ACTION2 move the orange and blue player pieces vertically by 5 cells (up/down), while ACTION3/ACTION4 move them horizontally by 5 cells (left/right). Every action also ad
2026-03-19 17:59:45,798 | INFO | [testing] The yellow bottom bar is a finite action timer/health that decreases by 2 on every action, and the dark_gray segment marks spent actions/progress through that bar.
2026-03-19 17:59:45,798 | INFO | [predicts] After each action, yellow size should drop by 2 and/or shift right by 1 while dark_gray grows by 2 in a consistent HUD pattern, independent of movement direction.
2026-03-19 17:59:45,798 | INFO | [hypotheses] 3 claims (0 rejected)
2026-03-19 17:59:45,798 | INFO | [actions] ['ACTION1', 'ACTION3']
2026-03-19 17:59:46,127 | INFO | #5 ACTION1: 52 cells changed score=0
2026-03-19 17:59:46,431 | INFO | #6 ACTION3: 52 cells changed score=0
2026-03-19 17:59:58,307 | INFO | [code] executing 59 chars
2026-03-19 17:59:58,308 | INFO | [code-result] {'orange_center': (40, 36), 'blue_center': (43, 36)}
2026-03-19 17:59:58,308 | INFO | [rule+] Sequential actions compose additively: performing one vertical and one horizontal move places the pair at the vector sum of those 5-cell steps.
2026-03-19 17:59:58,308 | INFO | [observe] The last executed plan was ACTION1 then ACTION3, and the orange/blue pair moved from about (45,41)/(48,41) to (40,36)/(43,36): exactly 5 up and 5 left, matching composition of the known movement vecto
2026-03-19 17:59:58,308 | INFO | [testing] The yellow bar is a per-action resource meter and dark_gray marks spent resource; each action reduces yellow by a fixed amount independent of direction or success.
2026-03-19 17:59:58,308 | INFO | [predicts] After ACTION3, yellow should shrink by the same fixed amount and dark_gray should grow by the same amount whether or not movement succeeds.
2026-03-19 17:59:58,308 | INFO | [hypotheses] 3 claims (0 rejected)
2026-03-19 17:59:58,308 | INFO | [actions] ['ACTION3']
2026-03-19 17:59:58,614 | INFO | #7 ACTION3: BLOCKED score=0
2026-03-19 18:00:10,394 | INFO | [code] executing 118 chars
2026-03-19 18:00:10,394 | INFO | [code-result] {'orange_center': (40, 36), 'blue_center': (43, 36), 'plan_target': 'approach_white_cross_via_up_up_left_left'}
2026-03-19 18:00:10,395 | INFO | [rule+] Blocked movement attempts do not move the orange/blue avatar but still consume the same fixed yellow resource and increase dark_gray by the same amount.
2026-03-19 18:00:10,395 | INFO | [observe] The last attempted ACTION3 was blocked in terms of avatar movement: orange/blue stayed at (40,36)/(43,36), while only the HUD changed in the standard way (yellow decreased by 2, dark_gray increased by
2026-03-19 18:00:10,395 | INFO | [testing] The white cross is an interactable goal/switch that may trigger level completion or another state change when the avatar reaches it.
2026-03-19 18:00:10,395 | INFO | [predicts] These moves should navigate the avatar from the current position toward the white cross area; if contact matters, reaching/overlapping that area should cause a non-HUD change such as level completion, object change, or a new interaction.
2026-03-19 18:00:10,395 | INFO | [hypotheses] 3 claims (0 rejected)
2026-03-19 18:00:10,395 | INFO | [actions] ['ACTION1', 'ACTION1', 'ACTION3', 'ACTION3']
2026-03-19 18:00:10,704 | INFO | #8 ACTION1: 52 cells changed score=0
2026-03-19 18:00:10,817 | INFO | #9 ACTION1: 52 cells changed score=0
2026-03-19 18:00:11,114 | INFO | #10 ACTION3: BLOCKED score=0
2026-03-19 18:00:24,930 | INFO | [code] executing 154 chars
2026-03-19 18:00:24,931 | INFO | [code-result] {'orange_center': (30, 36), 'blue_center': (33, 36), 'next_test': ['ACTION1', 'ACTION3'], 'goal': 'check whether left passage opens one row higher'}
2026-03-19 18:00:24,931 | INFO | [rule+] No remote world objects have yet responded to movement alone; observed changes so far are limited to avatar displacement and fixed HUD updates.
2026-03-19 18:00:24,932 | INFO | [observe] The executed sequence effectively was UP, LEFT(blocked), UP, UP, LEFT(blocked). Net result: the avatar moved from orange/blue centers (40,36)/(43,36) to (30,36)/(33,36), i.e. 10 cells upward total, wi
2026-03-19 18:00:24,932 | INFO | [testing] The room may require some other trigger before the left passage opens (for example reaching a certain row or touching another object), so repeated navigation alone will not access the cross yet.
2026-03-19 18:00:24,932 | INFO | [predicts] Even after moving up, ACTION3 will remain blocked with no environmental change, implying the barrier is not just geometric at the current row.
2026-03-19 18:00:24,932 | INFO | [hypotheses] 3 claims (0 rejected)
2026-03-19 18:00:24,932 | INFO | [actions] ['ACTION1', 'ACTION3']
2026-03-19 18:00:25,240 | INFO | #11 ACTION1: 52 cells changed score=0
2026-03-19 18:00:25,351 | INFO | #12 ACTION3: 52 cells changed score=0
2026-03-19 18:00:36,810 | INFO | [code] executing 164 chars
2026-03-19 18:00:36,811 | INFO | [code-result] {'orange_center': (25, 31), 'blue_center': (28, 31), 'planned_test': ['ACTION3', 'ACTION3'], 'white_cross_center': (31, 21), 'vector_to_cross': (6, -10)}
2026-03-19 18:00:36,812 | INFO | [rule+] Passability is determined by room geometry: a direction blocked at one row can become open after moving to a different row.
2026-03-19 18:00:36,812 | INFO | [observe] The prior test resolved: after several upward moves, a left move finally succeeded. The avatar pair moved from orange/blue centers (30,36)/(33,36) to (25,31)/(28,31), meaning the corridor does open to
2026-03-19 18:00:36,812 | INFO | [testing] The white cross is the likely objective/interactable, and now that the upper-left passage is open, continuing left should let us approach or contact it.
2026-03-19 18:00:36,812 | INFO | [predicts] One or both left moves succeed, placing the avatar nearer to or onto the white cross area; if the cross is interactive, reaching it may trigger a visible world change or level completion.
2026-03-19 18:00:36,813 | INFO | [hypotheses] 3 claims (0 rejected)
2026-03-19 18:00:36,813 | INFO | [actions] ['ACTION3', 'ACTION3']
2026-03-19 18:00:37,118 | INFO | #13 ACTION3: 52 cells changed score=0
2026-03-19 18:00:37,425 | INFO | #14 ACTION3: 52 cells changed score=0
2026-03-19 18:00:48,866 | INFO | [code] executing 163 chars
2026-03-19 18:00:48,867 | INFO | [code-result] {'orange_center': (25, 21), 'blue_center': (28, 21), 'white_cross_center': (31, 21), 'vector_orange_to_cross': (6, 0), 'suggested_test': ['ACTION2']}
2026-03-19 18:00:48,867 | INFO | [observe] Two successful left moves occurred: the orange/blue avatar shifted from centers (25,31)/(28,31) to (25,21)/(28,21), exactly 10 cells left, with no other world changes besides the usual HUD resource lo
2026-03-19 18:00:48,868 | INFO | [testing] The white cross is an interactive/objective tile, but activation requires stepping down onto or adjacent to it rather than merely entering the chamber from above.
2026-03-19 18:00:48,868 | INFO | [predicts] A downward move from the current position succeeds and either places the avatar closer to/over the cross with a visible world change, level completion, or some distinct response beyond normal movement.
2026-03-19 18:00:48,868 | INFO | [hypotheses] 3 claims (0 rejected)
2026-03-19 18:00:48,868 | INFO | [actions] ['ACTION2']
2026-03-19 18:00:49,201 | INFO | #15 ACTION2: 120 cells changed score=0
2026-03-19 18:01:03,021 | INFO | [code] executing 227 chars
2026-03-19 18:01:03,022 | INFO | [code-result] {'orange_center': (30, 21), 'blue_center': (33, 21), 'consumed_cross': True, 'new_white_cluster_center': (12, 36), 'alcove_blue_center': (56, 6), 'suggested_test': ['ACTION1', 'ACTION1', 'ACTION1']}
2026-03-19 18:01:03,022 | INFO | [rule+] Stepping onto certain white tiles can trigger remote level changes: the touched white object disappears and other world objects elsewhere in the room can appear, disappear, or transform.
2026-03-19 18:01:03,023 | INFO | [observe] ACTION2 moved the avatar down onto the white cross area and caused a distinct world response: the small white cross at (31,21) disappeared, a larger white-marked structure appeared in the upper-left r
2026-03-19 18:01:03,023 | INFO | [testing] Stepping on special white tiles toggles remote objects generally; this level may require multiple such triggers rather than directly reaching the transformed alcove object next.
2026-03-19 18:01:03,023 | INFO | [predicts] On returning upward we should discover additional newly enabled routes or other white trigger tiles, not a single obvious endpoint.
2026-03-19 18:01:03,023 | INFO | [hypotheses] 3 claims (0 rejected)
2026-03-19 18:01:03,023 | INFO | [actions] ['ACTION1', 'ACTION1', 'ACTION1']
2026-03-19 18:01:03,330 | INFO | #16 ACTION1: 52 cells changed score=0
2026-03-19 18:01:03,445 | INFO | #17 ACTION1: BLOCKED score=0
2026-03-19 18:01:19,815 | INFO | [code] executing 248 chars
2026-03-19 18:01:19,816 | INFO | [code-result] {'orange_center': (25, 21), 'blue_center': (28, 21), 'white_cross_present': True, 'upper_left_white_cluster_center': (12, 36), 'top_alcove_blue_center': (56, 6)}
2026-03-19 18:01:19,822 | INFO | [rule+] At least some white trigger tiles are not permanently consumed; after leaving the triggered area, a previously vanished white tile can reappear, implying reversible or resettable trigger behavior.
2026-03-19 18:01:19,822 | INFO | [observe] The last successful move was ACTION1, moving the avatar up from orange (30,21)/blue (33,21) to (25,21)/(28,21). No new remote mechanism fired. A near-black region at about (38,29) disappeared while a 
2026-03-19 18:01:19,822 | INFO | [testing] Special white tiles are general toggles and this level likely needs multiple trigger interactions; neither the upper-left cluster nor the alcove alone is sufficient. Reappearance of the cross is evidence of a reusable switch.
2026-03-19 18:01:19,822 | INFO | [predicts] Exploration left should reveal additional trigger-like white objects or routes rather than an immediate endpoint.
2026-03-19 18:01:19,822 | INFO | [hypotheses] 3 claims (0 rejected)
2026-03-19 18:01:19,822 | INFO | [actions] ['ACTION3']
2026-03-19 18:01:20,123 | INFO | #18 ACTION3: 52 cells changed score=0
2026-03-19 18:01:31,435 | INFO | [observe] The last tested move was ACTION3 from orange/blue centers (25,21)/(28,21), and it succeeded, shifting both pieces 5 cells left to (25,16)/(28,16). No remote objects changed; only the avatar and HUD ch
2026-03-19 18:01:31,436 | INFO | [testing] The upper-left room is a real route toward the upper-left white cluster/trigger area; continuing left from the current position should remain traversable and move us closer to that cluster rather than forcing an immediate return to the corridor.
2026-03-19 18:01:31,436 | INFO | [predicts] ACTION3 succeeds again, moving the avatar another 5 cells left from centers (25,16)/(28,16) to about (25,11)/(28,11), indicating the leftward route continues toward the upper-left structures.
2026-03-19 18:01:31,436 | INFO | [hypotheses] 3 claims (1 rejected)
2026-03-19 18:01:31,436 | INFO | [actions] ['ACTION3']
2026-03-19 18:01:31,698 | INFO | #19 ACTION3: BLOCKED score=0
2026-03-19 18:01:43,774 | INFO | [observe] The last ACTION3 was blocked: only the HUD changed (yellow resource decreased by 2, dark_gray indicator increased by 2) and the orange/blue avatar did not move from centers about (25,16)/(28,16). This
2026-03-19 18:01:43,774 | INFO | [testing] The alcove is fully exhausted except for retreat; both left and up are blocked here, so progress requires backing right/down toward the central corridor or revisiting the white cross trigger.
2026-03-19 18:01:43,775 | INFO | [predicts] ACTION1 is blocked, matching the idea that only retreat remains.
2026-03-19 18:01:43,775 | INFO | [hypotheses] 3 claims (0 rejected)
2026-03-19 18:01:43,775 | INFO | [actions] ['ACTION1']
2026-03-19 18:01:44,022 | INFO | #20 ACTION1: BLOCKED score=0
2026-03-19 18:01:57,802 | INFO | [observe] The last tested move was ACTION1 from the upper-left alcove, and it was blocked: only the HUD changed (yellow resource decreased, dark_gray increased) while the orange/blue avatar stayed at about (25,
2026-03-19 18:01:57,803 | INFO | [testing] Special white tiles are reusable state toggles/pressure plates, so after escaping this alcove, progress will require stepping on and off the white cross and/or other white clusters to alter remote passages rather than simply reaching a destination once.
2026-03-19 18:01:57,803 | INFO | [predicts] Returning to a white tile later should cause reversible remote changes such as white objects disappearing/reappearing or routes opening/closing when entered and exited.
2026-03-19 18:01:57,803 | INFO | [hypotheses] 3 claims (0 rejected)
2026-03-19 18:01:57,803 | INFO | [actions] ['ACTION4', 'ACTION4', 'ACTION2']
2026-03-19 18:01:58,111 | INFO | #21 ACTION4: 52 cells changed score=0
2026-03-19 18:01:58,219 | INFO | #22 ACTION4: 52 cells changed score=0
2026-03-19 18:01:58,519 | INFO | #23 ACTION2: 52 cells changed score=0
2026-03-19 18:02:13,877 | INFO | [observe] The queued actions after the last plan moved the avatar from the upper-left alcove to orange (30,26) / blue (33,26), i.e. two successful ACTION4 moves (right 10 total) and one successful ACTION2 move 
2026-03-19 18:02:13,877 | INFO | [testing] The white cross at (31,21) is an active reusable trigger tile; stepping left onto it from the current position will cause a remote level change in addition to the normal avatar move.
2026-03-19 18:02:13,877 | INFO | [predicts] ACTION3 succeeds to about orange (30,21) / blue (33,21), and the symbolic diff/image show more than the usual 52-cell avatar+HUD change: the white cross may disappear or some distant white/black/blue structure changes.
2026-03-19 18:02:13,878 | INFO | [hypotheses] 3 claims (0 rejected)
2026-03-19 18:02:13,878 | INFO | [actions] ['ACTION3']
2026-03-19 18:02:14,184 | INFO | #24 ACTION3: 120 cells changed score=0
2026-03-19 18:03:24,936 | INFO | [rule+] At least some white trigger tiles can simultaneously alter multiple distant regions/objects in one activation, functioning as remote layout toggles rather than local pickups.
2026-03-19 18:03:24,937 | INFO | [observe] ACTION3 moved the orange/blue pair left onto the white cross at (31,21), and this produced a nonstandard 120-cell change. The white cross disappeared, confirming it is an active trigger. Remote geomet
2026-03-19 18:03:24,937 | INFO | [testing] The white cross is a reversible pressure plate: standing on it activates a remote configuration, and stepping off it will restore the previous layout including reappearing white tiles/old obstacle shapes.
2026-03-19 18:03:24,937 | INFO | [predicts] ACTION4 moves right off the plate to about orange (30,26) / blue (33,26), and the remote changes reverse: the cross reappears and/or the distant white/black structures revert toward their prior state.
2026-03-19 18:03:24,937 | INFO | [hypotheses] 3 claims (0 rejected)
2026-03-19 18:03:24,937 | INFO | [actions] ['ACTION4']
2026-03-19 18:03:25,244 | INFO | #25 ACTION4: 52 cells changed score=0
2026-03-19 18:03:36,511 | INFO | [observe] ACTION4 successfully moved the orange/blue pair 5 cells right off the white cross. This did not merely leave the world unchanged: a large black region at the upper-left disappeared, and the white cros
2026-03-19 18:03:36,511 | INFO | [testing] The white cross is a reversible pressure plate: being on it activates a remote layout, and stepping off restores the prior layout including the cross reappearing and remote black structures reverting.
2026-03-19 18:03:36,511 | INFO | [predicts] Moving left back onto the cross makes the white cross disappear again and restores the remote black region that vanished on exit, recreating the prior 'plate pressed' state.
2026-03-19 18:03:36,512 | INFO | [hypotheses] 3 claims (0 rejected)
2026-03-19 18:03:36,512 | INFO | [actions] ['ACTION3']
2026-03-19 18:03:36,815 | INFO | #26 ACTION3: 60 cells changed score=0
2026-03-19 18:03:47,871 | INFO | [observe] The planned re-entry test succeeded: moving left onto the white cross made the white cross at (31,21) disappear again and the large upper-left black region reappear (size 208 at top rows). This recrea
2026-03-19 18:03:47,871 | INFO | [testing] The cross controls a binary remote gate, and the practical use is to carry the avatar off the plate while preserving the desired remote state via some second mechanism elsewhere.
2026-03-19 18:03:47,871 | INFO | [predicts] Moving up off the plate should restore the off-plate state immediately: the white cross reappears and the upper-left black barrier disappears again. This would show the gate is tied directly to current occupancy and cannot be left active just by stepping away.
2026-03-19 18:03:47,871 | INFO | [hypotheses] 3 claims (1 rejected)
2026-03-19 18:03:47,871 | INFO | [actions] ['ACTION1']
2026-03-19 18:03:48,105 | INFO | #27 ACTION1: 52 cells changed score=0
2026-03-19 18:03:59,339 | INFO | [observe] ACTION1 moved the orange/blue pair 5 cells upward off the white cross area. As predicted, the white cross at (31,21) reappeared and the remote upper-left black barrier disappeared. This confirms the p
2026-03-19 18:03:59,340 | INFO | [testing] The upper corridor leading toward the blue object near the top is the likely objective path, and the plate-controlled barrier exists to regulate access to that region rather than the local room.
2026-03-19 18:03:59,340 | INFO | [predicts] As we explore upward/off-plate, we should find passable routes that connect toward the top-center corridor and eventually the blue target-like object.
2026-03-19 18:03:59,340 | INFO | [hypotheses] 3 claims (0 rejected)
2026-03-19 18:03:59,340 | INFO | [actions] ['ACTION1', 'ACTION3', 'ACTION4']
2026-03-19 18:03:59,646 | INFO | #28 ACTION1: BLOCKED score=0
2026-03-19 18:04:13,510 | INFO | [observe] The last attempted ACTION1 was blocked. Only the HUD changed: yellow resource decreased by the usual amount and dark_gray increased by the usual amount. The orange/blue avatar remains at (25,21)/(28,2
2026-03-19 18:04:13,510 | INFO | [testing] The upper corridor leading toward the blue object is the likely objective path, but it is not directly reachable from the current off-plate alcove; access probably requires approaching from another row/column or with the opposite plate state.
2026-03-19 18:04:13,511 | INFO | [predicts] A successful left move without any new access upward supports the idea that we must reposition elsewhere before trying for the top corridor again.
2026-03-19 18:04:13,511 | INFO | [hypotheses] 3 claims (0 rejected)
2026-03-19 18:04:13,511 | INFO | [actions] ['ACTION3']
2026-03-19 18:04:13,737 | INFO | #29 ACTION3: 52 cells changed score=0
2026-03-19 18:04:25,654 | INFO | [observe] ACTION3 succeeded, moving the orange/blue avatar 5 cells left from (25,21)/(28,21) to (25,16)/(28,16). No remote objects changed; only the avatar and HUD updated. This rejects the dead-end-left idea a
2026-03-19 18:04:25,654 | INFO | [testing] The upper corridor is reachable from this left-shifted position; moving up now should succeed and advance toward the top blue-marked area without needing to reactivate the plate.
2026-03-19 18:04:25,654 | INFO | [predicts] ACTION1 succeeds, moving the avatar 5 cells upward from the current corridor position, with no remote changes beyond HUD. This would show the route to the top branch is accessed by first moving left, then up.
2026-03-19 18:04:25,654 | INFO | [hypotheses] 3 claims (0 rejected)
2026-03-19 18:04:25,654 | INFO | [actions] ['ACTION1']
2026-03-19 18:04:25,963 | INFO | #30 ACTION1: BLOCKED score=0
2026-03-19 18:04:36,815 | INFO | [observe] The last attempted ACTION1 was blocked: only the yellow resource decreased and the dark_gray counter increased, with no avatar displacement and no remote object changes. This rejects the prior testing
2026-03-19 18:04:36,815 | INFO | [testing] This upper-left area is a lateral shelf only; from the current position, further left movement is the way to continue exploring, while upward remains blocked here.
2026-03-19 18:04:36,815 | INFO | [predicts] ACTION3 succeeds, shifting orange/blue 5 cells left with no remote changes, showing the shelf extends farther left and may connect elsewhere.
2026-03-19 18:04:36,815 | INFO | [hypotheses] 3 claims (0 rejected)
2026-03-19 18:04:36,815 | INFO | [actions] ['ACTION3']
2026-03-19 18:04:37,122 | INFO | #31 ACTION3: BLOCKED score=0
2026-03-19 18:04:50,124 | INFO | [observe] The last attempted ACTION3 was blocked exactly as the prior ACTION1 was blocked: only the HUD changed (yellow resource decreased by 2; dark_gray indicator increased by 2) and the orange/blue avatar st
2026-03-19 18:04:50,124 | INFO | [testing] This alcove may be a one-way or state-sensitive pocket where even the apparent exit can become blocked, meaning movement options here depend on the pair's footprint/orientation against walls rather than simple corridor centerlines.
2026-03-19 18:04:50,124 | INFO | [predicts] ACTION4 is blocked despite having entered from the right earlier, indicating more complex collision/fit behavior than a normal corridor dead end.
2026-03-19 18:04:50,124 | INFO | [hypotheses] 3 claims (0 rejected)
2026-03-19 18:04:50,124 | INFO | [actions] ['ACTION4']
2026-03-19 18:04:50,433 | INFO | #32 ACTION4: 52 cells changed score=0
2026-03-19 18:05:02,208 | INFO | [observe] ACTION4 succeeded exactly as expected: the orange/blue pair moved 5 cells right from the blocked left nook back to column 21, with only the usual yellow-resource decrease and dark-gray counter increas
2026-03-19 18:05:02,208 | INFO | [testing] Movement options near this junction depend on the pair's footprint against corridor width, so a direction that looks open in the image may still be blocked for the two-piece avatar even though the alcove itself was escapable.
2026-03-19 18:05:02,208 | INFO | [predicts] A seemingly open move such as right is blocked, while another direction from the same junction may work, indicating shape/fit constraints rather than simple centerline navigation.
2026-03-19 18:05:02,208 | INFO | [hypotheses] 3 claims (0 rejected)
2026-03-19 18:05:02,208 | INFO | [actions] ['ACTION4', 'ACTION2']
2026-03-19 18:05:02,434 | INFO | #33 ACTION4: 52 cells changed score=0
2026-03-19 18:05:02,657 | INFO | #34 ACTION2: 52 cells changed score=0
2026-03-19 18:05:12,344 | INFO | [observe] The last action moved the orange/blue pair diagonally down-right relative to the prior frame, ending with orange at (30,26) and blue at (33,26). No remote world objects changed; only the avatar and th
2026-03-19 18:05:12,344 | INFO | [testing] Movement near this room edge is constrained by the two-piece avatar footprint, so a visually open rightward path may still be blocked at this exact row even though the room itself is open.
2026-03-19 18:05:12,344 | INFO | [predicts] ACTION4 is blocked despite visible floor to the right, indicating shape/fit constraints dominate here.
2026-03-19 18:05:12,344 | INFO | [hypotheses] 3 claims (0 rejected)
2026-03-19 18:05:12,344 | INFO | [actions] ['ACTION4']
2026-03-19 18:05:12,652 | INFO | #35 ACTION4: BLOCKED score=0
2026-03-19 18:05:23,957 | INFO | [observe] The last attempted ACTION4 was blocked. Only the HUD changed: yellow resource decreased by 2 and dark_gray increased by 2, with no avatar displacement and no remote world changes. This rejects the imm
2026-03-19 18:05:23,957 | INFO | [testing] The central room is mostly a dead end from this elevation, and progress requires changing row first rather than using the trigger; a horizontal move now will not reveal anything new.
2026-03-19 18:05:23,958 | INFO | [predicts] ACTION3 gives no meaningful new access or remote effect, suggesting the next productive test after that should be vertical repositioning.
2026-03-19 18:05:23,958 | INFO | [hypotheses] 3 claims (0 rejected)
2026-03-19 18:05:23,958 | INFO | [actions] ['ACTION3']
2026-03-19 18:05:24,219 | INFO | #36 ACTION3: 60 cells changed score=0
2026-03-19 18:05:38,249 | INFO | [observe] ACTION3 moved the orange/blue pair 5 cells left from center x=26 to x=21 and, crucially, the white tile at about (31,21) disappeared at the same time. A large black rectangle also appeared across the 
2026-03-19 18:05:38,250 | INFO | [testing] The white tile is a reversible remote layout toggle: standing on/covering it activates a room-state change (including the new top black barrier), and moving off it should restore the white tile and revert the remote geometry.
2026-03-19 18:05:38,250 | INFO | [predicts] ACTION4 moves the pair 5 cells right off the trigger; the white tile reappears and the remote black top barrier and related remote changes revert/disappear.
2026-03-19 18:05:38,250 | INFO | [hypotheses] 3 claims (0 rejected)
2026-03-19 18:05:38,250 | INFO | [actions] ['ACTION4']
2026-03-19 18:05:38,555 | INFO | #37 ACTION4: 52 cells changed score=0
2026-03-19 18:05:48,692 | INFO | [observe] ACTION4 moved the orange/blue pair 5 cells right from centers (30,21)/(33,21) to (30,26)/(33,26). Simultaneously, the white tile at about (31,21) reappeared and the large black strip across the top di
2026-03-19 18:05:48,692 | INFO | [testing] The useful purpose of this switch is to toggle passability/openings elsewhere in the room, so progress depends on choosing whether the avatar is on or off the switch before navigating.
2026-03-19 18:05:48,692 | INFO | [predicts] Moving left back onto the white tile should again remove the white tile and restore the remote black top barrier/opening state, confirming a controllable on/off layout toggle we can exploit.
2026-03-19 18:05:48,692 | INFO | [hypotheses] 3 claims (1 rejected)
2026-03-19 18:05:48,693 | INFO | [actions] ['ACTION3']
2026-03-19 18:05:49,004 | INFO | #38 ACTION3: 120 cells changed score=0
2026-03-19 18:06:02,206 | INFO | [observe] ACTION3 moved the orange/blue pair 5 cells left from centers (30,26)/(33,26) to (30,21)/(33,21), placing them back onto the white tile at ~31,21. The white tile disappeared again, matching occupancy-t
2026-03-19 18:06:02,206 | INFO | [testing] The remote changes near the upper-right blue/black/white cluster are the actual target of the switch, potentially controlling access to a goal area rather than the nearby local corridor.
2026-03-19 18:06:02,206 | INFO | [predicts] A path should eventually become navigable toward the upper-right structure only in one switch state.
2026-03-19 18:06:02,206 | INFO | [hypotheses] 3 claims (0 rejected)
2026-03-19 18:06:02,206 | INFO | [actions] ['ACTION1', 'ACTION1', 'ACTION3', 'ACTION3']
2026-03-19 18:06:02,518 | INFO | #39 ACTION1: 52 cells changed score=0
2026-03-19 18:06:02,626 | INFO | #40 ACTION1: BLOCKED score=0
2026-03-19 18:06:14,355 | INFO | [observe] The last tested move was ACTION1 from the switch position. It succeeded: orange/blue moved up by 5 cells from centers (30,21)/(33,21) to (25,21)/(28,21). Simultaneously the small white tile at (31,21)
2026-03-19 18:06:14,356 | INFO | [testing] The remote changes near the upper-right blue/black/white cluster are the real target of the switch, while the local corridor near the switch is mostly unaffected except for occupancy reset.
2026-03-19 18:06:14,356 | INFO | [predicts] Even if local movement options remain similar, progress will eventually depend on reaching the upper-right structure in the correct switch state.
2026-03-19 18:06:14,356 | INFO | [hypotheses] 3 claims (0 rejected)
2026-03-19 18:06:14,356 | INFO | [actions] ['ACTION4']
2026-03-19 18:06:14,596 | INFO | #41 ACTION4: 52 cells changed score=0
2026-03-19 18:06:25,142 | INFO | [observe] ACTION4 succeeded from the OFF-switch row: the orange/blue pair moved 5 cells right from (25,21)/(28,21) to (25,26)/(28,26), with only the usual HUD changes. This confirms that stepping off the white 
2026-03-19 18:06:25,142 | INFO | [testing] The upper-right blue/black/white cluster remains the main destination, and this corridor is the approach route toward it in the correct switch state.
2026-03-19 18:06:25,143 | INFO | [predicts] Repeated rightward movement should continue to carry us toward the upper-right structure without needing immediate switch interaction.
2026-03-19 18:06:25,143 | INFO | [hypotheses] 3 claims (0 rejected)
2026-03-19 18:06:25,143 | INFO | [actions] ['ACTION4', 'ACTION4']
2026-03-19 18:06:25,451 | INFO | #42 ACTION4: 52 cells changed score=0
2026-03-19 18:06:25,771 | INFO | #43 ACTION4: 206 cells changed score=0
2026-03-19 18:06:41,322 | INFO | [observe] The last ACTION4 did not simply continue the top corridor. Instead it caused a major reset/teleport-like transition: the avatar jumped from the upper area back to the known start position at orange (4
2026-03-19 18:06:41,323 | INFO | [testing] The upper-right blue/black/white structure is an interactive trigger/portal: entering it causes a global room reset to the start position while changing remote layout state.
2026-03-19 18:06:41,323 | INFO | [predicts] From the reset start at (45,41)/(48,41), ACTION1 should behave as a normal upward move to (40,41)/(43,41) with only standard HUD change, showing we are back in ordinary controllable play after the trigger fired. This supports the idea that the previous big change was a special tile interaction, not a permanent mode change.
2026-03-19 18:06:41,323 | INFO | [hypotheses] 3 claims (0 rejected)
2026-03-19 18:06:41,323 | INFO | [actions] ['ACTION1']
2026-03-19 18:06:41,627 | INFO | #44 ACTION1: 52 cells changed score=0
2026-03-19 18:06:53,607 | INFO | [observe] ACTION1 produced exactly the normal 5-cell upward move from the reset start: orange/blue moved from (45,41)/(48,41) to (40,41)/(43,41), with only the standard HUD yellow decrease and dark_gray increas
2026-03-19 18:06:53,607 | INFO | [testing] The reset returned us to the same start position but left the room in a distinct persistent layout state that changes available routes from the start.
2026-03-19 18:06:53,607 | INFO | [predicts] If the room state changed persistently, moving left from the current position should differ from the original baseline expectation at this row—either becoming blocked where it was open, opening a new passage, or triggering a different remote change.
2026-03-19 18:06:53,607 | INFO | [hypotheses] 3 claims (0 rejected)
2026-03-19 18:06:53,607 | INFO | [actions] ['ACTION3']
2026-03-19 18:06:53,915 | INFO | #45 ACTION3: 52 cells changed score=0
2026-03-19 18:07:05,483 | INFO | [code] executing 73 chars
2026-03-19 18:07:05,484 | INFO | [code-result] {'avatar_orange_center': (40, 36), 'avatar_blue_center': (43, 36)}
2026-03-19 18:07:05,485 | INFO | [observe] ACTION3 from the reset/start-area position worked as a normal 5-cell left move: orange/blue shifted from column 41 to 36 with only the standard HUD resource decrease and step counter increase. No remo
2026-03-19 18:07:05,485 | INFO | [testing] The upper-right structure is mostly a trap/teleporter that resets position without creating useful persistent progress; any apparent changes seen earlier were reversible trigger effects only.
2026-03-19 18:07:05,485 | INFO | [predicts] Re-exploration after reset will reproduce prior routes with no new opportunities, and the upper-right structure will just send us back again.
2026-03-19 18:07:05,485 | INFO | [hypotheses] 3 claims (0 rejected)
2026-03-19 18:07:05,485 | INFO | [actions] ['ACTION1', 'ACTION1', 'ACTION4', 'ACTION4']
2026-03-19 18:07:05,791 | INFO | #46 ACTION1: 52 cells changed score=0
2026-03-19 18:07:06,104 | INFO | #47 ACTION1: 52 cells changed score=0
2026-03-19 18:07:06,406 | INFO | #48 ACTION4: 52 cells changed score=0
2026-03-19 18:07:06,714 | INFO | #49 ACTION4: 52 cells changed score=0
2026-03-19 18:07:19,614 | INFO | [code] executing 73 chars
2026-03-19 18:07:19,614 | INFO | [code-result] {'avatar_orange_center': (30, 46), 'avatar_blue_center': (33, 46)}
2026-03-19 18:07:19,615 | INFO | [observe] The last executed plan did not just continue ordinary movement. The avatar pair is now at orange (30,46) / blue (33,46), which is a net shift of 10 up and 10 right from the previously noted (40,36). H
2026-03-19 18:07:19,615 | INFO | [testing] A persistent hidden state from the earlier reset still exists, but it only affects a deeper tile in the upper-right route; the next step may reveal a changed passage or trigger not present in baseline.
2026-03-19 18:07:19,615 | INFO | [predicts] ACTION1 reaches or activates a tile that changes distant objects or reveals altered geometry compared with simple movement.
2026-03-19 18:07:19,615 | INFO | [hypotheses] 3 claims (0 rejected)
2026-03-19 18:07:19,615 | INFO | [actions] ['ACTION1']
2026-03-19 18:07:19,919 | INFO | #50 ACTION1: 52 cells changed score=0
2026-03-19 18:07:31,519 | INFO | [code] executing 75 chars
2026-03-19 18:07:31,520 | INFO | [code-result] {'avatar_orange_center': (25, 46), 'avatar_blue_center': (28, 46)}
2026-03-19 18:07:31,520 | INFO | [observe] The tested upward move from the upper-right area was completely ordinary: orange moved from (30,46) to (25,46) and blue from (33,46) to (28,46), with only the standard HUD changes (yellow -2, dark_gra
2026-03-19 18:07:31,520 | INFO | [testing] The upper-right area is ordinary traversable geometry, and progress now comes from moving left along the top corridor toward the central/upper structure rather than expecting an immediate trap here.
2026-03-19 18:07:31,520 | INFO | [predicts] The avatar shifts 5 cells left with only standard HUD changes, or is blocked by static wall geometry with only standard HUD changes; in either case there is no nonlocal reset or remote toggle.
2026-03-19 18:07:31,521 | INFO | [hypotheses] 3 claims (0 rejected)
2026-03-19 18:07:31,521 | INFO | [actions] ['ACTION3']
2026-03-19 18:07:31,800 | INFO | #51 ACTION3: 52 cells changed score=0
2026-03-19 18:07:41,841 | INFO | [code] executing 73 chars
2026-03-19 18:07:41,842 | INFO | [code-result] {'avatar_orange_center': (25, 41), 'avatar_blue_center': (28, 41)}
2026-03-19 18:07:41,843 | INFO | [observe] The last tested left move from the upper-right chamber was an ordinary 5-cell horizontal move: orange moved from (25,46) to (25,41) and blue from (28,46) to (28,41). Only the standard HUD changes occu
2026-03-19 18:07:41,843 | INFO | [testing] The current position at (25,41)/(28,41) is still in an open top corridor, so another ACTION3 will move the avatar 5 more cells left toward the white cross / central structure.
2026-03-19 18:07:41,843 | INFO | [predicts] Orange/blue shift to about (25,36)/(28,36) with only standard HUD changes, bringing us closer to the central white trigger area.
2026-03-19 18:07:41,843 | INFO | [hypotheses] 3 claims (0 rejected)
2026-03-19 18:07:41,844 | INFO | [actions] ['ACTION3']
2026-03-19 18:07:42,140 | INFO | #52 ACTION3: 52 cells changed score=0
2026-03-19 18:07:56,275 | INFO | [code] executing 140 chars
2026-03-19 18:07:56,275 | INFO | [code-result] {'avatar_orange_center': (25, 36), 'avatar_blue_center': (28, 36), 'new_darkgray_center': (16, 36), 'white_cross_center': (31, 21)}
2026-03-19 18:07:56,276 | INFO | [observe] The last ACTION3 succeeded as a normal 5-cell left move: orange moved from (25,41) to (25,36) and blue from (28,41) to (28,36). This confirms the top corridor continues left at this row. However, this
2026-03-19 18:07:56,276 | INFO | [testing] The remote dark_gray appearance is not a useful bridge but merely a state indicator/decoration caused by stepping on a hidden trigger in the corridor; progress still mainly depends on finding a separate white trigger or route.
2026-03-19 18:07:56,276 | INFO | [predicts] Further left movement will not make the new dark_gray region interactively relevant; we will just continue corridor traversal without needing it.
2026-03-19 18:07:56,276 | INFO | [hypotheses] 3 claims (0 rejected)
2026-03-19 18:07:56,277 | INFO | [actions] ['ACTION3']
2026-03-19 18:07:56,499 | INFO | #53 ACTION3: 52 cells changed score=0
2026-03-19 18:08:09,375 | INFO | [code] executing 90 chars
2026-03-19 18:08:09,376 | INFO | [code-result] {'orange_center': (25, 31), 'blue_center': (28, 31), 'white_cross_center': (31, 21)}
2026-03-19 18:08:09,376 | INFO | [observe] The last ACTION3 succeeded: the avatar moved left from centers (25,36)/(28,36) to (25,31)/(28,31), so the corridor continues. Crucially, the remote dark_gray 72-cell structure near (16,36) disappeared
2026-03-19 18:08:09,376 | INFO | [testing] The remote dark_gray structure is mostly decorative/state-indicator and not needed for progress; the real route is continuing left/down toward the white cross.
2026-03-19 18:08:09,376 | INFO | [predicts] Even if the structure toggles with position, continued navigation toward the white cross should remain the meaningful way to progress, with no need to use the top-center structure directly.
2026-03-19 18:08:09,377 | INFO | [hypotheses] 3 claims (1 rejected)
2026-03-19 18:08:09,377 | INFO | [actions] ['ACTION4', 'ACTION3', 'ACTION1']
2026-03-19 18:08:09,683 | INFO | #54 ACTION4: 52 cells changed score=0
2026-03-19 18:08:09,796 | INFO | #55 ACTION3: 52 cells changed score=0
2026-03-19 18:08:10,029 | INFO | #56 ACTION1: BLOCKED score=0
2026-03-19 18:08:24,429 | INFO | [code] executing 90 chars
2026-03-19 18:08:24,430 | INFO | [code-result] {'orange_center': (25, 31), 'blue_center': (28, 31), 'white_cross_center': (31, 21)}
2026-03-19 18:08:24,436 | INFO | [observe] The last attempted ACTION1 was blocked: only the HUD changed (yellow resource decreased, dark_gray indicator increased) and the orange/blue avatar stayed at centers (25,31)/(28,31). This confirms the 
2026-03-19 18:08:24,436 | INFO | [testing] The meaningful next interaction is the white cross tile at about (31,21); moving left from the current upper corridor should eventually let the avatar step onto/adjacent to it and trigger a remote layout change.
2026-03-19 18:08:24,436 | INFO | [predicts] At least the first left move should succeed from column 31 toward 26, and the second may either move again to about 21 or place the avatar onto the white-cross column, potentially causing the white tile to disappear or distant structures to change.
2026-03-19 18:08:24,436 | INFO | [hypotheses] 3 claims (0 rejected)
2026-03-19 18:08:24,436 | INFO | [actions] ['ACTION3', 'ACTION3']
2026-03-19 18:08:24,735 | INFO | #57 ACTION3: 52 cells changed score=0
2026-03-19 18:08:24,856 | INFO | #58 ACTION3: 52 cells changed score=0
2026-03-19 18:08:34,919 | INFO | [code] executing 107 chars
2026-03-19 18:08:34,920 | INFO | [code-result] {'orange_center': (25, 19)}
2026-03-19 18:08:34,925 | INFO | [observe] Two left moves succeeded, shifting the avatar pair from column 31 to column 21, directly above the white cross at about (31,21). No world objects changed besides the normal HUD/resource updates, so me
2026-03-19 18:08:34,926 | INFO | [testing] The white cross is a contact-trigger tile that activates only when the avatar moves down into the left chamber and touches/overlaps it; horizontal alignment alone does nothing.
2026-03-19 18:08:34,926 | INFO | [predicts] The down move should succeed from the current position, placing the avatar lower in the left chamber near/on the cross, and the white tile and/or distant structures should change if contact is sufficient.
2026-03-19 18:08:34,926 | INFO | [hypotheses] 3 claims (0 rejected)
2026-03-19 18:08:34,926 | INFO | [actions] ['ACTION2']
2026-03-19 18:08:35,178 | INFO | #59 ACTION2: 120 cells changed score=0
2026-03-19 18:08:47,372 | INFO | [code] executing 107 chars
2026-03-19 18:08:47,373 | INFO | [code-result] {'orange_center': (30, 19)}
2026-03-19 18:08:47,374 | INFO | [observe] ACTION2 succeeded in moving the avatar pair down by 5 into the left chamber: orange center 25,21→30,21 and blue 28,21→33,21. This also triggered a remote toggle: the small white cross at 31,21 disappe
2026-03-19 18:08:47,374 | INFO | [testing] The left-chamber white cross is a reversible contact-trigger tile; after activation, moving away and then back can toggle the remote white/black structures between states.
2026-03-19 18:08:47,374 | INFO | [predicts] Moving right 5 from the current position should leave the trigger area; the vanished white cross at 31,21 may reappear and/or the remote structures at 57,5 and 12,35 may revert, distinguishing a reversible floor switch from a one-shot trigger.
2026-03-19 18:08:47,374 | INFO | [hypotheses] 3 claims (0 rejected)
2026-03-19 18:08:47,374 | INFO | [actions] ['ACTION4']
2026-03-19 18:08:47,601 | INFO | #60 ACTION4: 52 cells changed score=0
2026-03-19 18:09:01,388 | INFO | [code] executing 318 chars
2026-03-19 18:09:01,389 | INFO | [code-result] {'orange_center_estimate': (30, 26), 'white_cross_present': True, 'top_right_white_cells': 36, 'top_center_white_cells': 24}
2026-03-19 18:09:01,390 | INFO | [observe] ACTION4 moved the avatar right from center (30,21) to (30,26). Crucially, leaving the left-chamber trigger area caused the white cross at about (31,21) to reappear and the remote near-black region at 
2026-03-19 18:09:01,390 | INFO | [testing] The cross reappeared due to a position-specific threshold unrelated to direct occupancy of the white tile; the remote change may depend on entering/exiting the chamber or crossing a boundary, not on the cross itself.
2026-03-19 18:09:01,390 | INFO | [predicts] A left move might not specifically consume the cross again, or the remote geometry may fail to return to the prior activated state even though the avatar is back near the earlier location.
2026-03-19 18:09:01,390 | INFO | [hypotheses] 3 claims (0 rejected)
2026-03-19 18:09:01,390 | INFO | [actions] ['ACTION3']
2026-03-19 18:09:01,613 | INFO | #61 ACTION3: 120 cells changed score=0
2026-03-19 18:09:15,312 | INFO | [code] executing 422 chars
2026-03-19 18:09:15,314 | INFO | [code-result] {'orange_center_estimate': (30, 21), 'left_switch_visible': False, 'near_black_cells': 2609, 'top_right_white_cells': 0, 'top_center_white_cells': 0}
2026-03-19 18:09:15,314 | INFO | [observe] The last move stepped the avatar left from center (30,26) to (30,21), directly onto the left-chamber white cross at (31,21). This caused the cross to disappear again and restored the same remote 'acti
2026-03-19 18:09:15,314 | INFO | [testing] The left switch controls multiple distant white targets simultaneously, likely opening/closing access to the top-right and top-center regions; once its reversibility is confirmed again, the next goal is to route toward one of those regions in the appropriate switch state.
2026-03-19 18:09:15,315 | INFO | [predicts] The same off-switch move should restore both distant white clusters together, confirming they are linked outputs of one switch and useful for route planning.
2026-03-19 18:09:15,315 | INFO | [hypotheses] 3 claims (1 rejected)
2026-03-19 18:09:15,315 | INFO | [actions] ['ACTION4']
2026-03-19 18:09:15,628 | INFO | #62 ACTION4: 52 cells changed score=0
2026-03-19 18:09:31,083 | INFO | [code] executing 928 chars
2026-03-19 18:09:31,086 | INFO | [code-result] ERROR: ImportError: Module 'numpy._core._methods' not available. Available: ['collections', 'math', 'functools', 'json', 'numpy', 'np']
...xperiments/005-program-synthesis/agents/sandbox.py", line 113, in run
    exec(code, self.globals)
    ~~~~^^^^^^^^^^^^^^^^^^^^
  File "<string>", line 9, in <mo
2026-03-19 18:09:31,087 | INFO | [observe] ACTION4 moved the orange/blue pair 5 cells right from (30,21) to (30,26). Simultaneously the white cross at about (31,21) reappeared and the remote black region at the upper-left disappeared. This is 
2026-03-19 18:09:31,087 | INFO | [testing] The left switch only controls some remote geometry (including the upper-left black region), while the near_black patch around (38,29) is independent or persistent and not part of the same toggle.
2026-03-19 18:09:31,087 | INFO | [predicts] On stepping back onto the cross, the white tile disappears and the known remote geometry toggles, but the near_black patch remains unchanged.
2026-03-19 18:09:31,087 | INFO | [hypotheses] 3 claims (0 rejected)
2026-03-19 18:09:31,087 | INFO | [actions] ['ACTION3']
2026-03-19 18:09:31,324 | INFO | #63 ACTION3: 60 cells changed score=0
2026-03-19 18:09:41,887 | INFO | [code] executing 96 chars
2026-03-19 18:09:41,888 | INFO | [code-result] {'avatar_center': (30, 21), 'near_black_bbox': (30, 24, 44, 33), 'top_black_present': True}
2026-03-19 18:09:41,889 | INFO | [observe] ACTION3 moved the avatar 5 cells left from center (30,26) to (30,21), onto the white cross at (31,21). The white cross disappeared exactly when occupied, confirming the switch re-activates on entry. A
2026-03-19 18:09:41,889 | INFO | [testing] The switch only toggles on entry, not on exit; the previous apparent reversal was incidental.
2026-03-19 18:09:41,889 | INFO | [predicts] Stepping right off the cross would move the avatar but the white cross would not reappear and the top black region would stay present.
2026-03-19 18:09:41,889 | INFO | [hypotheses] 3 claims (0 rejected)
2026-03-19 18:09:41,889 | INFO | [actions] ['ACTION4']
2026-03-19 18:09:42,147 | INFO | #64 ACTION4: 52 cells changed score=0
2026-03-19 18:09:55,042 | INFO | [code] executing 160 chars
2026-03-19 18:09:55,043 | INFO | [code-result] {'avatar_center': (30, 26), 'blue_center': (33, 26), 'white_cross_present': False}
2026-03-19 18:09:55,044 | INFO | [observe] ACTION4 moved the avatar 5 cells right off the left white cross. This caused the white cross at about (31,21) to reappear and the remote top black barrier to disappear, while the near_black patch at (
2026-03-19 18:09:55,044 | INFO | [testing] The near_black patch is itself the next interactive zone, independent of the white switch, and movement within/against it may reveal a separate effect or blockage pattern. If the switch retest behaves as expected, subsequent moves around the patch should be used to probe whether it blocks movement or triggers another remote change.
2026-03-19 18:09:55,045 | INFO | [predicts] After confirming the switch again, later moves near the patch should produce effects distinct from the white-switch toggle.
2026-03-19 18:09:55,045 | INFO | [hypotheses] 3 claims (1 rejected)
2026-03-19 18:09:55,045 | INFO | [actions] ['ACTION3']
2026-03-19 18:09:55,273 | INFO | #65 ACTION3: 60 cells changed score=0
2026-03-19 18:10:07,947 | INFO | [code] executing 88 chars
2026-03-19 18:10:07,948 | INFO | [code-result] {'orange_center': (30, 21), 'blue_center': (33, 21), 'top_barrier_present': True}
2026-03-19 18:10:07,948 | INFO | [observe] The last tested move matched the entry-trigger model: moving left from orange (30,26) to (30,21) stepped back onto the left white cross, the white cross disappeared, and the remote top black barrier r
2026-03-19 18:10:07,948 | INFO | [testing] The near_black patch is a separate terrain feature or interactive zone independent of the left white switch; probing movement around/into it should reveal either collision behavior or a distinct remote effect unrelated to the top barrier toggle.
2026-03-19 18:10:07,948 | INFO | [predicts] Moving right off the cross toward the near_black patch should restore the white cross and remove the top barrier, with any additional effect attributable to the patch only if the avatar reaches/interacts with it.
2026-03-19 18:10:07,949 | INFO | [hypotheses] 3 claims (0 rejected)
2026-03-19 18:10:07,949 | INFO | [actions] ['ACTION4']
2026-03-19 18:10:08,249 | INFO | #66 ACTION4: 52 cells changed score=0
2026-03-19 18:11:44,233 | INFO | [code] executing 248 chars
2026-03-19 18:11:44,234 | INFO | [code-result] {'orange_center': (30, 26), 'blue_center': (33, 26), 'white_cross_present': True, 'probe_patch_sample': [12, 12, 12, 12, 12, 4, 4, 4, 4, 4, 12, 12, 12, 12, 12, 4, 4, 4, 4, 4, 9, 9, 9, 9, 9, 4, 4, 4, 4, 4, 9, 9, 9, 9, 9, 4, 4, 4, 4, 4, 9, 9, 9, 9, 9, 4, 4, 4, 4, 4]}
2026-03-19 18:11:44,235 | INFO | [observe] ACTION4 moved the orange/blue pair 5 cells right from (30,21)/(33,21) to (30,26)/(33,26). Simultaneously, the remote top black barrier disappeared and the white cross at (31,21) reappeared. The near_b
2026-03-19 18:11:44,235 | INFO | [testing] The near_black patch is merely static impassable or decorative structure; all observed remote changes in this chamber are fully explained by the white cross occupancy switch.
2026-03-19 18:11:44,235 | INFO | [predicts] Probing rightward will yield only normal movement or a simple block, with no new world changes; the white cross stays present and the top barrier stays absent.
2026-03-19 18:11:44,235 | INFO | [hypotheses] 3 claims (0 rejected)
2026-03-19 18:11:44,235 | INFO | [actions] ['ACTION4']
2026-03-19 18:11:44,491 | INFO | #67 ACTION4: BLOCKED score=0
2026-03-19 18:11:57,232 | INFO | [code] executing 246 chars
2026-03-19 18:11:57,233 | INFO | [code-result] ERROR: SyntaxError: closing parenthesis ']' does not match opening parenthesis '{' (<string>, line 1)
...f_orange': grid[30][29] if 0 <= 29 < COLS else None, 'cell_above_orange_band': [grid[r][c] for r,c in [(25,24),(25,25),(25,26),(25,27),(25,28)] if 0<=r<ROWS and 0<=c<COLS]]}
                     
2026-03-19 18:11:57,234 | INFO | [observe] The last attempted ACTION4 was blocked. Only the HUD changed: yellow resource decreased by the usual amount and dark_gray step counter increased by the usual amount. Orange/blue stayed at centers (30,
2026-03-19 18:11:57,234 | INFO | [testing] The near_black patch is merely static terrain/obstacle here; the only interactive element in this chamber discovered so far is the reversible white cross controlling the remote top black barrier.
2026-03-19 18:11:57,235 | INFO | [predicts] Moving up 5 cells should succeed if the corridor above is open, placing the avatar at orange/blue centers about (25,26)/(28,26) with no remote changes except normal HUD consumption. This would support that the previous right-side event was just a wall geometry issue, not a special patch interaction.
2026-03-19 18:11:57,235 | INFO | [hypotheses] 3 claims (0 rejected)
2026-03-19 18:11:57,235 | INFO | [actions] ['ACTION1']
2026-03-19 18:11:57,542 | INFO | #68 ACTION1: 52 cells changed score=0
2026-03-19 18:12:10,509 | INFO | [code] executing 359 chars
2026-03-19 18:12:10,510 | INFO | [code-result] {'avatar_cells_sample': {'right_of_orange_row25': [3, 3, 3, 3, 3, 3], 'right_of_blue_row28': [3, 3, 3, 3, 3, 3], 'band_rows_25_29_cols_24_34': [[12, 12, 12, 12, 12, 3, 3, 3, 3, 3, 3], [12, 12, 12, 12, 12, 3, 3, 3, 3, 3, 3], [9, 9, 9, 9, 9, 3, 3, 3, 3, 3, 3], [9, 9, 9, 9, 9, 3, 3, 3, 3, 3, 3], [9, 9,
2026-03-19 18:12:10,511 | INFO | [observe] ACTION1 succeeded exactly as a normal 5-cell upward move: orange/blue shifted from centers (30,26)/(33,26) to (25,26)/(28,26), with only the standard yellow-resource decrease and dark-gray counter inc
2026-03-19 18:12:10,511 | INFO | [testing] The near_black region has hidden row-dependent interaction; probing right from this new row will do something other than ordinary movement, such as blocking unexpectedly, entering a special state, or toggling distant objects.
2026-03-19 18:12:10,512 | INFO | [predicts] ACTION4 produces a distinctive effect beyond standard displacement/HUD change, distinguishing it from simple geometry.
2026-03-19 18:12:10,512 | INFO | [hypotheses] 3 claims (0 rejected)
2026-03-19 18:12:10,512 | INFO | [actions] ['ACTION4']
2026-03-19 18:12:10,735 | INFO | #69 ACTION4: 52 cells changed score=0
2026-03-19 18:12:24,787 | INFO | [code] executing 203 chars
2026-03-19 18:12:24,788 | INFO | [code-result] {'avatar_centers': {'orange': (25, 31), 'blue': (28, 31)}, 'sample_below_current': {'rows_25_35_cols_29_33': [[12, 12, 12, 12, 12], [12, 12, 12, 12, 12], [9, 9, 9, 9, 9], [9, 9, 9, 9, 9], [9, 9, 9, 9, 9], [4, 4, 4, 4, 4], [4, 4, 4, 4, 4], [4, 4, 4, 4, 4], [4, 4, 4, 4, 4], [4, 4, 4, 4, 4], [4, 4, 4, 
2026-03-19 18:12:24,789 | INFO | [observe] ACTION4 succeeded from the higher row exactly as ordinary movement: orange and blue both shifted 5 cells right to centers (25,31) and (28,31). Only the standard HUD changes occurred (yellow -2, dark_g
2026-03-19 18:12:24,789 | INFO | [testing] The upper corridor opens into traversable space on the right side of the near_black region, so moving down from the current position should succeed into the right chamber rather than being blocked.
2026-03-19 18:12:24,789 | INFO | [predicts] Orange/blue shift down by 5 cells with only normal HUD changes, placing them around (30,31)/(33,31).
2026-03-19 18:12:24,789 | INFO | [hypotheses] 3 claims (0 rejected)
2026-03-19 18:12:24,790 | INFO | [actions] ['ACTION2']
2026-03-19 18:12:25,014 | INFO | #70 ACTION2: BLOCKED score=0
2026-03-19 18:12:36,056 | INFO | [code] executing 90 chars
2026-03-19 18:12:36,056 | INFO | [code-result] {'avatar_centers': {'orange': (25, 31), 'blue': (28, 31)}, 'next_probe': 'ACTION4'}
2026-03-19 18:12:36,057 | INFO | [observe] The last planned test (ACTION2 downward from the upper corridor at orange/blue centers (25,31)/(28,31)) was BLOCKED. Only the yellow resource decreased by the usual fixed amount and the dark_gray move
2026-03-19 18:12:36,058 | INFO | [testing] The current avatar position is effectively a dead end or choke point: both downward and rightward movement are blocked here, so progress requires backing left or revisiting the white trigger state rather than advancing right.
2026-03-19 18:12:36,058 | INFO | [predicts] ACTION4 is BLOCKED with only the standard HUD change, distinguishing this from the open-corridor hypothesis.
2026-03-19 18:12:36,058 | INFO | [hypotheses] 3 claims (0 rejected)
2026-03-19 18:12:36,058 | INFO | [actions] ['ACTION4']
2026-03-19 18:12:36,370 | INFO | #71 ACTION4: 52 cells changed score=0
2026-03-19 18:12:51,313 | INFO | [code] executing 125 chars
2026-03-19 18:12:51,313 | INFO | [code-result] {'avatar_centers': {'orange': (25, 36), 'blue': (28, 36)}, 'next_probe': 'ACTION1', 'remote_darkgray_center': (16, 36)}
2026-03-19 18:12:51,314 | INFO | [observe] ACTION4 succeeded, moving the orange/blue pair 5 cells right to (25,36)/(28,36). This confirms the upper corridor continues right, so the earlier downward block was local geometry rather than a dead e
2026-03-19 18:12:51,314 | INFO | [testing] The dark_gray appearance is only a remote toggle/visual state, not a passable opening from the current square; upward movement here remains blocked and progress instead requires more horizontal repositioning or revisiting another trigger.
2026-03-19 18:12:51,314 | INFO | [predicts] ACTION1 is BLOCKED despite the new dark_gray cluster, distinguishing this from the opened-path hypothesis.
2026-03-19 18:12:51,315 | INFO | [hypotheses] 3 claims (0 rejected)
2026-03-19 18:12:51,315 | INFO | [actions] ['ACTION1']
2026-03-19 18:12:51,628 | INFO | #72 ACTION1: 52 cells changed score=0
2026-03-19 18:13:04,022 | INFO | [code] executing 157 chars
2026-03-19 18:13:04,023 | INFO | [code-result] {'avatar_centers': {'orange': (20, 36), 'blue': (23, 36)}, 'next_probe': 'ACTION3', 'top_darkgray_bbox': (8, 32, 19, 40), 'top_black_bbox': (9, 33, 15, 39)}
2026-03-19 18:13:04,025 | INFO | [observe] ACTION1 succeeded from the corridor at x≈36: the orange/blue pair moved up by 5 cells to centers (20,36)/(23,36). This confirms the newly toggled top-center dark_gray region corresponds to an actually
2026-03-19 18:13:04,025 | INFO | [testing] The upward route at x≈36 is only a narrow dead-end shaft; from the current top position, horizontal movement is blocked and another positional trigger must be used elsewhere to reach the top chamber.
2026-03-19 18:13:04,025 | INFO | [predicts] ACTION3 is BLOCKED while the avatar remains at (20,36)/(23,36), distinguishing a dead-end shaft from an upper corridor.
2026-03-19 18:13:04,025 | INFO | [hypotheses] 3 claims (0 rejected)
2026-03-19 18:13:04,025 | INFO | [actions] ['ACTION3']
2026-03-19 18:13:04,248 | INFO | #73 ACTION3: BLOCKED score=0
2026-03-19 18:13:15,794 | INFO | [code] executing 161 chars
2026-03-19 18:13:15,795 | INFO | [code-result] {'avatar_centers': {'orange': (20, 36), 'blue': (23, 36)}, 'suggested_test': 'ACTION4', 'top_black_bbox': (9, 33, 15, 39), 'top_darkgray_bbox': (8, 32, 19, 40)}
2026-03-19 18:13:15,796 | INFO | [observe] The last attempted ACTION3 was BLOCKED: only the yellow resource decreased and the dark_gray HUD increased, with no avatar or world-object movement. The orange/blue pair remains at centers (20,36)/(23
2026-03-19 18:13:15,796 | INFO | [testing] The upward route at x≈36 is only a narrow dead-end shaft at this height; from the current top position, horizontal movement left is blocked and reaching the top chamber requires another route or another trigger state.
2026-03-19 18:13:15,796 | INFO | [predicts] ACTION4 succeeds, moving the avatar right to about (20,41)/(23,41), showing the shaft is not a full upper corridor but may connect laterally on the right or allow repositioning for another ascent/trigger.
2026-03-19 18:13:15,796 | INFO | [hypotheses] 3 claims (0 rejected)
2026-03-19 18:13:15,796 | INFO | [actions] ['ACTION4']
2026-03-19 18:13:16,042 | INFO | #74 ACTION4: BLOCKED score=0
2026-03-19 18:13:27,873 | INFO | [code] executing 131 chars
2026-03-19 18:13:27,874 | INFO | [code-result] {'avatar_centers': {'orange': (20, 36), 'blue': (23, 36)}, 'next_probe': ['ACTION2', 'ACTION3'], 'top_pocket_terminal': True}
2026-03-19 18:13:27,875 | INFO | [observe] The last attempted ACTION4 was blocked. Only the HUD changed: yellow resource decreased by the usual amount and dark_gray indicator increased, while the orange/blue avatar stayed at (20,36)/(23,36). T
2026-03-19 18:13:27,875 | INFO | [testing] The route to the white trigger depends on finding a lower row where horizontal movement becomes available, not on any hidden interaction at the top pocket itself.
2026-03-19 18:13:27,875 | INFO | [predicts] After moving down one step, ACTION3 should succeed or at least provide a new passability result different from the top pocket, distinguishing row-dependent geometry from a completely sealed shaft.
2026-03-19 18:13:27,876 | INFO | [hypotheses] 3 claims (1 rejected)
2026-03-19 18:13:27,876 | INFO | [actions] ['ACTION2', 'ACTION3']
2026-03-19 18:13:28,186 | INFO | #75 ACTION2: 52 cells changed score=0
2026-03-19 18:13:28,494 | INFO | #76 ACTION3: 52 cells changed score=0
2026-03-19 18:13:40,371 | INFO | [code] executing 117 chars
2026-03-19 18:13:40,372 | INFO | [code-result] {'avatar_centers': {'orange': (25, 31), 'blue': (28, 31)}, 'next_probe': ['ACTION3'], 'target_white': (31, 21)}
2026-03-19 18:13:40,378 | INFO | [observe] The last executed probe matched the planned backtrack-and-test: ACTION2 succeeded from the top pocket, moving the avatar down 5 cells, and ACTION3 then also succeeded, moving left 5 cells. So the uppe
2026-03-19 18:13:40,378 | INFO | [testing] Access to the white trigger is governed purely by static corridor geometry here; no hidden remote toggle state is currently involved in this branch.
2026-03-19 18:13:40,378 | INFO | [predicts] Only local movement/passability changes matter, with no white tile reappearing/disappearing or distant map changes as we traverse.
2026-03-19 18:13:40,378 | INFO | [hypotheses] 3 claims (0 rejected)
2026-03-19 18:13:40,379 | INFO | [actions] ['ACTION3']
2026-03-19 18:13:40,680 | INFO | #77 ACTION3: 52 cells changed score=0
2026-03-19 18:13:51,992 | INFO | [code] executing 168 chars
2026-03-19 18:13:51,992 | INFO | [code-result] {'avatar_centers': {'orange': (25, 26), 'blue': (28, 26)}, 'target_white': (31, 21), 'next_probe': ['ACTION3'], 'delta_to_white': {'row': 3, 'col': -5}}
2026-03-19 18:13:51,993 | INFO | [observe] The last executed move was a successful ACTION3: the orange/blue avatar shifted 5 cells left from centers (25,31)/(28,31) to (25,26)/(28,26). Only the avatar and HUD changed; no white tile, wall, or d
2026-03-19 18:13:51,993 | INFO | [testing] This branch is governed only by static corridor geometry; ordinary movement here does not alter remote objects unless we actually step on a white trigger tile.
2026-03-19 18:13:51,994 | INFO | [predicts] A successful left move causes only avatar/HUD updates, with no distant object appearance/disappearance unless contact with the white tile occurs.
2026-03-19 18:13:51,994 | INFO | [hypotheses] 3 claims (0 rejected)
2026-03-19 18:13:51,994 | INFO | [actions] ['ACTION3']
2026-03-19 18:13:52,253 | INFO | #78 ACTION3: 52 cells changed score=0
2026-03-19 18:14:04,127 | INFO | [code] executing 221 chars
2026-03-19 18:14:04,128 | INFO | [code-result] {'avatar_centers': {'orange': (25, 21), 'blue': (28, 21)}, 'target_white': (31, 21), 'planned_test': ['ACTION2'], 'delta_to_white_from_orange': {'row': 6, 'col': 0}, 'delta_to_white_from_blue': {'row': 3, 'col': 0}}
2026-03-19 18:14:04,129 | INFO | [observe] The last ACTION3 succeeded exactly as a normal 5-cell left move: orange moved from (25,26) to (25,21) and blue from (28,26) to (28,21). Only the usual HUD changes occurred; no remote objects changed. 
2026-03-19 18:14:04,129 | INFO | [testing] The white object may be decorative or inactive in this state; even stepping onto its area will not cause any remote change, and movement here remains ordinary corridor traversal.
2026-03-19 18:14:04,129 | INFO | [predicts] ACTION2 succeeds but only avatar/HUD change occurs; the white tile remains unchanged and no distant objects transform.
2026-03-19 18:14:04,129 | INFO | [hypotheses] 3 claims (0 rejected)
2026-03-19 18:14:04,129 | INFO | [actions] ['ACTION2']
2026-03-19 18:14:04,391 | INFO | #79 ACTION2: 120 cells changed score=0
2026-03-19 18:14:16,728 | INFO | [code] executing 213 chars
2026-03-19 18:14:16,729 | INFO | [code-result] {'avatar_centers': {'orange': (30, 21), 'blue': (33, 21)}, 'active_remote_whites': [(12, 36), (57, 5)], 'current_trigger_test': 'step off with ACTION1 and compare whether local/remote layout reverts'}
2026-03-19 18:14:16,730 | INFO | [observe] The planned down move succeeded: orange moved from (25,21) to (30,21) and blue from (28,21) to (33,21). The white tile at (31,21) disappeared exactly when we moved onto it, so the prior direct-contact
2026-03-19 18:14:16,731 | INFO | [testing] The newly appeared white cluster near (57,5) is itself another reachable trigger, and the current switch likely opened a route toward that lower-left remote region.
2026-03-19 18:14:16,731 | INFO | [predicts] After leaving the current switch, a path can be navigated toward the lower-left region and stepping onto the new white cluster should cause another remote toggle.
2026-03-19 18:14:16,731 | INFO | [hypotheses] 3 claims (0 rejected)
2026-03-19 18:14:16,731 | INFO | [actions] ['ACTION1', 'ACTION3', 'ACTION3', 'ACTION3', 'ACTION2']
2026-03-19 18:14:16,953 | INFO | #80 ACTION1: 52 cells changed score=0
2026-03-19 18:14:17,061 | INFO | #81 ACTION3: 52 cells changed score=0
2026-03-19 18:14:17,345 | INFO | #82 ACTION3: BLOCKED score=0
2026-03-19 18:14:29,325 | INFO | [code] executing 168 chars
2026-03-19 18:14:29,326 | INFO | [code-result] ERROR: SyntaxError: unmatched '}' (<string>, line 1)
...hesis/agents/sandbox.py", line 113, in run
    exec(code, self.globals)
    ~~~~^^^^^^^^^^^^^^^^^^^^
  File "<string>", line 1
    result = {'avatar_centers': {'orange': (25,16), 'blue': (28,16)}, 'local_switch_visible': True, 'expected_retest'
2026-03-19 18:14:29,327 | INFO | [observe] Stepping off the trigger succeeded and clearly reversed the prior toggle: the avatar moved from (30,21)/(33,21) to (25,16)/(28,16), the local white tile at (31,21) reappeared, and a remote near_black 
2026-03-19 18:14:29,327 | INFO | [testing] The newly available white regions near (12,36) and/or (57,5) are intended destinations unlocked by this switch state, and once the switch behavior is confirmed we should route toward one of them for the next interaction.
2026-03-19 18:14:29,327 | INFO | [predicts] Reconfirming the switch cycle will let us choose the correct state and then navigate toward one of those remote white clusters as the next progress step.
2026-03-19 18:14:29,327 | INFO | [hypotheses] 3 claims (0 rejected)
2026-03-19 18:14:29,327 | INFO | [actions] ['ACTION2']
2026-03-19 18:14:29,635 | INFO | #83 ACTION2: 52 cells changed score=0
2026-03-19 18:14:42,232 | INFO | [code] executing 138 chars
2026-03-19 18:14:42,232 | INFO | [code-result] {'avatar_centers': {'orange': (30, 16), 'blue': (33, 16)}, 'switch_visible': True, 'next_test': 'ACTION3 onto (31,21) switch area'}
2026-03-19 18:14:42,234 | INFO | [observe] ACTION2 moved the orange/blue pair 5 cells downward from centers (25,16)/(28,16) to (30,16)/(33,16), matching normal movement. Only HUD changed besides the avatar: yellow resource decreased and dark_g
2026-03-19 18:14:42,234 | INFO | [testing] The white tile at (31,21) is an occupancy-based reversible floor switch, and from the current position the correct way to test it is ACTION3 (move right) onto the switch area; if occupied, the local white tile should disappear and remote geometry should toggle.
2026-03-19 18:14:42,234 | INFO | [predicts] After ACTION3, the avatar shifts right to centers about (30,21)/(33,21), overlapping the switch; the white tile at (31,21) disappears and remote objects change, likely restoring the prior alternate layout such as the near_black block around (38,29).
2026-03-19 18:14:42,234 | INFO | [hypotheses] 3 claims (0 rejected)
2026-03-19 18:14:42,234 | INFO | [actions] ['ACTION3']
2026-03-19 18:14:42,538 | INFO | #84 ACTION3: BLOCKED score=0
2026-03-19 18:14:54,516 | INFO | [code] executing 201 chars
2026-03-19 18:14:54,516 | INFO | [code-result] {'avatar_centers': {'orange': (30, 16), 'blue': (33, 16)}, 'switch_visible': True, 'recommended_next': 'ACTION1', 'reason': 'previous ACTION3 was blocked; need new row to test access to switch'}
2026-03-19 18:14:54,517 | INFO | [observe] The last attempted action produced only the standard HUD/resource change: yellow decreased again and dark_gray increased again. No world objects moved, the avatar centers remain orange (30,16) and blu
2026-03-19 18:14:54,518 | INFO | [testing] Access to the switch depends on the two-cell-tall avatar shape and row-specific passability: one vertical offset will allow horizontal passage where the current one does not.
2026-03-19 18:14:54,518 | INFO | [predicts] One of the vertical positions should change whether ACTION3 is blocked, revealing row-dependent clearance for the composite avatar.
2026-03-19 18:14:54,518 | INFO | [hypotheses] 3 claims (0 rejected)
2026-03-19 18:14:54,518 | INFO | [actions] ['ACTION1', 'ACTION2']
2026-03-19 18:14:54,826 | INFO | #85 ACTION1: 52 cells changed score=0
2026-03-19 18:14:55,242 | INFO | #86 ACTION2: 206 cells changed score=0
2026-03-19 18:15:08,600 | INFO | [code] executing 170 chars
2026-03-19 18:15:08,601 | INFO | [code-result] {'orange_center': (45, 41), 'blue_center': (48, 41), 'white_switch_present': True, 'recommended_next': 'ACTION3'}
2026-03-19 18:15:08,601 | INFO | [observe] A major reset/teleport occurred since the last plan: the avatar is no longer at the previously tracked left chamber near the white switch. Orange/blue are back at the known start-like position around 
2026-03-19 18:15:08,602 | INFO | [testing] The recent large change was caused by stepping on or activating some remote trigger before reset, implying that certain events can restore HUD and reposition the avatar while reconfiguring distant objects.
2026-03-19 18:15:08,602 | INFO | [predicts] After confirming normal movement, later revisiting prior trigger areas should reproduce another reset/teleport event rather than just local toggling.
2026-03-19 18:15:08,602 | INFO | [hypotheses] 3 claims (0 rejected)
2026-03-19 18:15:08,602 | INFO | [actions] ['ACTION3']
2026-03-19 18:15:08,822 | INFO | #87 ACTION3: 52 cells changed score=0
2026-03-19 18:15:20,528 | INFO | [code] executing 115 chars
2026-03-19 18:15:20,529 | INFO | [code-result] {'orange_center': (45, 36), 'blue_center': (48, 36), 'white_switch_center': (31, 21), 'next_test': 'ACTION1'}
2026-03-19 18:15:20,530 | INFO | [observe] ACTION3 behaved exactly like the established left move from the apparent reset/baseline state: orange moved from center (45,41) to (45,36) and blue from (48,41) to (48,36), with only the normal HUD ch
2026-03-19 18:15:20,530 | INFO | [testing] The level is back in its normal baseline configuration, and movement mechanics/geometry near spawn are unchanged; from the current left-shifted position, ACTION1 should move the avatar 5 cells upward toward the switch approach.
2026-03-19 18:15:20,530 | INFO | [predicts] Orange/blue move from roughly (45,36)/(48,36) to (40,36)/(43,36) with only standard HUD consumption, showing the vertical path here is open and letting us continue toward the white switch.
2026-03-19 18:15:20,530 | INFO | [hypotheses] 3 claims (0 rejected)
2026-03-19 18:15:20,530 | INFO | [actions] ['ACTION1']
2026-03-19 18:15:20,841 | INFO | #88 ACTION1: 52 cells changed score=0
2026-03-19 18:15:30,973 | INFO | [code] executing 115 chars
2026-03-19 18:15:30,973 | INFO | [code-result] {'orange_center': (40, 36), 'blue_center': (43, 36), 'white_switch_center': (31, 21), 'next_test': 'ACTION1'}
2026-03-19 18:15:30,974 | INFO | [observe] ACTION1 behaved exactly as a normal upward move from the current left-shifted position: orange moved from (45,36) to (40,36), blue from (48,36) to (43,36), with only the standard HUD resource decrease
2026-03-19 18:15:30,975 | INFO | [testing] The white tile near (31,21) is a reversible trigger that, when stepped on again, will reproducibly cause remote layout changes or a reset/teleport rather than acting as a collectible.
2026-03-19 18:15:30,975 | INFO | [predicts] After we eventually reach and touch the white tile, it should disappear or toggle and distant geometry/objects should change in a repeatable way.
2026-03-19 18:15:30,975 | INFO | [hypotheses] 3 claims (0 rejected)
2026-03-19 18:15:30,975 | INFO | [actions] ['ACTION1', 'ACTION1']
2026-03-19 18:15:31,288 | INFO | #89 ACTION1: 52 cells changed score=0
2026-03-19 18:15:31,389 | INFO | #90 ACTION1: 52 cells changed score=0
2026-03-19 18:15:42,933 | INFO | [code] executing 155 chars
2026-03-19 18:15:42,934 | INFO | [code-result] {'orange_center': (30, 36), 'blue_center': (33, 36), 'white_switch_center': (31, 21), 'delta_to_switch_from_orange': (1, -15), 'next_test': 'ACTION3'}
2026-03-19 18:15:42,935 | INFO | [observe] The last test confirmed the open-upward-corridor hypothesis: ACTION1 succeeded again, moving orange from (40,36) to (30,36) and blue from (43,36) to (33,36), i.e. two 5-cell upward steps total from th
2026-03-19 18:15:42,935 | INFO | [testing] The white tile at (31,21) is a reversible remote-layout trigger rather than a collectible; once reached, stepping on it should again toggle/disappear and alter distant geometry or objects.
2026-03-19 18:15:42,935 | INFO | [predicts] After we eventually reach the tile, touching it will produce nonlocal map changes and likely temporary disappearance/reappearance behavior.
2026-03-19 18:15:42,935 | INFO | [hypotheses] 3 claims (0 rejected)
2026-03-19 18:15:42,935 | INFO | [actions] ['ACTION3']
2026-03-19 18:15:43,283 | INFO | #91 ACTION3: BLOCKED score=0
2026-03-19 18:15:53,718 | INFO | [code] executing 175 chars
2026-03-19 18:15:53,719 | INFO | [code-result] {'orange_center': (30, 36), 'blue_center': (33, 36), 'white_switch_center': (31, 21), 'delta_to_switch_from_orange': (1, -15), 'planned_test': ['ACTION1', 'ACTION3']}
2026-03-19 18:15:53,720 | INFO | [observe] The last ACTION3 was blocked exactly as shown by the diff: only the HUD changed (yellow resource decreased by 2, dark_gray indicator increased by 2) while the orange/blue avatar stayed at orange (30,3
2026-03-19 18:15:53,720 | INFO | [testing] Leftward movement is blocked at the current row, but one more upward move will place the avatar on a row where the passage opens left toward the white switch.
2026-03-19 18:15:53,720 | INFO | [predicts] ACTION1 moves the avatar up by 5 cells to about orange (25,36), blue (28,36), and then ACTION3 succeeds, shifting left to about orange (25,31), blue (28,31). This would confirm the corridor opens further north.
2026-03-19 18:15:53,720 | INFO | [hypotheses] 3 claims (0 rejected)
2026-03-19 18:15:53,720 | INFO | [actions] ['ACTION1', 'ACTION3']
2026-03-19 18:15:53,949 | INFO | #92 ACTION1: 52 cells changed score=0
2026-03-19 18:15:54,060 | INFO | #93 ACTION3: 52 cells changed score=0
2026-03-19 18:16:04,976 | INFO | [code] executing 197 chars
2026-03-19 18:16:04,977 | INFO | [code-result] {'orange_center': (25, 31), 'blue_center': (28, 31), 'white_switch_center': (31, 21), 'delta_to_switch_from_orange': (6, -10), 'planned_test': ['ACTION3', 'ACTION3']}
2026-03-19 18:16:04,977 | INFO | [observe] The planned distinguishing test succeeded: after moving up one more step, the immediate left move was no longer blocked. The avatar moved from orange (30,36) to (25,31) and blue from (33,36) to (28,31
2026-03-19 18:16:04,977 | INFO | [testing] The white tile at (31,21) is a reversible remote-layout trigger rather than a collectible; once reached and stepped on, it should disappear/change and alter distant geometry or objects.
2026-03-19 18:16:04,978 | INFO | [predicts] These setup moves should position us to test contact next turn; on later contact the white tile should toggle and remote map elements should change.
2026-03-19 18:16:04,978 | INFO | [hypotheses] 3 claims (0 rejected)
2026-03-19 18:16:04,978 | INFO | [actions] ['ACTION3', 'ACTION3']
2026-03-19 18:16:05,285 | INFO | #94 ACTION3: 52 cells changed score=0
2026-03-19 18:16:05,401 | INFO | #95 ACTION3: 52 cells changed score=0
2026-03-19 18:16:17,975 | INFO | [code] executing 158 chars
2026-03-19 18:16:17,975 | INFO | [code-result] {'orange_center': (25, 21), 'blue_center': (28, 21), 'white_switch_center': (31, 21), 'delta_to_switch_from_orange': (6, 0), 'planned_test': ['ACTION2']}
2026-03-19 18:16:17,976 | INFO | [observe] The planned two-left test succeeded fully: orange moved from (25,31) to (25,21) and blue from (28,31) to (28,21), so the corridor continues straight left to the switch column. No remote objects change
2026-03-19 18:16:17,976 | INFO | [testing] The route to the white switch is open from the current position; one downward move should place the avatar onto/through the white tile's row and trigger its remote toggle effect.
2026-03-19 18:16:17,976 | INFO | [predicts] Orange/blue move down by 5 cells to about (30,21)/(33,21), and the white tile at (31,21) disappears or changes while distant geometry/objects also change.
2026-03-19 18:16:17,976 | INFO | [hypotheses] 3 claims (0 rejected)
2026-03-19 18:16:17,976 | INFO | [actions] ['ACTION2']
2026-03-19 18:16:18,288 | INFO | #96 ACTION2: 120 cells changed score=0
2026-03-19 18:16:31,391 | INFO | [code] executing 187 chars
2026-03-19 18:16:31,391 | INFO | [code-result] {'orange_center': (30, 21), 'blue_center': (33, 21), 'white_centers': [(12, 36), (57, 5)], 'near_black_bbox': (30, 24, 44, 33), 'planned_test': ['ACTION4']}
2026-03-19 18:16:31,392 | INFO | [observe] ACTION2 moved the avatar pair downward as expected to orange (30,21) and blue (33,21), and the white switch at (31,21) disappeared on contact. This confirms the path was open and that passing onto the
2026-03-19 18:16:31,392 | INFO | [testing] The newly appeared white cluster at about (12,36) is the next reachable switch, and the current room remains traversable by moving right around the near_black block before heading upward/left toward it.
2026-03-19 18:16:31,392 | INFO | [predicts] ACTION4 moves the avatar right from (30,21)/(33,21) to about (30,26)/(33,26), showing the corridor to the right is open and supporting a route around the near_black obstacle toward the upper areas.
2026-03-19 18:16:31,392 | INFO | [hypotheses] 3 claims (0 rejected)
2026-03-19 18:16:31,393 | INFO | [actions] ['ACTION4']
2026-03-19 18:16:31,647 | INFO | #97 ACTION4: 52 cells changed score=0
2026-03-19 18:16:46,344 | INFO | [code] executing 146 chars
2026-03-19 18:16:46,345 | INFO | [code-result] {'orange_center': (30, 26), 'blue_center': (33, 26), 'white_positions': []}
2026-03-19 18:16:46,346 | INFO | [observe] ACTION4 succeeded: the orange/blue pair moved 5 cells right to (30,26)/(33,26), so the corridor to the right is open from this row. This confirms the immediate navigation route around the previously a
2026-03-19 18:16:46,346 | INFO | [testing] The switch state is position-dependent but not specifically tied to the old tile; crossing some boundary in this corridor toggles the nearby black mass and switch visibility, so further movement right may trigger additional reversible layout changes.
2026-03-19 18:16:46,347 | INFO | [predicts] Another rightward step could produce further remote/local geometry changes beyond simple avatar movement, revealing a boundary-based toggle zone.
2026-03-19 18:16:46,347 | INFO | [hypotheses] 3 claims (0 rejected)
2026-03-19 18:16:46,347 | INFO | [actions] ['ACTION4']
2026-03-19 18:16:46,649 | INFO | #98 ACTION4: BLOCKED score=0
2026-03-19 18:17:00,267 | INFO | [code] executing 106 chars
2026-03-19 18:17:00,268 | INFO | [code-result] {'orange_center': (30, 26), 'blue_center': (33, 26), 'white_positions': [(31, 21), (12, 36), (57, 5)]}
2026-03-19 18:17:00,269 | INFO | [observe] The last planned ACTION4 was blocked. Only the HUD changed: yellow resource decreased by 2 and dark_gray increased by 2, with no avatar displacement and no world-object changes. So from the current po
2026-03-19 18:17:00,269 | INFO | [testing] The restored white tile at (31,21) is a reversible switch, and progress now requires moving left back onto/through that switch region to re-toggle nearby geometry.
2026-03-19 18:17:00,269 | INFO | [predicts] ACTION3 succeeds, moving the pair left to about (30,21)/(33,21); on or after reaching that region, the white tile should disappear again and nearby/remote black geometry should change, distinguishing switch-management from dead-end exploration.
2026-03-19 18:17:00,269 | INFO | [hypotheses] 3 claims (0 rejected)
2026-03-19 18:17:00,269 | INFO | [actions] ['ACTION3']
2026-03-19 18:17:00,577 | INFO | #99 ACTION3: 120 cells changed score=0
2026-03-19 18:17:18,905 | INFO | [code] executing 661 chars
2026-03-19 18:17:18,908 | INFO | [code-result] {'history_len': 1, 'current_white_cells': [], 'orange_n': 10, 'blue_n': 45}
2026-03-19 18:17:18,909 | INFO | [observe] The last ACTION3 succeeded and moved the avatar pair left from (30,26)/(33,26) to (30,21)/(33,21), directly onto the white switch region. That white tile at (31,21) disappeared again, confirming it is
2026-03-19 18:17:18,909 | INFO | [testing] The tile at (31,21) is a reversible global switch: standing on/entering its region activates an alternate layout, and leaving it should restore the previous layout. Progress depends on using the switched layout to reach newly opened paths before it resets.
2026-03-19 18:17:18,909 | INFO | [predicts] ACTION1 should move the avatar upward from the switch area while the remote switched geometry remains in its altered state immediately after departure; on a later move or after fully leaving the trigger zone, some white tiles may reappear and geometry may revert.
2026-03-19 18:17:18,909 | INFO | [hypotheses] 3 claims (0 rejected)
2026-03-19 18:17:18,910 | INFO | [actions] ['ACTION1']
2026-03-19 18:17:19,224 | INFO | #100 ACTION1: 52 cells changed score=0
2026-03-19 18:17:19,225 | INFO | ============================================================
2026-03-19 18:17:19,225 | INFO | FINISHED: actions=100 state=NOT_FINISHED score=0 deaths=0 llm_calls=72 time=1067.29s
2026-03-19 18:17:19,225 | INFO | Hypothesis: [testing] The tile at (31,21) is a reversible global switch: standing on/entering its region activates an alternate layout, and leaving it should restore the previous layout. Progress depends on using the switched layout to reach newly opened paths before it resets. | IF TRUE: ACTION1 should move the avatar upward from the switch area while the remote switched geometry remains in its altered state immediately after departure; on a later move or after fully leaving the trigger zone, some white tiles may reappear and geometry may revert. | IF FALSE: If moving off the switch does not preserve any useful changed geometry even momentarily, or nothing about the world state depends on leaving/standing on the switch, then this is not a hold/leave-based reversible toggle.
[untested] The switch activation is edge-triggered and latches the world into a new persistent state until the switch is touched again; leaving the switch area will not immediately reset anything. | IF TRUE: After ACTION1 away from the switch, the remote black/white changes should remain exactly as they are, with no restoration of the white tiles or prior geometry. | IF FALSE: If simply moving away causes the switch tile and remote objects to revert, then the state is not latched and instead depends on occupancy/zone.
[untested] The key effect of the switch is local: it creates or removes a path near the avatar (especially around the new near_black region at (38,29)), while the distant top-left and top-right changes are secondary indicators rather than the intended route. | IF TRUE: After moving vertically/horizontally from the switch area, traversal options near the avatar should differ from before, letting us enter a newly accessible corridor without needing to visit the distant changed regions. | IF FALSE: If local movement options remain essentially the same and only distant regions changed, then the switch is primarily a remote-layout controller.
2026-03-19 18:17:19,225 | INFO | Notes: Update hypotheses: previous 'left switch may be incidental' is rejected. Re-entering the switch at (31,21) definitely caused a large global toggle. Current avatar position is orange (30,21), blue (33,21). White switches currently visible in object list are gone from (31,21), (12,36), and (57,5), meaning this activation affected all known white sites simultaneously. Best next discriminator: move vertically off the switch with ACTION1 to see whether the altered layout persists after leaving (latched) or begins to reset (occupancy/zone-based).
2026-03-19 18:17:19,225 | INFO | Verified rules: ['Each available action causes a fixed movement of the orange and blue pieces together.', 'ACTION1/ACTION2 are opposite vertical moves; ACTION3/ACTION4 are opposite horizontal moves.', 'Every action consumes the same amount of a yellow HUD resource and increases a dark_gray HUD indicator.', 'Sequential actions compose additively: performing one vertical and one horizontal move places the pair at the vector sum of those 5-cell steps.', 'Blocked movement attempts do not move the orange/blue avatar but still consume the same fixed yellow resource and increase dark_gray by the same amount.', 'No remote world objects have yet responded to movement alone; observed changes so far are limited to avatar displacement and fixed HUD updates.', 'Passability is determined by room geometry: a direction blocked at one row can become open after moving to a different row.', 'Stepping onto certain white tiles can trigger remote level changes: the touched white object disappears and other world objects elsewhere in the room can appear, disappear, or transform.', 'At least some white trigger tiles are not permanently consumed; after leaving the triggered area, a previously vanished white tile can reappear, implying reversible or resettable trigger behavior.', 'At least some white trigger tiles can simultaneously alter multiple distant regions/objects in one activation, functioning as remote layout toggles rather than local pickups.']
2026-03-19 18:17:19,225 | INFO | ============================================================
2026-03-19 18:17:19,504 | INFO | --- SCORECARD ---
2026-03-19 18:17:19,504 | INFO | {
  "source_url": null,
  "tags": [
    "wrapper",
    "agent"
  ],
  "opaque": null,
  "card_id": "1f19d077-6075-4200-813c-1fadf4c79a1a",
  "api_key": null,
  "score": 0.0,
  "environments": [
    {
      "id": "ls20-cb3b57cc",
      "runs": [
        {
          "id": null,
          "guid": "c333030c-8e4d-4b7c-b378-379b20930b71",
          "score": 0.0,
          "levels_completed": 0,
          "actions": 0,
          "resets": 0,
          "state": "NOT_FINISHED",
          "completed": false,
          "level_scores": [
            0.0,
            0.0,
            0.0,
            0.0,
            0.0,
            0.0,
            0.0
          ],
          "level_actions": [
            0,
            0,
            0,
            0,
            0,
            0,
            0
          ],
          "level_baseline_actions": [
            29,
            41,
            172,
            49,
            53,
            62,
            82
          ],
          "number_of_levels": null,
          "number_of_environments": 0,
          "message": null
        },
        {
          "id": null,
          "guid": "c333030c-8e4d-4b7c-b378-379b20930b71",
          "score": 0.0,
          "levels_completed": 0,
          "actions": 100,
          "resets": 0,
          "state": "NOT_FINISHED",
          "completed": false,
          "level_scores": [
            0.0,
            0.0,
            0.0,
            0.0,
            0.0,
            0.0,
            0.0
          ],
          "level_actions": [
            100,
            0,
            0,
            0,
            0,
            0,
            0
          ],
          "level_baseline_actions": [
            29,
            41,
            172,
            49,
            53,
            62,
            82
          ],
          "number_of_levels": null,
          "number_of_environments": 0,
          "message": null
        }
      ],
      "score": 0.0,
      "actions": 100,
      "levels_completed": 0,
      "completed": false,
      "level_count": 7,
      "resets": 0
    }
  ],
  "tags_scores": [],
  "competition_mode": false,
  "total_environments_completed": 0,
  "total_environments": 1,
  "total_levels_completed": 0,
  "total_levels": 7,
  "total_actions": 100
}
