2026-03-19 23:27:56,319 | INFO | ============================================================
2026-03-19 23:27:56,320 | INFO | Conversational Agent on ls20
2026-03-19 23:27:56,320 | INFO | ============================================================
2026-03-19 23:27:57,257 | INFO | [probe] ACTION1: 52 cells changed
  orange: center [45, 41]->[40, 41]
  blue: center [48, 41]->[43, 41]
  yellow: center [61, 33]->[61, 34], size 84->82
ACTION2: 52 cells changed
  dark_gray: size 2->4
  orange: center [40, 41]->[45, 41]
  blue: center [43, 41]->[48, 41]
  yellow: size 82->80
ACTION3: 52 cells changed
  dark_gray: center [61, 13]->[61, 14], size 4->6
  orange: center [45, 41]->[45, 36]
  blue: center [48, 41]->[48, 36]
  yellow: center [61, 34]->[61, 35], size 80->78
ACTION4: 52 cells changed
  dark_gray: size 6->8
  orange: center [45, 36]->[45, 41]
  blue: center [48, 36]->[48, 41]
  yellow: size 78->76
2026-03-19 23:27:57,282 | INFO | [reasoning] Using high effort for post-trigger analysis
2026-03-19 23:30:08,202 | INFO | [actions] ['ACTION1']
2026-03-19 23:30:08,437 | INFO | #5 ACTION1: 52 cells changed score=0
2026-03-19 23:30:37,273 | INFO | [rule+] Each of ACTION1-ACTION4 is currently executable.
2026-03-19 23:30:37,274 | INFO | [rule+] ACTION1 moves the orange and blue lower-right blocks 5 cells left.
2026-03-19 23:30:37,274 | INFO | [rule+] Every action observed so far decreases the yellow bar by 2 cells.
2026-03-19 23:30:37,274 | INFO | [rule+] The orange and blue lower-right shapes move together as a linked pair.
2026-03-19 23:30:37,274 | INFO | [q4] Yes, the last action succeeded. ACTION1 consistently performs a leftward movement of the orange/blue paired blocks by 5 cells. It also consumes the ye
2026-03-19 23:30:37,274 | INFO | [q5] Top task: Map which movement action controls the white player and start navigating toward the top alcove or lo
2026-03-19 23:30:37,274 | INFO | [q6] Plan: For the top sub-task, the requirement is to identify which available action moves the white player rather than just the lower-right pair. The first th
2026-03-19 23:30:37,274 | INFO | [qa] Chosen: ACTION3
2026-03-19 23:30:37,275 | INFO | [q1] 13 objects identified
2026-03-19 23:30:37,275 | INFO | [actions] ['ACTION3']
2026-03-19 23:30:37,550 | INFO | #6 ACTION3: 52 cells changed score=0
2026-03-19 23:30:57,068 | INFO | [rule+] ACTION1 and ACTION3 do not move the white player.
2026-03-19 23:30:57,068 | INFO | [q4] Yes, the last action succeeded mechanically, but it failed to advance player navigation. It only affected the remote orange/blue pair and the resource
2026-03-19 23:30:57,069 | INFO | [q5] Top task: Identify whether ACTION2 or ACTION4 controls the white player, since ACTION1 and ACTION3 clearly con
2026-03-19 23:30:57,069 | INFO | [q6] Plan: The top sub-task requires testing an unconfirmed action that could move the white player. Since ACTION1 and ACTION3 are now strongly associated with m
2026-03-19 23:30:57,069 | INFO | [qa] Chosen: ACTION2
2026-03-19 23:30:57,069 | INFO | [q1] 11 objects identified
2026-03-19 23:30:57,069 | INFO | [actions] ['ACTION2']
2026-03-19 23:30:57,283 | INFO | #7 ACTION2: 52 cells changed score=0
2026-03-19 23:31:15,681 | INFO | [q4] Yes, ACTION2 succeeded mechanically, but it did not achieve the intended goal of finding player movement. It confirmed that ACTION2 is the rightward c
2026-03-19 23:31:15,682 | INFO | [q5] Top task: Test ACTION4 to determine whether all four actions exclusively control the orange/blue block pair ra
2026-03-19 23:31:15,682 | INFO | [q6] Plan: The top sub-task requires verifying whether ACTION4 completes the directional mapping of the remotely controlled orange/blue pair. Do ACTION4 first an
2026-03-19 23:31:15,682 | INFO | [qa] Chosen: ACTION4
2026-03-19 23:31:15,682 | INFO | [q1] 11 objects identified
2026-03-19 23:31:15,682 | INFO | [actions] ['ACTION4']
2026-03-19 23:31:15,955 | INFO | #8 ACTION4: 52 cells changed score=0
2026-03-19 23:31:38,580 | INFO | [rule+] ACTION1-ACTION4 do not move the white marker.
2026-03-19 23:31:38,580 | INFO | [rule+] The orange-blue linked pair is the only observed controllable playfield object.
2026-03-19 23:31:38,580 | INFO | [q4] Yes, the last action succeeded and completed the control mapping: ACTION4 is down for the orange-blue linked pair. This confirms that all four availab
2026-03-19 23:31:38,580 | INFO | [q5] Top task: Treat the orange-blue linked pair as the true player object and search for meaningful placements aga
2026-03-19 23:31:38,580 | INFO | [q6] Plan: The top sub-task requires placing the orange-blue pair into a new, potentially significant contact position. From the current location near the center
2026-03-19 23:31:38,580 | INFO | [qa] Chosen: ACTION1
2026-03-19 23:31:38,580 | INFO | [q1] 12 objects identified
2026-03-19 23:31:38,580 | INFO | [actions] ['ACTION1']
2026-03-19 23:31:38,797 | INFO | #9 ACTION1: 52 cells changed score=0
2026-03-19 23:31:58,548 | INFO | [q4] Yes, the action succeeded, but it produced no new mechanic beyond relocating the linked pair leftward. This means merely moving within open space is n
2026-03-19 23:31:58,548 | INFO | [q5] Top task: Test a new contact state by moving the linked pair upward toward the corridor notch/inner wall bound
2026-03-19 23:31:58,548 | INFO | [q6] Plan: The top sub-task requires placing the orange-blue pair into contact with a meaningful boundary rather than drifting in open floor. From its current le
2026-03-19 23:31:58,548 | INFO | [qa] Chosen: ACTION3
2026-03-19 23:31:58,548 | INFO | [q1] 12 objects identified
2026-03-19 23:31:58,548 | INFO | [actions] ['ACTION3']
2026-03-19 23:31:58,856 | INFO | #10 ACTION3: 52 cells changed score=0
2026-03-19 23:32:17,291 | INFO | [q4] Yes, the action succeeded mechanically, but it still produced no new effect beyond repositioning the linked pair and updating the meters. So moving up
2026-03-19 23:32:17,291 | INFO | [q5] Top task: Test a truly new boundary contact by moving the linked pair further left from its current upper-left
2026-03-19 23:32:17,291 | INFO | [q6] Plan: The top sub-task requires creating an informative new contact state rather than another open-space position. From the current location near [40,36]/[4
2026-03-19 23:32:17,291 | INFO | [qa] Chosen: ACTION1
2026-03-19 23:32:17,291 | INFO | [q1] 12 objects identified
2026-03-19 23:32:17,291 | INFO | [actions] ['ACTION1']
2026-03-19 23:32:17,597 | INFO | #11 ACTION1: 52 cells changed score=0
2026-03-19 23:32:36,130 | INFO | [q4] Yes, the last action succeeded. It showed the pair can continue moving left from the previous position, so we still have not reached the left movement
2026-03-19 23:32:36,130 | INFO | [q5] Top task: Continue mapping the left/up reachable envelope to find the first blocking boundary or special conta
2026-03-19 23:32:36,130 | INFO | [q6] Plan: The top sub-task requires finding a boundary or informative contact. Since the pair just moved left successfully again, the first thing to do is conti
2026-03-19 23:32:36,130 | INFO | [qa] Chosen: ACTION1
2026-03-19 23:32:36,130 | INFO | [q1] 12 objects identified
2026-03-19 23:32:36,130 | INFO | [actions] ['ACTION1']
2026-03-19 23:32:36,442 | INFO | #12 ACTION1: 52 cells changed score=0
2026-03-19 23:32:56,433 | INFO | [q4] Yes, the last action succeeded and was informative: the pair has reached a new contact/alignment state against the inner wall/notch area, but this con
2026-03-19 23:32:56,433 | INFO | [q5] Top task: From this left-contact position, test vertical sliding along the inner wall to find a precise dockin
2026-03-19 23:32:56,434 | INFO | [q6] Plan: The top sub-task requires keeping the pair against the inner wall and testing whether a specific vertical position causes a trigger or blockage patter
2026-03-19 23:32:56,434 | INFO | [qa] Chosen: ACTION3
2026-03-19 23:32:56,434 | INFO | [q1] 13 objects identified
2026-03-19 23:32:56,434 | INFO | [actions] ['ACTION3']
2026-03-19 23:32:56,668 | INFO | #13 ACTION3: BLOCKED score=0
2026-03-19 23:33:15,861 | INFO | [rule+] Blocked movement attempts still consume resources.
2026-03-19 23:33:15,862 | INFO | [q4] No, the last action did not move the pair because upward movement was blocked by the wall geometry. However, the attempt was informative: the current 
2026-03-19 23:33:15,862 | INFO | [q5] Top task: Test horizontal movement from this blocked-up position to see whether the pair can slide right along
2026-03-19 23:33:15,862 | INFO | [q6] Plan: The top sub-task requires staying at this newly discovered upper boundary and testing whether the pair can move laterally along it. The first thing to
2026-03-19 23:33:15,862 | INFO | [qa] Chosen: ACTION2
2026-03-19 23:33:15,862 | INFO | [q1] 13 objects identified
2026-03-19 23:33:15,862 | INFO | [actions] ['ACTION2']
2026-03-19 23:33:16,170 | INFO | #14 ACTION2: 52 cells changed score=0
2026-03-19 23:33:32,860 | INFO | [q4] Yes. ACTION2 succeeded and showed the pair can slide right from the blocked-up position, meaning the prior block was specifically an upward ceiling co
2026-03-19 23:33:32,860 | INFO | [q5] Top task: Test whether the new right-shifted position allows upward movement.
2026-03-19 23:33:32,860 | INFO | [q6] Plan: The top sub-task requires checking whether moving right unlocked an upward lane. The first thing to do is ACTION3 from the current position to see if 
2026-03-19 23:33:32,860 | INFO | [qa] Chosen: ACTION3
2026-03-19 23:33:32,860 | INFO | [q1] 13 objects identified
2026-03-19 23:33:32,860 | INFO | [actions] ['ACTION3']
2026-03-19 23:33:33,173 | INFO | #15 ACTION3: BLOCKED score=0
2026-03-19 23:33:51,703 | INFO | [q4] No, the last action did not move the piece because upward movement is still blocked at this position, even after shifting right once. This means the c
2026-03-19 23:33:51,703 | INFO | [q5] Top task: Continue tracing the top boundary horizontally to the right until upward movement becomes possible o
2026-03-19 23:33:51,703 | INFO | [q6] Plan: The top sub-task requires maintaining the current ceiling-adjacent region while searching for an opening. The first thing to do is move right again wi
2026-03-19 23:33:51,703 | INFO | [qa] Chosen: ACTION2
2026-03-19 23:33:51,703 | INFO | [q1] 13 objects identified
2026-03-19 23:33:51,703 | INFO | [actions] ['ACTION2']
2026-03-19 23:33:52,007 | INFO | #16 ACTION2: 52 cells changed score=0
2026-03-19 23:34:07,884 | INFO | [q4] Yes. ACTION2 succeeded and extended the horizontal boundary trace to the right. Since upward was blocked at two earlier x-positions, this new position
2026-03-19 23:34:07,884 | INFO | [q5] Top task: Test upward movement from the new farther-right position.
2026-03-19 23:34:07,884 | INFO | [q6] Plan: The top sub-task requires checking whether this new x-position unlocks vertical passage. The first thing to do is ACTION3 from the current location.
2026-03-19 23:34:07,884 | INFO | [qa] Chosen: ACTION3
2026-03-19 23:34:07,884 | INFO | [q1] 13 objects identified
2026-03-19 23:34:07,884 | INFO | [actions] ['ACTION3']
2026-03-19 23:34:08,194 | INFO | #17 ACTION3: BLOCKED score=0
2026-03-19 23:34:26,361 | INFO | [q4] No. ACTION3 failed because the upward blockage extends to this farther-right position as well. This suggests the obstacle's upper ceiling spans the fu
2026-03-19 23:34:26,362 | INFO | [q5] Top task: Test downward movement from the current right-side position to explore a lower route around the cent
2026-03-19 23:34:26,362 | INFO | [q6] Plan: The top sub-task requires leaving the blocked upper boundary region and probing the lower route. The first thing to do is ACTION4 to move the linked p
2026-03-19 23:34:26,362 | INFO | [qa] Chosen: ACTION4
2026-03-19 23:34:26,362 | INFO | [q1] 13 objects identified
2026-03-19 23:34:26,362 | INFO | [actions] ['ACTION4']
2026-03-19 23:34:26,589 | INFO | #18 ACTION4: 52 cells changed score=0
2026-03-19 23:34:43,106 | INFO | [q4] Yes. ACTION4 succeeded and moved the pair into the lower corridor, confirming there is open space below the previously blocked upper-boundary test are
2026-03-19 23:34:43,106 | INFO | [q5] Top task: Probe the right edge from the new lower position.
2026-03-19 23:34:43,106 | INFO | [q6] Plan: The top sub-task requires checking whether the bottom corridor extends farther right. The first thing to do is ACTION2 from the current lower position
2026-03-19 23:34:43,106 | INFO | [qa] Chosen: ACTION2
2026-03-19 23:34:43,106 | INFO | [q1] 13 objects identified
2026-03-19 23:34:43,106 | INFO | [actions] ['ACTION2']
2026-03-19 23:34:43,413 | INFO | #19 ACTION2: 52 cells changed score=0
2026-03-19 23:35:00,447 | INFO | [q4] Yes. ACTION2 succeeded and moved the pair to the far-right side of the lower corridor. This is useful because it may now align with an upward opening 
2026-03-19 23:35:00,447 | INFO | [q5] Top task: Test upward movement from this farther-right lower position.
2026-03-19 23:35:00,447 | INFO | [q6] Plan: The top sub-task requires checking whether this new far-right lower position allows ascent. The first thing to do is ACTION3.
2026-03-19 23:35:00,447 | INFO | [qa] Chosen: ACTION3
2026-03-19 23:35:00,447 | INFO | [q1] 13 objects identified
2026-03-19 23:35:00,447 | INFO | [actions] ['ACTION3']
2026-03-19 23:35:00,722 | INFO | #20 ACTION3: 52 cells changed score=0
2026-03-19 23:35:17,355 | INFO | [q4] Yes. ACTION3 succeeded from the far-right lower position, proving there is an upward opening on this column even though up was blocked on more leftwar
2026-03-19 23:35:17,355 | INFO | [q5] Top task: Continue upward from the newly opened column.
2026-03-19 23:35:17,355 | INFO | [q6] Plan: The top sub-task requires checking whether the ascent continues from the current column. The first thing to do is ACTION3 again.
2026-03-19 23:35:17,356 | INFO | [qa] Chosen: ACTION3
2026-03-19 23:35:17,356 | INFO | [q1] 13 objects identified
2026-03-19 23:35:17,356 | INFO | [actions] ['ACTION3']
2026-03-19 23:35:17,588 | INFO | #21 ACTION3: 52 cells changed score=0
2026-03-19 23:35:33,897 | INFO | [q4] Yes. ACTION3 succeeded again, confirming a continuous vertical passage upward on this right-hand column. The discovered route is real and should be ex
2026-03-19 23:35:33,898 | INFO | [q5] Top task: Continue moving upward along the discovered right-side passage.
2026-03-19 23:35:33,898 | INFO | [q6] Plan: The top sub-task requires staying on the proven upward corridor until it stops. The first thing to do is ACTION3 again.
2026-03-19 23:35:33,898 | INFO | [qa] Chosen: ACTION3
2026-03-19 23:35:33,898 | INFO | [q1] 13 objects identified
2026-03-19 23:35:33,898 | INFO | [actions] ['ACTION3']
2026-03-19 23:35:34,204 | INFO | #22 ACTION3: 52 cells changed score=0
2026-03-19 23:35:51,230 | INFO | [q4] Yes. ACTION3 succeeded again, confirming the vertical passage continues upward at least to row 26. We should keep exploiting this path until it blocks
2026-03-19 23:35:51,231 | INFO | [q5] Top task: Continue moving upward until the passage ends.
2026-03-19 23:35:51,231 | INFO | [q6] Plan: The top sub-task requires only that upward space remains open from the current location. The first thing to do is ACTION3 again to see whether the ver
2026-03-19 23:35:51,231 | INFO | [qa] Chosen: ACTION3
2026-03-19 23:35:51,231 | INFO | [q1] 13 objects identified
2026-03-19 23:35:51,231 | INFO | [actions] ['ACTION3']
2026-03-19 23:35:51,514 | INFO | #23 ACTION3: 52 cells changed score=0
2026-03-19 23:36:08,454 | INFO | [q4] Yes. ACTION3 succeeded again and brought the pair to the level of the leftward horizontal corridor above the obstacle. Since we have climbed far up th
2026-03-19 23:36:08,454 | INFO | [q5] Top task: Test moving left from the current high corridor position.
2026-03-19 23:36:08,454 | INFO | [q6] Plan: The top sub-task requires only checking whether the left corridor is open from the current location. The first thing to do is ACTION1.
2026-03-19 23:36:08,454 | INFO | [qa] Chosen: ACTION1
2026-03-19 23:36:08,454 | INFO | [q1] 13 objects identified
2026-03-19 23:36:08,455 | INFO | [actions] ['ACTION1']
2026-03-19 23:36:08,702 | INFO | #24 ACTION1: 52 cells changed score=0
2026-03-19 23:36:26,414 | INFO | [q4] Yes. ACTION1 succeeded, proving the high corridor continues left. This is meaningful progress because it brings the controllable pair toward the white
2026-03-19 23:36:26,415 | INFO | [q5] Top task: Continue moving left along the upper corridor toward the white marker area.
2026-03-19 23:36:26,415 | INFO | [q6] Plan: The top sub-task requires that the corridor remain open to the left from the current position. The first thing to do is ACTION1 again.
2026-03-19 23:36:26,415 | INFO | [qa] Chosen: ACTION1
2026-03-19 23:36:26,415 | INFO | [q1] 13 objects identified
2026-03-19 23:36:26,415 | INFO | [actions] ['ACTION1']
2026-03-19 23:36:26,737 | INFO | #25 ACTION1: 52 cells changed score=0
2026-03-19 23:36:43,529 | INFO | [q4] Yes. ACTION1 succeeded again, confirming the upper-left corridor continues toward the white marker chamber. This is the closest we've been to an appar
2026-03-19 23:36:43,529 | INFO | [q5] Top task: Continue moving left to reach or align with the white marker chamber.
2026-03-19 23:36:43,530 | INFO | [q6] Plan: The top sub-task requires that the corridor still be open to the left from the current position. The first thing to do is ACTION1 again.
2026-03-19 23:36:43,530 | INFO | [qa] Chosen: ACTION1
2026-03-19 23:36:43,530 | INFO | [q1] 13 objects identified
2026-03-19 23:36:43,530 | INFO | [actions] ['ACTION1']
2026-03-19 23:36:43,835 | INFO | #26 ACTION1: 120 cells changed score=0
2026-03-19 23:36:43,889 | INFO | [reasoning] Using high effort for post-trigger analysis
2026-03-19 23:38:43,541 | WARNING | [parse-error] JSON decode failed, falling back to _parse_json. Raw length: 1040
2026-03-19 23:38:43,541 | INFO | [actions] ['ACTION1']
2026-03-19 23:38:43,778 | INFO | #27 ACTION1: 52 cells changed score=0
2026-03-19 23:39:02,590 | INFO | [rule+] Contact with the white marker area can trigger remote changes elsewhere in the map.
2026-03-19 23:39:02,591 | INFO | [q4] Yes. ACTION1 succeeded and, importantly, caused a major remote change: the central near-black wall disappeared and the small white marker reappeared. 
2026-03-19 23:39:02,591 | INFO | [q5] Top task: Test movement through the newly opened central area by moving down from the current left chamber.
2026-03-19 23:39:02,591 | INFO | [q6] Plan: The top sub-task requires an open downward path from the current left chamber position into the newly accessible center. The first thing to do is ACTI
2026-03-19 23:39:02,591 | INFO | [qa] Chosen: ACTION4
2026-03-19 23:39:02,591 | INFO | [q1] 12 objects identified
2026-03-19 23:39:02,591 | INFO | [actions] ['ACTION4']
2026-03-19 23:39:02,897 | INFO | #28 ACTION4: 52 cells changed score=0
2026-03-19 23:39:19,538 | INFO | [q4] Yes. ACTION4 succeeded and confirmed that the newly opened central area is traversable below the left chamber. This supports exploiting the opened rou
2026-03-19 23:39:19,539 | INFO | [q5] Top task: Continue along the opened central route by moving right from the new lower position.
2026-03-19 23:39:19,539 | INFO | [q6] Plan: The top sub-task requires an open corridor to the right from the current position [25,26]/[28,26]. The first thing to do is ACTION2.
2026-03-19 23:39:19,539 | INFO | [qa] Chosen: ACTION2
2026-03-19 23:39:19,539 | INFO | [q1] 12 objects identified
2026-03-19 23:39:19,539 | INFO | [actions] ['ACTION2']
2026-03-19 23:39:19,765 | INFO | #29 ACTION2: 52 cells changed score=0
2026-03-19 23:39:35,971 | INFO | [q4] Yes. ACTION2 succeeded and placed the pair into the central vertical corridor just right of the left chamber. This looks like progress toward connecti
2026-03-19 23:39:35,972 | INFO | [q5] Top task: Move up from the current central corridor position.
2026-03-19 23:39:35,972 | INFO | [q6] Plan: The top sub-task requires an open upward corridor from the current position [30,26]/[33,26]. The first thing to do is ACTION3.
2026-03-19 23:39:35,972 | INFO | [qa] Chosen: ACTION3
2026-03-19 23:39:35,972 | INFO | [q1] 11 objects identified
2026-03-19 23:39:35,972 | INFO | [actions] ['ACTION3']
2026-03-19 23:39:36,284 | INFO | #30 ACTION3: 120 cells changed score=0
2026-03-19 23:39:36,354 | INFO | [reasoning] Using high effort for post-trigger analysis
2026-03-19 23:41:44,790 | WARNING | [parse-error] JSON decode failed, falling back to _parse_json. Raw length: 1268
2026-03-19 23:41:44,791 | INFO | [actions] ['ACTION1']
2026-03-19 23:41:45,104 | INFO | #31 ACTION1: 52 cells changed score=0
2026-03-19 23:42:04,248 | INFO | [q4] Yes. ACTION1 succeeded and clearly toggled global state again: white marker reappeared and the top black barrier disappeared. That means the current s
2026-03-19 23:42:04,249 | INFO | [q5] Top task: Use the current switch state to move toward the top alcove, starting by moving right out of the left
2026-03-19 23:42:04,249 | INFO | [q6] Plan: The top sub-task requires entering the corridor from the current left-chamber position while preserving the just-created state with the top barrier re
2026-03-19 23:42:04,249 | INFO | [qa] Chosen: ACTION2
2026-03-19 23:42:04,249 | INFO | [q1] 13 objects identified
2026-03-19 23:42:04,249 | INFO | [actions] ['ACTION2']
2026-03-19 23:42:04,553 | INFO | #32 ACTION2: 60 cells changed score=0
2026-03-19 23:42:22,614 | INFO | [q4] Yes, the movement succeeded, but it also flipped the map into a less favorable state: white marker hidden again and top barrier restored. So the actio
2026-03-19 23:42:22,614 | INFO | [q5] Top task: Restore the favorable switch state by moving left back onto the chamber-side position.
2026-03-19 23:42:22,620 | INFO | [q6] Plan: The top sub-task requires reversing the last toggle by returning the linked pair left to the prior chamber-side location. The first thing to do is ACT
2026-03-19 23:42:22,620 | INFO | [qa] Chosen: ACTION1
2026-03-19 23:42:22,620 | INFO | [q1] 13 objects identified
2026-03-19 23:42:22,620 | INFO | [actions] ['ACTION1']
2026-03-19 23:42:22,887 | INFO | #33 ACTION1: 52 cells changed score=0
2026-03-19 23:42:39,476 | INFO | [q4] Yes. ACTION1 both moved successfully and restored the previously favorable map state: marker visible, top barrier gone.
2026-03-19 23:42:39,476 | INFO | [q5] Top task: From the favorable state, test vertical movement from the chamber to find the route that exploits th
2026-03-19 23:42:39,476 | INFO | [q6] Plan: The top sub-task requires testing a move from the current favorable state that does not immediately re-toggle by moving right. The first thing to do i
2026-03-19 23:42:39,477 | INFO | [qa] Chosen: ACTION3
2026-03-19 23:42:39,477 | INFO | [q1] 11 objects identified
2026-03-19 23:42:39,477 | INFO | [actions] ['ACTION3']
2026-03-19 23:42:39,781 | INFO | #34 ACTION3: 52 cells changed score=0
2026-03-19 23:42:57,071 | INFO | [q4] Yes. ACTION3 succeeded cleanly. Crucially, it preserved the favorable state while repositioning the linked pair onto the upper ledge of the left chamb
2026-03-19 23:42:57,071 | INFO | [q5] Top task: Advance right along the upper ledge toward the central/top corridor while preserving the current fav
2026-03-19 23:42:57,071 | INFO | [q6] Plan: The top sub-task requires moving right from the current upper-ledge position into the adjoining corridor. First, try ACTION2.
2026-03-19 23:42:57,071 | INFO | [qa] Chosen: ACTION2
2026-03-19 23:42:57,071 | INFO | [q1] 11 objects identified
2026-03-19 23:42:57,071 | INFO | [actions] ['ACTION2']
2026-03-19 23:42:57,394 | INFO | #35 ACTION2: 52 cells changed score=0
2026-03-19 23:43:37,746 | INFO | [q4] Yes. ACTION2 succeeded and, importantly, did not toggle the white-marker state. This suggests the upper ledge bypasses the switch and is the correct r
2026-03-19 23:43:37,746 | INFO | [q5] Top task: Continue along the upper route toward the vertical shaft/top-center path.
2026-03-19 23:43:37,746 | INFO | [q6] Plan: The top sub-task requires extending movement along the upper route. The first thing to do is continue right with ACTION2.
2026-03-19 23:43:37,746 | INFO | [qa] Chosen: ACTION2
2026-03-19 23:43:37,746 | INFO | [q1] 11 objects identified
2026-03-19 23:43:37,746 | INFO | [actions] ['ACTION2']
2026-03-19 23:43:38,048 | INFO | #36 ACTION2: 52 cells changed score=0
2026-03-19 23:43:52,794 | INFO | [q4] Yes. ACTION2 succeeded and confirmed that moving right along the upper corridor continues to preserve the favorable state. This strengthens the model 
2026-03-19 23:43:52,794 | INFO | [q5] Top task: Keep following the upper corridor to the right until a junction or blockage is reached.
2026-03-19 23:43:52,794 | INFO | [q6] Plan: The top sub-task requires continuing along the already-confirmed open upper corridor. The first thing to do is ACTION2 again.
2026-03-19 23:43:52,794 | INFO | [qa] Chosen: ACTION2
2026-03-19 23:43:52,794 | INFO | [q1] 11 objects identified
2026-03-19 23:43:52,794 | INFO | [actions] ['ACTION2']
2026-03-19 23:43:53,047 | INFO | #37 ACTION2: BLOCKED score=0
2026-03-19 23:44:07,592 | INFO | [q4] No. ACTION2 was blocked because the corridor does not continue farther right from the current position.
2026-03-19 23:44:07,592 | INFO | [q5] Top task: Test vertical movement from the current blocked-right position to find the junction branch.
2026-03-19 23:44:07,593 | INFO | [q6] Plan: The top sub-task requires probing the branch from the current dead end. The first thing to do is ACTION3 to test whether the corridor turns upward her
2026-03-19 23:44:07,593 | INFO | [qa] Chosen: ACTION3
2026-03-19 23:44:07,593 | INFO | [q1] 11 objects identified
2026-03-19 23:44:07,593 | INFO | [actions] ['ACTION3']
2026-03-19 23:44:07,826 | INFO | #38 ACTION3: BLOCKED score=0
2026-03-19 23:44:21,678 | INFO | [q4] No. ACTION3 was blocked because there is no upward continuation from the current dead-end position.
2026-03-19 23:44:21,679 | INFO | [q5] Top task: Test the only untried local branch: move down from the current dead end.
2026-03-19 23:44:21,679 | INFO | [q6] Plan: The top sub-task requires probing downward from the current position. First do ACTION4.
2026-03-19 23:44:21,679 | INFO | [qa] Chosen: ACTION4
2026-03-19 23:44:21,679 | INFO | [q1] 11 objects identified
2026-03-19 23:44:21,679 | INFO | [actions] ['ACTION4']
2026-03-19 23:44:21,933 | INFO | #39 ACTION4: 52 cells changed score=0
2026-03-19 23:44:37,753 | INFO | [q4] Yes. ACTION4 succeeded and revealed a new corridor level. The pair is now close to the white marker again, but the favorable remote state has not chan
2026-03-19 23:44:37,753 | INFO | [q5] Top task: Exploit the newly discovered corridor by moving left to test contact with the white marker from this
2026-03-19 23:44:37,754 | INFO | [q6] Plan: The top sub-task requires making contact or near-contact with the white marker from the newly reached corridor row. The first thing to do is ACTION1.
2026-03-19 23:44:37,754 | INFO | [qa] Chosen: ACTION1
2026-03-19 23:44:37,754 | INFO | [q1] 11 objects identified
2026-03-19 23:44:37,754 | INFO | [actions] ['ACTION1']
2026-03-19 23:44:37,987 | INFO | #40 ACTION1: 60 cells changed score=0
2026-03-19 23:44:58,088 | INFO | [q4] Yes. ACTION1 succeeded and produced the most important discovery so far: touching the white marker toggles remote map state, specifically removing the
2026-03-19 23:44:58,088 | INFO | [q5] Top task: Reverse the harmful toggle if possible by moving off and re-contacting the switch area with minimal 
2026-03-19 23:44:58,088 | INFO | [q6] Plan: The top sub-task requires using the known switch mechanic again as efficiently as possible. Since the pair is sitting in the triggered area and the ma
2026-03-19 23:44:58,088 | INFO | [qa] Chosen: ACTION2
2026-03-19 23:44:58,088 | INFO | [q1] 11 objects identified
2026-03-19 23:44:58,088 | INFO | [actions] ['ACTION2']
2026-03-19 23:44:58,326 | INFO | #41 ACTION2: 52 cells changed score=0
2026-03-19 23:45:17,096 | INFO | [q4] Yes. ACTION2 succeeded and, crucially, confirmed the white marker is a reversible toggle: leaving/recontacting it flips the remote top barrier state. 
2026-03-19 23:45:17,097 | INFO | [q5] Top task: Use the final action to move in the direction most likely to exploit the favorable barrier-off state
2026-03-19 23:45:17,097 | INFO | [q6] Plan: The top sub-task requires preserving the barrier-off state and advancing toward a new route. The first thing to do is avoid ACTION1 and instead move v
2026-03-19 23:45:17,097 | INFO | [qa] Chosen: ACTION4
2026-03-19 23:45:17,097 | INFO | [q1] 10 objects identified
2026-03-19 23:45:17,097 | INFO | [actions] ['ACTION4']
2026-03-19 23:45:17,478 | INFO | #42 ACTION4: 52 cells changed score=0
2026-03-19 23:45:33,594 | INFO | [q4] Yes, the movement itself succeeded. However, it appears strategically costly: the yellow bar is now gone, suggesting resource exhaustion, and the top 
2026-03-19 23:45:33,595 | INFO | [q5] Top task: Test whether actions are still effective after yellow depletion by making the shortest move back tow
2026-03-19 23:45:33,595 | INFO | [q6] Plan: The top sub-task requires checking if control persists after the yellow bar disappears. The first thing to do is ACTION3, which should move the pair b
2026-03-19 23:45:33,595 | INFO | [qa] Chosen: ACTION3
2026-03-19 23:45:33,595 | INFO | [q1] 10 objects identified
2026-03-19 23:45:33,596 | INFO | [actions] ['ACTION3']
2026-03-19 23:45:33,970 | INFO | #43 ACTION3: 138 cells changed score=0
2026-03-19 23:45:34,048 | INFO | [reasoning] Using high effort for post-trigger analysis
2026-03-19 23:47:35,002 | WARNING | [parse-error] JSON decode failed, falling back to _parse_json. Raw length: 3378
2026-03-19 23:47:35,003 | INFO | [actions] ['ACTION1']
2026-03-19 23:47:35,313 | INFO | #44 ACTION1: 52 cells changed score=0
2026-03-19 23:47:55,176 | INFO | [rule+] ACTION2 moves the orange and blue linked pair 5 cells right.
2026-03-19 23:47:55,176 | INFO | [q4] Yes. ACTION1 succeeded and restored a favorable map state: the top black barrier is off while preserving most of the yellow timer. This suggests start
2026-03-19 23:47:55,177 | INFO | [q5] Top task: Advance toward the white marker trigger while keeping the top barrier absent.
2026-03-19 23:47:55,177 | INFO | [q6] Plan: The top sub-task requires following the known route from the lower-right room toward the left chamber while preserving the barrier-off state. From the
2026-03-19 23:47:55,177 | INFO | [qa] Chosen: ACTION3
2026-03-19 23:47:55,177 | INFO | [q1] 10 objects identified
2026-03-19 23:47:55,177 | INFO | [actions] ['ACTION3']
2026-03-19 23:47:55,485 | INFO | #45 ACTION3: 52 cells changed score=0
2026-03-19 23:48:10,845 | INFO | [q4] Yes. ACTION3 succeeded normally and continued a known path upward while preserving the favorable barrier-off state.
2026-03-19 23:48:10,846 | INFO | [q5] Top task: Continue routing toward the white marker chamber using the known upper-left path.
2026-03-19 23:48:10,846 | INFO | [q6] Plan: To continue the route toward the white marker chamber, the pair should move left from the current mid-right corridor position. First do ACTION1 to shi
2026-03-19 23:48:10,846 | INFO | [qa] Chosen: ACTION1
2026-03-19 23:48:10,846 | INFO | [q1] 10 objects identified
2026-03-19 23:48:10,846 | INFO | [actions] ['ACTION1']
2026-03-19 23:48:11,158 | INFO | #46 ACTION1: 52 cells changed score=0
2026-03-19 23:48:25,578 | INFO | [q4] Yes. ACTION1 succeeded and continued the known leftward route through the corridor while preserving the favorable barrier-open state.
2026-03-19 23:48:25,579 | INFO | [q5] Top task: Continue toward the white-marker chamber by moving up from the current corridor position.
2026-03-19 23:48:25,579 | INFO | [q6] Plan: To continue toward the white-marker chamber, the pair needs to move from the current corridor row into the upper-left chamber approach. The first thin
2026-03-19 23:48:25,579 | INFO | [qa] Chosen: ACTION3
2026-03-19 23:48:25,579 | INFO | [q1] 10 objects identified
2026-03-19 23:48:25,579 | INFO | [actions] ['ACTION3']
2026-03-19 23:48:25,901 | INFO | #47 ACTION3: BLOCKED score=0
2026-03-19 23:48:42,187 | INFO | [q4] No. ACTION3 did not move the linked pair because upward movement from the current corridor position is blocked by level geometry. It still consumed re
2026-03-19 23:48:42,187 | INFO | [q5] Top task: Find the open branch from the current corridor by moving left or down instead of further up.
2026-03-19 23:48:42,187 | INFO | [q6] Plan: The top sub-task requires choosing a direction from the current position that is not blocked. Since upward is confirmed blocked and right merely backt
2026-03-19 23:48:42,187 | INFO | [qa] Chosen: ACTION1
2026-03-19 23:48:42,187 | INFO | [q1] 9 objects identified
2026-03-19 23:48:42,187 | INFO | [actions] ['ACTION1']
2026-03-19 23:48:42,483 | INFO | #48 ACTION1: 52 cells changed score=0
2026-03-19 23:48:59,791 | INFO | [q4] Yes. ACTION1 succeeded and moved the pair farther left around the central obstacle, improving proximity to the left-side chamber while preserving the 
2026-03-19 23:48:59,791 | INFO | [q5] Top task: Test upward movement from this farther-left position to enter the upper-left chamber toward the whit
2026-03-19 23:48:59,791 | INFO | [q6] Plan: The top sub-task requires being under the opening into the upper-left chamber. The linked pair is now farther left and likely aligned with that openin
2026-03-19 23:48:59,792 | INFO | [qa] Chosen: ACTION3
2026-03-19 23:48:59,792 | INFO | [q1] 9 objects identified
2026-03-19 23:48:59,792 | INFO | [actions] ['ACTION3']
2026-03-19 23:49:00,103 | INFO | #49 ACTION3: BLOCKED score=0
2026-03-19 23:49:17,410 | INFO | [q4] No. ACTION3 failed because upward movement is blocked at the current left-shifted position too. This means the entire top edge of the current corridor
2026-03-19 23:49:17,411 | INFO | [q5] Top task: Continue left to find the next opening around the central obstacle.
2026-03-19 23:49:17,411 | INFO | [q6] Plan: The top sub-task requires reaching a new x-position where the obstacle no longer blocks upward movement or where the route bends toward the left-side 
2026-03-19 23:49:17,411 | INFO | [qa] Chosen: ACTION1
2026-03-19 23:49:17,411 | INFO | [q1] 9 objects identified
2026-03-19 23:49:17,411 | INFO | [actions] ['ACTION1']
2026-03-19 23:49:17,651 | INFO | #50 ACTION1: 52 cells changed score=0
2026-03-19 23:49:37,064 | INFO | [q4] Yes. ACTION1 succeeded and, crucially, caused a remote state transition that appears to open the left side near the lower-left blue node. This is the 
2026-03-19 23:49:37,065 | INFO | [q5] Top task: Exploit the newly appeared left dark_gray field to reach the lower-left blue node.
2026-03-19 23:49:37,065 | INFO | [q6] Plan: To reach the lower-left blue node, the linked pair must move onto the newly appeared dark_gray field on the left. The first thing to do is continue le
2026-03-19 23:49:37,065 | INFO | [qa] Chosen: ACTION1
2026-03-19 23:49:37,065 | INFO | [q1] 10 objects identified
2026-03-19 23:49:37,065 | INFO | [actions] ['ACTION1']
2026-03-19 23:49:37,377 | INFO | #51 ACTION1: 52 cells changed score=0
2026-03-19 23:49:56,725 | INFO | [q4] Yes. ACTION1 succeeded and produced an important causal observation: moving left while the special left-side dark_gray field is present makes that fie
2026-03-19 23:49:56,726 | INFO | [q5] Top task: Keep moving left to cross the shrinking dark_gray field and reach the lower-left blue node before th
2026-03-19 23:49:56,726 | INFO | [q6] Plan: The top sub-task requires staying on the temporary left route while it still exists and closing the remaining gap to the lower-left blue node. The fir
2026-03-19 23:49:56,726 | INFO | [qa] Chosen: ACTION1
2026-03-19 23:49:56,726 | INFO | [q1] 10 objects identified
2026-03-19 23:49:56,726 | INFO | [actions] ['ACTION1']
2026-03-19 23:49:56,967 | INFO | #52 ACTION1: 52 cells changed score=0
2026-03-19 23:50:13,963 | INFO | [q4] Yes. ACTION1 succeeded and gave stronger evidence that the lower-left route is the intended objective path: moving left both advances the pair and ero
2026-03-19 23:50:13,963 | INFO | [q5] Top task: Move left one more step to make direct contact with the lower-left blue node or fully enter its cell
2026-03-19 23:50:13,963 | INFO | [q6] Plan: The top sub-task requires closing the tiny remaining horizontal gap to the lower-left blue node before the temporary path disappears. The first thing 
2026-03-19 23:50:13,963 | INFO | [qa] Chosen: ACTION1
2026-03-19 23:50:13,963 | INFO | [q1] 10 objects identified
2026-03-19 23:50:13,964 | INFO | [actions] ['ACTION1']
2026-03-19 23:50:14,268 | INFO | #53 ACTION1: 0 cells changed score=0
2026-03-19 23:50:34,105 | INFO | [q4] No. ACTION1 failed because left movement from the current top-neck position is blocked. Since nothing changed at all, the pair is jammed against surro
2026-03-19 23:50:34,105 | INFO | [q5] Top task: Test direct interaction with the white marker by moving upward into it.
2026-03-19 23:50:34,105 | INFO | [q6] Plan: The top sub-task requires contact with the white marker area. The first thing to do is attempt ACTION3, because that is the move that would push the l
2026-03-19 23:50:34,105 | INFO | [qa] Chosen: ACTION3
2026-03-19 23:50:34,105 | INFO | [q1] 10 objects identified
2026-03-19 23:50:34,105 | INFO | [actions] ['ACTION3']
2026-03-19 23:50:34,337 | INFO | #54 ACTION3: BLOCKED score=0
2026-03-19 23:50:52,356 | INFO | [q4] No. ACTION3 did not move the linked pair or trigger the white marker. The likely reason is that upward movement/contact is blocked in this top alcove 
2026-03-19 23:50:52,357 | INFO | [q5] Top task: Escape the stuck top-corridor position by testing a new horizontal exit direction.
2026-03-19 23:50:52,357 | INFO | [q6] Plan: The top sub-task requires trying a direction other than the already-failed left and up. The first thing to do is test ACTION2 to move right out of the
2026-03-19 23:50:52,357 | INFO | [qa] Chosen: ACTION2
2026-03-19 23:50:52,357 | INFO | [q1] 10 objects identified
2026-03-19 23:50:52,357 | INFO | [actions] ['ACTION2']
2026-03-19 23:50:52,586 | INFO | #55 ACTION2: 52 cells changed score=0
2026-03-19 23:51:11,477 | INFO | [q4] Yes. ACTION2 succeeded and revealed a useful reversible mechanic: moving right regrows the left dark_gray field and black enclosure, while moving left
2026-03-19 23:51:11,477 | INFO | [q5] Top task: Exploit the newly regrown left field by moving left again to re-approach the lower-left blue node un
2026-03-19 23:51:11,477 | INFO | [q6] Plan: The top sub-task requires using the restored expanded left field before changing state unnecessarily. The first step is ACTION1, moving left back towa
2026-03-19 23:51:11,477 | INFO | [qa] Chosen: ACTION1
2026-03-19 23:51:11,478 | INFO | [q1] 10 objects identified
2026-03-19 23:51:11,478 | INFO | [actions] ['ACTION1']
2026-03-19 23:51:11,754 | INFO | #56 ACTION1: 52 cells changed score=0
2026-03-19 23:51:30,220 | INFO | [q4] Yes. ACTION1 succeeded and confirmed the reversible coupling: moving left shrinks the left-side dark_gray field and black enclosure, while moving righ
2026-03-19 23:51:30,221 | INFO | [q5] Top task: Probe vertical movement from the current near-node position to find an open route around or into the
2026-03-19 23:51:30,221 | INFO | [q6] Plan: The top sub-task requires testing a new movement axis from the current near-node position. The first thing to do is ACTION4 to move downward, because 
2026-03-19 23:51:30,221 | INFO | [qa] Chosen: ACTION4
2026-03-19 23:51:30,221 | INFO | [q1] 10 objects identified
2026-03-19 23:51:30,221 | INFO | [actions] ['ACTION4']
2026-03-19 23:51:30,523 | INFO | #57 ACTION4: BLOCKED score=0
2026-03-19 23:51:48,238 | INFO | [q4] No. ACTION4 failed because downward movement from the current near-left-chamber position is blocked. Combined with the earlier blocked left attempt an
2026-03-19 23:51:48,238 | INFO | [q5] Top task: Use the only confirmed open direction to change state again and reopen possibilities near the lower-
2026-03-19 23:51:48,239 | INFO | [q6] Plan: The top sub-task requires leaving the dead-end tile and changing the left-side state. The first thing to do is ACTION2, because right is the only conf
2026-03-19 23:51:48,239 | INFO | [qa] Chosen: ACTION2
2026-03-19 23:51:48,239 | INFO | [q1] 10 objects identified
2026-03-19 23:51:48,239 | INFO | [actions] ['ACTION2']
2026-03-19 23:51:48,545 | INFO | #58 ACTION2: 52 cells changed score=0
2026-03-19 23:52:05,953 | INFO | [q4] Yes. ACTION2 succeeded and again confirmed the reversible mechanic: moving right regrows the left-side dark_gray field and black enclosure. Since the 
2026-03-19 23:52:05,953 | INFO | [q5] Top task: Test vertical movement from this one-step-right position to see whether the expanded state opens a r
2026-03-19 23:52:05,953 | INFO | [q6] Plan: The top sub-task requires probing a new local route from the current shifted position while the left chamber is expanded. The first step is ACTION4 to
2026-03-19 23:52:05,954 | INFO | [qa] Chosen: ACTION4
2026-03-19 23:52:05,954 | INFO | [q1] 10 objects identified
2026-03-19 23:52:05,954 | INFO | [actions] ['ACTION4']
2026-03-19 23:52:06,259 | INFO | #59 ACTION4: BLOCKED score=0
2026-03-19 23:52:26,229 | INFO | [q4] No. ACTION4 failed because downward movement is also blocked from the current [20,36]/[23,36] offset. Together with prior evidence, the top corridor u
2026-03-19 23:52:26,229 | INFO | [q5] Top task: Search horizontally for a corridor position where vertical movement becomes possible.
2026-03-19 23:52:26,229 | INFO | [q6] Plan: The top sub-task requires moving to a new horizontal offset that has not yet been tested for vertical access. The first step is ACTION2, moving right,
2026-03-19 23:52:26,229 | INFO | [qa] Chosen: ACTION2
2026-03-19 23:52:26,229 | INFO | [q1] 10 objects identified
2026-03-19 23:52:26,230 | INFO | [actions] ['ACTION2']
2026-03-19 23:52:26,464 | INFO | #60 ACTION2: 52 cells changed score=0
2026-03-19 23:52:45,275 | INFO | [q4] Yes. ACTION2 succeeded and gave a new result: moving farther right expanded the left dark_gray field again, now reaching farther toward the current co
2026-03-19 23:52:45,275 | INFO | [q5] Top task: Test vertical movement from this new farther-right corridor offset.
2026-03-19 23:52:45,275 | INFO | [q6] Plan: The top sub-task requires probing a vertical move from an untested horizontal offset. The first thing to do is ACTION3, because the pair is directly u
2026-03-19 23:52:45,275 | INFO | [qa] Chosen: ACTION3
2026-03-19 23:52:45,275 | INFO | [q1] 10 objects identified
2026-03-19 23:52:45,275 | INFO | [actions] ['ACTION3']
2026-03-19 23:52:45,581 | INFO | #61 ACTION3: 52 cells changed score=0
2026-03-19 23:53:04,526 | INFO | [q4] Yes. ACTION3 succeeded and revealed the key mechanic: moving up at this specific column near the white marker remotely toggles the left dark_gray fiel
2026-03-19 23:53:04,527 | INFO | [q5] Top task: Exploit the newly reached upper ledge to search for the next open path before leaving it.
2026-03-19 23:53:04,527 | INFO | [q6] Plan: The top sub-task requires probing available movement from the newly accessed ledge. The first thing to do is ACTION2, because from the image the ledge
2026-03-19 23:53:04,527 | INFO | [qa] Chosen: ACTION2
2026-03-19 23:53:04,527 | INFO | [q1] 10 objects identified
2026-03-19 23:53:04,527 | INFO | [actions] ['ACTION2']
2026-03-19 23:53:04,761 | INFO | #62 ACTION2: BLOCKED score=0
2026-03-19 23:53:21,750 | INFO | [q4] No. ACTION2 failed because rightward movement from the current upper-slot position is blocked. This means the newly reached location is not a right-tr
2026-03-19 23:53:21,750 | INFO | [q5] Top task: Test the other untried movement directions from the current upper-slot position to map exits from th
2026-03-19 23:53:21,750 | INFO | [q6] Plan: The top sub-task requires probing a different direction from the current upper-slot position. The first thing to do is ACTION4, because moving down is
2026-03-19 23:53:21,750 | INFO | [qa] Chosen: ACTION4
2026-03-19 23:53:21,750 | INFO | [q1] 9 objects identified
2026-03-19 23:53:21,750 | INFO | [actions] ['ACTION4']
2026-03-19 23:53:21,988 | INFO | #63 ACTION4: 52 cells changed score=0
2026-03-19 23:53:40,888 | INFO | [q4] Yes. ACTION4 succeeded and established a reversible causal rule: leaving the upper trigger position by moving down restores the left dark_gray field. 
2026-03-19 23:53:40,888 | INFO | [q5] Top task: Move left while the dark_gray field is restored to try to reach/contact the lower-left blue node.
2026-03-19 23:53:40,888 | INFO | [q6] Plan: The top sub-task requires advancing toward the left chamber while the dark_gray field is present. The first thing to do is ACTION1, because leftward m
2026-03-19 23:53:40,889 | INFO | [qa] Chosen: ACTION1
2026-03-19 23:53:40,889 | INFO | [q1] 10 objects identified
2026-03-19 23:53:40,889 | INFO | [actions] ['ACTION1']
2026-03-19 23:53:41,192 | INFO | #64 ACTION1: 52 cells changed score=0
2026-03-19 23:54:02,691 | INFO | [q4] Yes. ACTION1 succeeded and revealed another causal relation: moving left not only repositions the pair but also contracts the left dark_gray field. De
2026-03-19 23:54:02,691 | INFO | [q5] Top task: Attempt direct contact with the lower-left blue node by moving left again.
2026-03-19 23:54:02,691 | INFO | [q6] Plan: The top sub-task requires reaching the lower-left blue node. The first thing to do is ACTION1, because one more left move is the direct contact attemp
2026-03-19 23:54:02,691 | INFO | [qa] Chosen: ACTION1
2026-03-19 23:54:02,691 | INFO | [q1] 10 objects identified
2026-03-19 23:54:02,691 | INFO | [actions] ['ACTION1']
2026-03-19 23:54:02,947 | INFO | #65 ACTION1: 52 cells changed score=0
2026-03-19 23:54:24,402 | INFO | [q4] Yes. ACTION1 succeeded and brought the linked pair into the left chamber's objective area. The important observed effect is that pushing farther left 
2026-03-19 23:54:24,402 | INFO | [q5] Top task: Test whether the current left-edge contact allows vertical movement within the left chamber.
2026-03-19 23:54:24,402 | INFO | [q6] Plan: The top sub-task requires probing local movement from the current left-edge contact position. The first thing to do is ACTION3, because up is the most
2026-03-19 23:54:24,402 | INFO | [qa] Chosen: ACTION3
2026-03-19 23:54:24,403 | INFO | [q1] 10 objects identified
2026-03-19 23:54:24,403 | INFO | [actions] ['ACTION3']
2026-03-19 23:54:24,634 | INFO | #66 ACTION3: BLOCKED score=0
2026-03-19 23:54:42,422 | INFO | [q4] No. ACTION3 failed because upward movement from the current left-chamber/objective alignment is blocked. This means the chamber cannot be entered upwa
2026-03-19 23:54:42,422 | INFO | [q5] Top task: Test the other local chamber direction from the current left-edge contact position.
2026-03-19 23:54:42,422 | INFO | [q6] Plan: The top sub-task requires probing the remaining local direction from the current contact position. The first thing to do is ACTION4, because down is t
2026-03-19 23:54:42,422 | INFO | [qa] Chosen: ACTION4
2026-03-19 23:54:42,422 | INFO | [q1] 10 objects identified
2026-03-19 23:54:42,422 | INFO | [actions] ['ACTION4']
2026-03-19 23:54:42,652 | INFO | #67 ACTION4: BLOCKED score=0
2026-03-19 23:55:00,293 | INFO | [q4] No. ACTION4 failed because downward movement from the current left-chamber position is blocked. Since ACTION3 was also blocked last turn, both local v
2026-03-19 23:55:00,293 | INFO | [q5] Top task: Retreat right from the dead-end left chamber position.
2026-03-19 23:55:00,293 | INFO | [q6] Plan: The top sub-task requires leaving the current dead-end. The first thing to do is move right once to regain maneuvering room and test a new alignment.
2026-03-19 23:55:00,293 | INFO | [qa] Chosen: ACTION2
2026-03-19 23:55:00,293 | INFO | [q1] 10 objects identified
2026-03-19 23:55:00,293 | INFO | [actions] ['ACTION2']
2026-03-19 23:55:00,544 | INFO | #68 ACTION2: 52 cells changed score=0
2026-03-19 23:55:18,884 | INFO | [q4] Yes. ACTION2 succeeded and reversed part of the earlier chamber compression: moving right expanded the left dark_gray field and black enclosure. This 
2026-03-19 23:55:18,884 | INFO | [q5] Top task: Test vertical movement from the new expanded-geometry position near the left chamber.
2026-03-19 23:55:18,884 | INFO | [q6] Plan: The top sub-task requires probing vertical entry from the new expanded position. The first thing to do is ACTION3, because upward movement is the stro
2026-03-19 23:55:18,884 | INFO | [qa] Chosen: ACTION3
2026-03-19 23:55:18,884 | INFO | [q1] 10 objects identified
2026-03-19 23:55:18,884 | INFO | [actions] ['ACTION3']
2026-03-19 23:55:19,188 | INFO | #69 ACTION3: BLOCKED score=0
2026-03-19 23:55:36,083 | INFO | [q4] No. ACTION3 failed because upward movement from the current trigger-column position is blocked. Since the pair appears already tucked under the white 
2026-03-19 23:55:36,083 | INFO | [q5] Top task: Move down from the white-trigger column to carry the current terrain state back toward the left cham
2026-03-19 23:55:36,083 | INFO | [q6] Plan: The top sub-task requires leaving the trigger column while preserving the current chamber state. The first thing to do is ACTION4 to move down from be
2026-03-19 23:55:36,083 | INFO | [qa] Chosen: ACTION4
2026-03-19 23:55:36,083 | INFO | [q1] 10 objects identified
2026-03-19 23:55:36,083 | INFO | [actions] ['ACTION4']
2026-03-19 23:55:36,396 | INFO | #70 ACTION4: BLOCKED score=0
2026-03-19 23:55:53,291 | INFO | [q4] No. ACTION4 failed because downward movement from the current trigger-column position is blocked. Since ACTION3 was also blocked here, the pair is stu
2026-03-19 23:55:53,291 | INFO | [q5] Top task: Test a horizontal exit from the trigger column.
2026-03-19 23:55:53,291 | INFO | [q6] Plan: The top sub-task requires probing a side exit from the narrow trigger column. The first thing to do is ACTION1, testing the left side because the visi
2026-03-19 23:55:53,291 | INFO | [qa] Chosen: ACTION1
2026-03-19 23:55:53,291 | INFO | [q1] 10 objects identified
2026-03-19 23:55:53,291 | INFO | [actions] ['ACTION1']
2026-03-19 23:55:53,567 | INFO | #71 ACTION1: 52 cells changed score=0
2026-03-19 23:56:11,757 | INFO | [q4] Yes. ACTION1 succeeded. Crucially, moving left compressed the left chamber state again, undoing the expansion caused by ACTION2. So horizontal positio
2026-03-19 23:56:11,757 | INFO | [q5] Top task: Exploit the newly compressed left-side state by testing vertical movement from this exact alignment.
2026-03-19 23:56:11,757 | INFO | [q6] Plan: The top sub-task requires testing vertical movement from the compressed state at the current left position. The first thing to do is try ACTION4, beca
2026-03-19 23:56:11,757 | INFO | [qa] Chosen: ACTION4
2026-03-19 23:56:11,757 | INFO | [q1] 10 objects identified
2026-03-19 23:56:11,757 | INFO | [actions] ['ACTION4']
2026-03-19 23:56:12,027 | INFO | #72 ACTION4: BLOCKED score=0
2026-03-19 23:56:29,737 | INFO | [q4] No. ACTION4 failed because downward movement from the current position in the trigger column is blocked. Combined with earlier evidence that both vert
2026-03-19 23:56:29,738 | INFO | [q5] Top task: Move horizontally to the expanded-state position again.
2026-03-19 23:56:29,738 | INFO | [q6] Plan: The top sub-task requires leaving the compressed left alignment and restoring the expanded geometry. The first thing to do is ACTION2, because it is k
2026-03-19 23:56:29,738 | INFO | [qa] Chosen: ACTION2
2026-03-19 23:56:29,738 | INFO | [q1] 10 objects identified
2026-03-19 23:56:29,738 | INFO | [actions] ['ACTION2']
2026-03-19 23:56:30,042 | INFO | #73 ACTION2: 52 cells changed score=0
2026-03-19 23:56:45,921 | INFO | [q4] Yes. ACTION2 succeeded and confirmed a causal rule: shifting right restores the expanded left-chamber geometry. Horizontal position in the trigger col
2026-03-19 23:56:45,921 | INFO | [q5] Top task: Test vertical movement from the expanded-state alignment.
2026-03-19 23:56:45,922 | INFO | [q6] Plan: The top sub-task requires probing the expanded-state alignment for a newly open vertical path. The first thing to do is ACTION3, testing upward moveme
2026-03-19 23:56:45,922 | INFO | [qa] Chosen: ACTION3
2026-03-19 23:56:45,922 | INFO | [q1] 10 objects identified
2026-03-19 23:56:45,922 | INFO | [actions] ['ACTION3']
2026-03-19 23:56:46,230 | INFO | #74 ACTION3: BLOCKED score=0
2026-03-19 23:57:03,555 | INFO | [q4] No. ACTION3 failed because upward movement from the current expanded-state trigger-column position is blocked. Since downward was also previously bloc
2026-03-19 23:57:03,556 | INFO | [q5] Top task: Return to the compressed left alignment and test whether it permits a different next move than the e
2026-03-19 23:57:03,556 | INFO | [q6] Plan: The top sub-task requires leaving the current expanded alignment and restoring the compressed state. The first thing to do is ACTION1, because it is k
2026-03-19 23:57:03,556 | INFO | [qa] Chosen: ACTION1
2026-03-19 23:57:03,556 | INFO | [q1] 10 objects identified
2026-03-19 23:57:03,556 | INFO | [actions] ['ACTION1']
2026-03-19 23:57:03,793 | INFO | #75 ACTION1: 52 cells changed score=0
2026-03-19 23:57:21,603 | INFO | [q4] Yes. ACTION1 succeeded and again confirmed that moving left compresses the left chamber geometry. This is a reliable remote-toggle effect caused by ho
2026-03-19 23:57:21,604 | INFO | [q5] Top task: Stop spending moves on already-proven blocked vertical tests at the same alignments; probe the only 
2026-03-19 23:57:21,604 | INFO | [q6] Plan: The top sub-task requires testing the only remaining informative movement from the current compressed alignment. The first thing to do is ACTION3, bec
2026-03-19 23:57:21,604 | INFO | [qa] Chosen: ACTION3
2026-03-19 23:57:21,604 | INFO | [q1] 10 objects identified
2026-03-19 23:57:21,604 | INFO | [actions] ['ACTION3']
2026-03-19 23:57:21,864 | INFO | #76 ACTION3: BLOCKED score=0
2026-03-19 23:57:41,321 | INFO | [q4] No. ACTION3 failed because upward movement from the compressed left alignment is blocked. Combined with prior results, both vertical directions are no
2026-03-19 23:57:41,322 | INFO | [q5] Top task: Abandon local movement probing in the trigger column and use horizontal toggling only if it may reac
2026-03-19 23:57:41,322 | INFO | [q6] Plan: The top sub-task requires using a horizontal move, since vertical movement is fully ruled out at the two known positions. The first thing to do is ACT
2026-03-19 23:57:41,322 | INFO | [qa] Chosen: ACTION2
2026-03-19 23:57:41,322 | INFO | [q1] 10 objects identified
2026-03-19 23:57:41,322 | INFO | [actions] ['ACTION2']
2026-03-19 23:57:41,612 | INFO | #77 ACTION2: 52 cells changed score=0
2026-03-19 23:58:01,492 | INFO | [q4] Yes. ACTION2 succeeded and reconfirmed the binary terrain toggle: right-shifted alignment produces the expanded left dark_gray/black state. No new rou
2026-03-19 23:58:01,493 | INFO | [q5] Top task: Test whether the horizontal toggle can go farther right than the known two-state shuttle.
2026-03-19 23:58:01,493 | INFO | [q6] Plan: The top sub-task requires probing for a new horizontal position beyond the current expanded state. The first thing to do is ACTION2, because from the 
2026-03-19 23:58:01,493 | INFO | [qa] Chosen: ACTION2
2026-03-19 23:58:01,493 | INFO | [q1] 10 objects identified
2026-03-19 23:58:01,493 | INFO | [actions] ['ACTION2']
2026-03-19 23:58:01,799 | INFO | #78 ACTION2: 52 cells changed score=0
2026-03-19 23:58:21,354 | INFO | [q4] Yes. ACTION2 succeeded and revealed that horizontal movement is not just a binary toggle: there is at least a third rightward shaft position, and it c
2026-03-19 23:58:21,355 | INFO | [q5] Top task: Continue rightward progression to see whether further expansion creates a route or contact opportuni
2026-03-19 23:58:21,355 | INFO | [q6] Plan: The top sub-task requires testing whether the shaft supports another rightward step and whether that further expands the left terrain. The first thing
2026-03-19 23:58:21,355 | INFO | [qa] Chosen: ACTION2
2026-03-19 23:58:21,355 | INFO | [q1] 10 objects identified
2026-03-19 23:58:21,355 | INFO | [actions] ['ACTION2']
2026-03-19 23:58:21,607 | INFO | #79 ACTION2: 52 cells changed score=0
2026-03-19 23:58:39,580 | INFO | [q4] Yes. ACTION2 succeeded and revealed another new state: moving farther right can fully remove the left dark_gray platform rather than merely expanding 
2026-03-19 23:58:39,580 | INFO | [q5] Top task: Test whether the new far-right state opens vertical movement from the current position.
2026-03-19 23:58:39,580 | INFO | [q6] Plan: The top sub-task requires checking local movement options from this newly reached far-right shaft position. The first thing to do is ACTION3, because 
2026-03-19 23:58:39,580 | INFO | [qa] Chosen: ACTION3
2026-03-19 23:58:39,580 | INFO | [q1] 11 objects identified
2026-03-19 23:58:39,580 | INFO | [actions] ['ACTION3']
2026-03-19 23:58:39,897 | INFO | #80 ACTION3: BLOCKED score=0
2026-03-19 23:58:57,342 | INFO | [q4] No. ACTION3 failed because upward movement is blocked at the far-right shaft state. The attempt still consumed timer and advanced the HUD counter.
2026-03-19 23:58:57,342 | INFO | [q5] Top task: Test downward movement from the far-right shaft state before abandoning this new local configuration
2026-03-19 23:58:57,342 | INFO | [q6] Plan: The top sub-task requires checking the only untested local exit from the far-right state. The player should do ACTION4 first, because it tests whether
2026-03-19 23:58:57,343 | INFO | [qa] Chosen: ACTION4
2026-03-19 23:58:57,343 | INFO | [q1] 11 objects identified
2026-03-19 23:58:57,343 | INFO | [actions] ['ACTION4']
2026-03-19 23:58:57,579 | INFO | #81 ACTION4: 52 cells changed score=0
2026-03-19 23:59:14,559 | INFO | [q4] Yes. ACTION4 succeeded and is important because the far-right state is not a dead end: it opened a downward move into a new local corridor. This is th
2026-03-19 23:59:14,559 | INFO | [q5] Top task: Explore the newly reached lower-right corridor for further movement options before backtracking.
2026-03-19 23:59:14,559 | INFO | [q6] Plan: The top sub-task requires testing movement options from the newly entered lower-right corridor. The player should first try ACTION2, because moving ri
2026-03-19 23:59:14,560 | INFO | [qa] Chosen: ACTION2
2026-03-19 23:59:14,560 | INFO | [q1] 10 objects identified
2026-03-19 23:59:14,560 | INFO | [actions] ['ACTION2']
2026-03-19 23:59:14,896 | INFO | #82 ACTION2: 52 cells changed score=0
2026-03-19 23:59:32,454 | INFO | [q4] Yes. ACTION2 succeeded and confirms the lower-right room extends at least one tile-step farther right. This is meaningful local exploration progress, 
2026-03-19 23:59:32,454 | INFO | [q5] Top task: Test whether the lower-right room has a vertical exit from this farther-right position.
2026-03-19 23:59:32,454 | INFO | [q6] Plan: The top sub-task requires probing local exits from the new farther-right room position. The first thing to do is test upward movement with ACTION3, be
2026-03-19 23:59:32,454 | INFO | [qa] Chosen: ACTION3
2026-03-19 23:59:32,454 | INFO | [q1] 10 objects identified
2026-03-19 23:59:32,454 | INFO | [actions] ['ACTION3']
2026-03-19 23:59:32,727 | INFO | #83 ACTION3: 52 cells changed score=0
2026-03-19 23:59:48,884 | INFO | [q4] Yes. ACTION3 succeeded and shows the farther-right room has an upper lane, so the room is navigable rather than sealed. This gives one more local bran
2026-03-19 23:59:48,885 | INFO | [q5] Top task: Use the remaining budget to find the single most likely exit/edge from the current upper-right room 
2026-03-19 23:59:48,885 | INFO | [q6] Plan: The top sub-task requires checking the most promising unexplored direction from the current upper-right room position. The player should do ACTION2 fi
2026-03-19 23:59:48,885 | INFO | [qa] Chosen: ACTION2
2026-03-19 23:59:48,885 | INFO | [q1] 10 objects identified
2026-03-19 23:59:48,885 | INFO | [actions] ['ACTION2']
2026-03-19 23:59:49,121 | INFO | #84 ACTION2: 52 cells changed score=0
2026-03-20 00:00:06,595 | INFO | [q4] Yes. ACTION2 succeeded and likely placed the pair at or near the far-right boundary of the explored upper lane. With only two actions left, the next m
2026-03-20 00:00:06,596 | INFO | [q5] Top task: Test for a vertical exit from the far-right end of the upper lane.
2026-03-20 00:00:06,596 | INFO | [q6] Plan: The top sub-task requires probing the most likely unexplored exit from the current far-right endpoint. The player should try ACTION4 first, because a 
2026-03-20 00:00:06,596 | INFO | [qa] Chosen: ACTION4
2026-03-20 00:00:06,596 | INFO | [q1] 10 objects identified
2026-03-20 00:00:06,596 | INFO | [actions] ['ACTION4']
2026-03-20 00:00:06,935 | INFO | #85 ACTION4: 52 cells changed score=0
2026-03-20 00:00:28,946 | INFO | [q4] Yes. ACTION4 succeeded and returned the pair to the far-right lower lane. Because only one action remains, the result matters mainly as a final-positi
2026-03-20 00:00:28,946 | INFO | [q5] Top task: Use the final action on the single most informative unexplored move from the current far-right lower
2026-03-20 00:00:28,946 | INFO | [q6] Plan: The top sub-task requires checking the best remaining unexplored direction from the current far-right lower-lane position. The player should try ACTIO
2026-03-20 00:00:28,946 | INFO | [qa] Chosen: ACTION2
2026-03-20 00:00:28,946 | INFO | [q1] 10 objects identified
2026-03-20 00:00:28,946 | INFO | [actions] ['ACTION2']
2026-03-20 00:00:29,213 | INFO | #86 ACTION2: 52 cells changed score=0
2026-03-20 00:00:52,618 | INFO | [q4] Yes, the movement component of ACTION2 succeeded. However, it also exhausted the yellow resource entirely, which caused a new global state change: the
2026-03-20 00:00:52,618 | INFO | [q5] Top task: Confirm whether the game is effectively in a terminal/failure state after yellow depletion.
2026-03-20 00:00:52,618 | INFO | [q6] Plan: The top sub-task requires checking whether play continues after the yellow bar disappears. The first thing to do is issue a simple reversible movement
2026-03-20 00:00:52,618 | INFO | [qa] Chosen: ACTION1
2026-03-20 00:00:52,618 | INFO | [q1] 12 objects identified
2026-03-20 00:00:52,619 | INFO | [actions] ['ACTION1']
2026-03-20 00:00:52,937 | INFO | #87 ACTION1: 88 cells changed score=0
2026-03-20 00:01:14,205 | INFO | [q4] Partially succeeded. ACTION1 was accepted, but instead of moving the pair it caused a global HUD/state transition: the yellow resource bar was restore
2026-03-20 00:01:14,205 | INFO | [q5] Top task: Determine whether the restored yellow bar means movement is available again or whether specific acti
2026-03-20 00:01:14,205 | INFO | [q6] Plan: The top sub-task requires testing a simple movement direction from the current known-open location now that the yellow bar is restored. The player sho
2026-03-20 00:01:14,206 | INFO | [qa] Chosen: ACTION2
2026-03-20 00:01:14,206 | INFO | [q1] 12 objects identified
2026-03-20 00:01:14,206 | INFO | [actions] ['ACTION2']
2026-03-20 00:01:14,439 | INFO | #88 ACTION2: BLOCKED score=0
2026-03-20 00:01:33,624 | INFO | [q4] Partially succeeded. ACTION2 failed to move the pair because the right side is blocked from the current position. But it did confirm an important mech
2026-03-20 00:01:33,624 | INFO | [q5] Top task: Resume spatial exploration with a direction that is likely open from the current lower-right positio
2026-03-20 00:01:33,624 | INFO | [q6] Plan: The top sub-task requires choosing an open movement direction from the current lower-right room. Since ACTION2 is now known blocked here, the player s
2026-03-20 00:01:33,625 | INFO | [qa] Chosen: ACTION1
2026-03-20 00:01:33,625 | INFO | [q1] 12 objects identified
2026-03-20 00:01:33,625 | INFO | [actions] ['ACTION1']
2026-03-20 00:01:33,870 | INFO | #89 ACTION1: 52 cells changed score=0
2026-03-20 00:01:54,348 | INFO | [q4] Yes. ACTION1 succeeded normally as movement. It confirms that after the reset, standard movement and standard HUD consumption/growth are active again.
2026-03-20 00:01:54,348 | INFO | [q5] Top task: Continue moving toward the central shaft/upper corridor to revisit the white-trigger route with the 
2026-03-20 00:01:54,348 | INFO | [q6] Plan: The top sub-task requires leaving the lower-right dead-end area and progressing toward the central/upper route. From the current position, the first t
2026-03-20 00:01:54,348 | INFO | [qa] Chosen: ACTION3
2026-03-20 00:01:54,348 | INFO | [q1] 12 objects identified
2026-03-20 00:01:54,348 | INFO | [actions] ['ACTION3']
2026-03-20 00:01:54,652 | INFO | #90 ACTION3: 52 cells changed score=0
2026-03-20 00:02:13,597 | INFO | [q4] Yes. ACTION3 succeeded as a normal upward move and further confirms that standard movement is active again after the reset.
2026-03-20 00:02:13,597 | INFO | [q5] Top task: Continue navigating toward the central shaft and upper-left white-trigger route.
2026-03-20 00:02:13,597 | INFO | [q6] Plan: The top sub-task requires progressing from the current mid-right corridor toward the central shaft. The first thing to do is try ACTION1, because from
2026-03-20 00:02:13,597 | INFO | [qa] Chosen: ACTION1
2026-03-20 00:02:13,597 | INFO | [q1] 12 objects identified
2026-03-20 00:02:13,597 | INFO | [actions] ['ACTION1']
2026-03-20 00:02:13,904 | INFO | #91 ACTION1: 52 cells changed score=0
2026-03-20 00:02:29,278 | INFO | [q4] Yes. ACTION1 succeeded as normal movement and advanced the pair into the more central corridor, which is progress toward the white-trigger route.
2026-03-20 00:02:29,278 | INFO | [q5] Top task: Continue toward the vertical shaft leading to the white marker chamber.
2026-03-20 00:02:29,278 | INFO | [q6] Plan: The top sub-task requires climbing toward the upper-left chamber from the current central corridor. The first thing to do is try ACTION3, since moving
2026-03-20 00:02:29,279 | INFO | [qa] Chosen: ACTION3
2026-03-20 00:02:29,279 | INFO | [q1] 11 objects identified
2026-03-20 00:02:29,279 | INFO | [actions] ['ACTION3']
2026-03-20 00:02:29,573 | INFO | #92 ACTION3: BLOCKED score=0
2026-03-20 00:02:44,625 | INFO | [q4] No. ACTION3 failed because upward movement from the current position is blocked by corridor geometry. It still consumed 2 yellow and advanced the top 
2026-03-20 00:02:44,625 | INFO | [q5] Top task: Try a different direction from the current central position, preferably left toward the shaft approa
2026-03-20 00:02:44,625 | INFO | [q6] Plan: The top sub-task requires finding an open route from the current blocked-up position. Since ACTION3 is confirmed blocked here, the player should try A
2026-03-20 00:02:44,625 | INFO | [qa] Chosen: ACTION1
2026-03-20 00:02:44,625 | INFO | [q1] 9 objects identified
2026-03-20 00:02:44,626 | INFO | [actions] ['ACTION1']
2026-03-20 00:02:44,930 | INFO | #93 ACTION1: 52 cells changed score=0
2026-03-20 00:03:08,078 | INFO | [q4] Yes. ACTION1 succeeded and materially advanced position leftward to the edge of the main room, close to the vertical shaft leading toward the white tr
2026-03-20 00:03:08,079 | INFO | [q5] Top task: Ascend toward the white marker from the new left-central position.
2026-03-20 00:03:08,079 | INFO | [q6] Plan: The top sub-task requires reaching the shaft/chamber near the white marker. From the current position at [30,36]/[33,36], the first thing to do is try
2026-03-20 00:03:08,079 | INFO | [qa] Chosen: ACTION3
2026-03-20 00:03:08,079 | INFO | [q1] 11 objects identified
2026-03-20 00:03:08,079 | INFO | [actions] ['ACTION3']
2026-03-20 00:03:08,390 | INFO | #94 ACTION3: BLOCKED score=0
2026-03-20 00:03:23,231 | INFO | [q4] No. ACTION3 failed because upward movement is also blocked at the new left position [30,36]/[33,36]. This means the shaft is not entered from directly
2026-03-20 00:03:23,232 | INFO | [q5] Top task: Probe the remaining untested branch from the current junction, especially downward.
2026-03-20 00:03:23,232 | INFO | [q6] Plan: The top sub-task requires finding a new open corridor from the current blocked-up junction. The first thing to do is try ACTION4, because downward is 
2026-03-20 00:03:23,232 | INFO | [qa] Chosen: ACTION4
2026-03-20 00:03:23,232 | INFO | [q1] 9 objects identified
2026-03-20 00:03:23,232 | INFO | [actions] ['ACTION4']
2026-03-20 00:03:23,540 | INFO | #95 ACTION4: 52 cells changed score=0
2026-03-20 00:03:38,181 | INFO | [q4] Yes. ACTION4 succeeded and revealed the lower corridor is open from the blocked-up junction.
2026-03-20 00:03:38,181 | INFO | [q5] Top task: Test left from the new lower position to see if it leads toward the lower-left blue node/enclosure.
2026-03-20 00:03:38,181 | INFO | [q6] Plan: The top sub-task requires exploring the newly reached lower corridor. The first thing to do is try ACTION1, moving left from [30,41]/[33,41] toward th
2026-03-20 00:03:38,181 | INFO | [qa] Chosen: ACTION1
2026-03-20 00:03:38,181 | INFO | [q1] 8 objects identified
2026-03-20 00:03:38,181 | INFO | [actions] ['ACTION1']
2026-03-20 00:03:38,488 | INFO | #96 ACTION1: 52 cells changed score=0
2026-03-20 00:03:52,931 | INFO | [q4] Yes. ACTION1 succeeded and advanced exploration farther left along the lower corridor.
2026-03-20 00:03:52,931 | INFO | [q5] Top task: Test upward from this new farther-left position.
2026-03-20 00:03:52,931 | INFO | [q6] Plan: The top sub-task requires checking whether the new leftward position opens a vertical route. The first thing to do is try ACTION3 from [25,41]/[28,41]
2026-03-20 00:03:52,931 | INFO | [qa] Chosen: ACTION3
2026-03-20 00:03:52,931 | INFO | [q1] 9 objects identified
2026-03-20 00:03:52,931 | INFO | [actions] ['ACTION3']
2026-03-20 00:03:53,239 | INFO | #97 ACTION3: 52 cells changed score=0
2026-03-20 00:04:13,408 | INFO | [q4] Yes. ACTION3 succeeded and, importantly, caused a major remote state change: the right-side black mass vanished and a left-side dark_gray region appea
2026-03-20 00:04:13,408 | INFO | [q5] Top task: Move left toward the newly revealed dark_gray region and lower-left blue node.
2026-03-20 00:04:13,408 | INFO | [q6] Plan: The top sub-task requires entering the newly revealed left-side region near center [16,36]. From the current position [25,36]/[28,36], the first step 
2026-03-20 00:04:13,408 | INFO | [qa] Chosen: ACTION1
2026-03-20 00:04:13,408 | INFO | [q1] 10 objects identified
2026-03-20 00:04:13,409 | INFO | [actions] ['ACTION1']
2026-03-20 00:04:13,646 | INFO | #98 ACTION1: 52 cells changed score=0
2026-03-20 00:04:30,611 | INFO | [q4] Yes. ACTION1 succeeded and further advanced toward the left target area. It also changed the left dark_gray region, suggesting this area is stateful a
2026-03-20 00:04:30,611 | INFO | [q5] Top task: Move left again to attempt direct entry/contact with the lower-left blue node area.
2026-03-20 00:04:30,611 | INFO | [q6] Plan: The top sub-task requires closing the remaining horizontal gap to the blue node and entering the altered left region. The first thing to do is try ACT
2026-03-20 00:04:30,611 | INFO | [qa] Chosen: ACTION1
2026-03-20 00:04:30,611 | INFO | [q1] 9 objects identified
2026-03-20 00:04:30,611 | INFO | [actions] ['ACTION1']
2026-03-20 00:04:30,922 | INFO | #99 ACTION1: 52 cells changed score=0
2026-03-20 00:04:47,610 | INFO | [q4] Yes. ACTION1 succeeded and clearly progressed the left-side objective state: both the dark_gray region and black remnant shrank as the pair moved deep
2026-03-20 00:04:47,611 | INFO | [q5] Top task: Make the final nudge into the lower-left blue node/objective.
2026-03-20 00:04:47,611 | INFO | [q6] Plan: The top sub-task requires direct contact/deeper overlap with the blue node at [11,36]. The first thing to do is ACTION1, moving left once more.
2026-03-20 00:04:47,611 | INFO | [qa] Chosen: ACTION1
2026-03-20 00:04:47,611 | INFO | [q1] 8 objects identified
2026-03-20 00:04:47,611 | INFO | [actions] ['ACTION1']
2026-03-20 00:04:47,919 | INFO | #100 ACTION1: 0 cells changed score=0
2026-03-20 00:04:47,919 | INFO | ============================================================
2026-03-20 00:04:47,919 | INFO | FINISHED: actions=100 state=NOT_FINISHED score=0 deaths=0 llm_calls=96 time=2211.6s
2026-03-20 00:04:47,919 | INFO | Verified rules: ['Each of ACTION1-ACTION4 is currently executable.', 'ACTION1 moves the orange and blue lower-right blocks 5 cells left.', 'Every action observed so far decreases the yellow bar by 2 cells.', 'The orange and blue lower-right shapes move together as a linked pair.', 'ACTION1 and ACTION3 do not move the white player.', 'ACTION1-ACTION4 do not move the white marker.', 'The orange-blue linked pair is the only observed controllable playfield object.', 'Blocked movement attempts still consume resources.', 'Contact with the white marker area can trigger remote changes elsewhere in the map.', 'ACTION2 moves the orange and blue linked pair 5 cells right.']
2026-03-20 00:04:47,919 | INFO | ============================================================
2026-03-20 00:04:48,306 | INFO | --- SCORECARD ---
2026-03-20 00:04:48,306 | INFO | {
  "source_url": null,
  "tags": [
    "wrapper",
    "agent"
  ],
  "opaque": null,
  "card_id": "6849998e-11a5-40bb-8844-6eb1e54b98a7",
  "api_key": null,
  "score": 0.0,
  "environments": [
    {
      "id": "ls20-cb3b57cc",
      "runs": [
        {
          "id": null,
          "guid": "a3032027-1b64-4db3-acc5-feb76835a237",
          "score": 0.0,
          "levels_completed": 0,
          "actions": 0,
          "resets": 0,
          "state": "NOT_FINISHED",
          "completed": false,
          "level_scores": [
            0.0,
            0.0,
            0.0,
            0.0,
            0.0,
            0.0,
            0.0
          ],
          "level_actions": [
            0,
            0,
            0,
            0,
            0,
            0,
            0
          ],
          "level_baseline_actions": [
            29,
            41,
            172,
            49,
            53,
            62,
            82
          ],
          "number_of_levels": null,
          "number_of_environments": 0,
          "message": null
        },
        {
          "id": null,
          "guid": "a3032027-1b64-4db3-acc5-feb76835a237",
          "score": 0.0,
          "levels_completed": 0,
          "actions": 100,
          "resets": 0,
          "state": "NOT_FINISHED",
          "completed": false,
          "level_scores": [
            0.0,
            0.0,
            0.0,
            0.0,
            0.0,
            0.0,
            0.0
          ],
          "level_actions": [
            100,
            0,
            0,
            0,
            0,
            0,
            0
          ],
          "level_baseline_actions": [
            29,
            41,
            172,
            49,
            53,
            62,
            82
          ],
          "number_of_levels": null,
          "number_of_environments": 0,
          "message": null
        }
      ],
      "score": 0.0,
      "actions": 100,
      "levels_completed": 0,
      "completed": false,
      "level_count": 7,
      "resets": 0
    }
  ],
  "tags_scores": [],
  "competition_mode": false,
  "total_environments_completed": 0,
  "total_environments": 1,
  "total_levels_completed": 0,
  "total_levels": 7,
  "total_actions": 100
}
