2026-03-17 22:30:36,853 | INFO | ============================================================
2026-03-17 22:30:36,853 | INFO | Probe+Observe Agent on ls20
2026-03-17 22:30:36,853 | INFO | ============================================================
2026-03-17 22:30:37,795 | INFO | [probe] ACTION1: 52 cells changed
  orange: center [45, 41]→[40, 41]
  blue: center [48, 41]→[43, 41]
  yellow: center [61, 33]→[61, 34], size 84→82
ACTION2: 52 cells changed
  dark_gray: size 2→4
  orange: center [40, 41]→[45, 41]
  blue: center [43, 41]→[48, 41]
  yellow: size 82→80
ACTION3: 52 cells changed
  dark_gray: center [61, 13]→[61, 14], size 4→6
  orange: center [45, 41]→[45, 36]
  blue: center [48, 41]→[48, 36]
  yellow: center [61, 34]→[61, 35], size 80→78
ACTION4: 52 cells changed
  dark_gray: size 6→8
  orange: center [45, 36]→[45, 41]
  blue: center [48, 36]→[48, 41]
  yellow: size 78→76
2026-03-17 22:30:47,606 | INFO | [observe] Initial probing shows ACTION1/2/3/4 move the orange+blue player pair left/right/up/down by 5 cells. Every action also changes the right-side vertical UI: the yellow bar shrinks by 2 each move, and a d
2026-03-17 22:30:47,607 | INFO | [testing] Reaching or touching special objects (white in left room, blue in top room) triggers game mechanics or progress.
2026-03-17 22:30:47,607 | INFO | [hypotheses] 4 claims
2026-03-17 22:30:47,607 | INFO | [actions] ['ACTION3', 'ACTION3', 'ACTION3']
2026-03-17 22:30:47,914 | INFO | #5 ACTION3: 52 cells changed score=0
2026-03-17 22:30:48,225 | INFO | #6 ACTION3: 52 cells changed score=0
2026-03-17 22:30:48,321 | INFO | #7 ACTION3: 52 cells changed score=0
2026-03-17 22:30:57,006 | INFO | [observe] Three more ACTION3 presses moved the orange+blue player upward from center y~41 to y~26 with no collision or special interaction. The player is now at the top edge of the lower-right room, aligned wit
2026-03-17 22:30:57,006 | INFO | [testing] Continuing upward from the current position will move the player through the corridor toward the top room and allow interaction testing with the blue object there.
2026-03-17 22:30:57,006 | INFO | [hypotheses] 5 claims
2026-03-17 22:30:57,006 | INFO | [actions] ['ACTION3', 'ACTION3', 'ACTION3']
2026-03-17 22:30:57,238 | INFO | #8 ACTION3: 52 cells changed score=0
2026-03-17 22:30:57,456 | INFO | #9 ACTION3: BLOCKED score=0
2026-03-17 22:31:08,193 | INFO | [observe] The last successful action was another upward move: the orange+blue player shifted from y=26 to y=21, costing 4 yellow resource (70→66). The immediately following ACTION3 was BLOCKED, so the player is
2026-03-17 22:31:08,194 | INFO | [testing] The corridor upward ends at the current position; to reach the top blue object, the player must now move right along the top horizontal passage rather than continue up.
2026-03-17 22:31:08,194 | INFO | [hypotheses] 5 claims
2026-03-17 22:31:08,194 | INFO | [actions] ['ACTION2', 'ACTION2']
2026-03-17 22:31:08,503 | INFO | #10 ACTION2: BLOCKED score=0
2026-03-17 22:31:16,796 | INFO | [observe] The last action was blocked: the player sprite did not move from [45,21]/[48,21]. Only the right-side UI changed again: dark_gray extended downward by 1 cell and yellow resource decreased from 66 to 6
2026-03-17 22:31:16,798 | INFO | [testing] From the top of the vertical corridor, ACTION2 moves right along the top horizontal passage toward the upper-right blue object/room.
2026-03-17 22:31:16,798 | INFO | [hypotheses] 5 claims
2026-03-17 22:31:16,799 | INFO | [actions] ['ACTION2', 'ACTION2', 'ACTION2']
2026-03-17 22:31:17,107 | INFO | #11 ACTION2: BLOCKED score=0
2026-03-17 22:31:27,652 | INFO | [observe] The last action was blocked: the orange/blue player piece stayed at [45,21]/[48,21]. Only the dark_gray bar grew downward and the yellow meter shrank again, confirming blocked inputs still consume the
2026-03-17 22:31:27,652 | INFO | [testing] From the current top-of-corridor position, ACTION1 moves left into the upper-left room and is the correct unexplored path after right proved blocked.
2026-03-17 22:31:27,652 | INFO | [hypotheses] 6 claims
2026-03-17 22:31:27,652 | INFO | [actions] ['ACTION1', 'ACTION1', 'ACTION1']
2026-03-17 22:31:27,871 | INFO | #12 ACTION1: 52 cells changed score=0
2026-03-17 22:31:28,086 | INFO | #13 ACTION1: 52 cells changed score=0
2026-03-17 22:31:28,378 | INFO | #14 ACTION1: 120 cells changed | UNUSUAL: white disappeared at [31, 21]; blue center [59, 7]→[59, 3]; orange center [35, 21]→[30, 21]; blue center [38, 21]→[33, 21]; blue center [56, 4]→[56, 6]; dark_gray size 26→28 score=0
2026-03-17 22:31:39,622 | INFO | [observe] The third left move caused a major state change: the small white object at [31,21] disappeared exactly as the player reached it, and a new large white/black structure appeared in the lower-left around
2026-03-17 22:31:39,623 | INFO | [testing] Touching a white object activates/reconfigures other parts of the map, spawning or revealing new white/black structures elsewhere rather than just removing the touched object.
2026-03-17 22:31:39,623 | INFO | [hypotheses] 6 claims
2026-03-17 22:31:39,623 | INFO | [actions] ['ACTION3', 'ACTION3', 'ACTION1']
2026-03-17 22:31:39,873 | INFO | #15 ACTION3: 52 cells changed score=0
2026-03-17 22:31:40,087 | INFO | #16 ACTION3: BLOCKED score=0
2026-03-17 22:31:49,324 | INFO | [observe] ACTION3 moved the player up from [30,21]/[33,21] to [30,16]/[33,16]. This was not blocked, so the room has open space upward from the post-switch position. A small white object reappeared at [31,21], 
2026-03-17 22:31:49,327 | INFO | [testing] The white object at [31,21] is a repeatable switch that toggles remote structures on contact; leaving and returning may restore it, allowing multiple activations.
2026-03-17 22:31:49,327 | INFO | [hypotheses] 7 claims
2026-03-17 22:31:49,327 | INFO | [actions] ['ACTION4', 'ACTION4']
2026-03-17 22:31:49,583 | INFO | #17 ACTION4: 120 cells changed | UNUSUAL: white disappeared at [31, 21]; blue center [59, 3]→[55, 3]; orange center [30, 16]→[30, 21]; blue center [33, 16]→[33, 21]; black disappeared at [12, 35]; blue center [56, 6]→[58, 6] score=0
2026-03-17 22:32:00,214 | INFO | [observe] Stepping down with ACTION4 onto the reappeared white at [31,21] triggered the switch again. The local white disappeared, and there were major remote changes: the lower-left white cluster at [12,36] di
2026-03-17 22:32:00,214 | INFO | [testing] The newly appeared near_black region below the player marks traversable/opened space or a newly relevant route south from the current room.
2026-03-17 22:32:00,214 | INFO | [hypotheses] 7 claims
2026-03-17 22:32:00,214 | INFO | [actions] ['ACTION4']
2026-03-17 22:32:00,523 | INFO | #18 ACTION4: 52 cells changed score=0
2026-03-17 22:32:08,862 | INFO | [observe] ACTION4 successfully moved the player 5 cells south from [30,21]/[33,21] to [30,26]/[33,26], into the newly opened near_black region. This supports that the south area is traversable. A large black re
2026-03-17 22:32:08,862 | INFO | [testing] The near_black region south of the switch is an opened traversable passage/room created by the switch state.
2026-03-17 22:32:08,862 | INFO | [hypotheses] 5 claims
2026-03-17 22:32:08,862 | INFO | [actions] ['ACTION4', 'ACTION4']
2026-03-17 22:32:09,127 | INFO | #19 ACTION4: BLOCKED score=0
2026-03-17 22:32:18,646 | INFO | [observe] Last action produced only the usual HUD/resource changes: dark_gray bar increased and yellow bar decreased. No world objects moved, and the player remains in the south near_black room at orange [30,26
2026-03-17 22:32:18,647 | INFO | [testing] The near_black region south of the switch is an opened traversable passage/room created by the switch state, and continuing downward will reveal more of the chamber or another object.
2026-03-17 22:32:18,647 | INFO | [hypotheses] 6 claims
2026-03-17 22:32:18,647 | INFO | [actions] ['ACTION4', 'ACTION4', 'ACTION4']
2026-03-17 22:32:18,961 | INFO | #20 ACTION4: BLOCKED score=0
2026-03-17 22:32:28,532 | INFO | [observe] Last action was blocked: only the UI bars changed (dark_gray increased, yellow decreased), and the player/object positions did not move. The current map view shows the orange/blue player pair still in
2026-03-17 22:32:28,532 | INFO | [testing] The southern room is a short dead-end alcove opened by the switch; further progress now requires backtracking upward to the switch/intersection rather than continuing downward.
2026-03-17 22:32:28,533 | INFO | [hypotheses] 5 claims
2026-03-17 22:32:28,533 | INFO | [actions] ['ACTION3', 'ACTION3', 'ACTION1']
2026-03-17 22:32:28,754 | INFO | #21 ACTION3: 60 cells changed score=0
2026-03-17 22:32:28,994 | INFO | #22 ACTION3: 52 cells changed score=0
2026-03-17 22:32:29,216 | INFO | #23 ACTION1: 52 cells changed score=0
2026-03-17 22:32:41,581 | INFO | [observe] The last action produced a large, nonlocal change consistent with stepping onto or across the switch area again. The player/avatar pair moved from the southern chamber back to the switch room area: or
2026-03-17 22:32:41,581 | INFO | [testing] The white tile at [31,21] is a repeatable floor switch; stepping onto it or crossing its threshold toggles the upper-right blue/black gate state between two configurations.
2026-03-17 22:32:41,581 | INFO | [hypotheses] 5 claims
2026-03-17 22:32:41,581 | INFO | [actions] ['ACTION2']
2026-03-17 22:32:41,893 | INFO | #24 ACTION2: 52 cells changed score=0
2026-03-17 22:32:52,634 | INFO | [observe] Last action was ACTION2, moving the player right from [25,16] to [30,16]. No remote structures changed: only the orange/blue player sprite shifted right, yellow resource decreased by 2, and dark_gray 
2026-03-17 22:32:52,634 | INFO | [testing] The white tile at [31,21] is a repeatable floor switch; stepping down onto it from the current position will toggle the upper-right blue/black gate and possibly the lower-left cluster.
2026-03-17 22:32:52,634 | INFO | [hypotheses] 5 claims
2026-03-17 22:32:52,635 | INFO | [actions] ['ACTION4']
2026-03-17 22:32:52,849 | INFO | #25 ACTION4: 60 cells changed score=0
2026-03-17 22:33:02,991 | INFO | [observe] The last ACTION4 moved the player/companion down from y=16 to y=21 onto the white tile's location. That immediately caused the white switch at [31,21] to disappear, shifted the upper-right blue gate p
2026-03-17 22:33:02,991 | INFO | [testing] The white tile at [31,21] is a floor switch that activates when stepped on, disappearing after activation and toggling remote structures including the upper-right gate and a top-edge barrier.
2026-03-17 22:33:02,992 | INFO | [hypotheses] 5 claims
2026-03-17 22:33:02,992 | INFO | [actions] ['ACTION1', 'ACTION1', 'ACTION1']
2026-03-17 22:33:03,245 | INFO | #26 ACTION1: 52 cells changed score=0
2026-03-17 22:33:03,345 | INFO | #27 ACTION1: BLOCKED score=0
2026-03-17 22:33:12,407 | INFO | [observe] Moving left from [30,21] to [25,21] caused a major remote reset: the large top-edge black barrier at y≈1 disappeared, and the white switch at [31,21] reappeared. This strongly suggests the switch is n
2026-03-17 22:33:12,407 | INFO | [testing] The white tile at [31,21] is a pressure switch: stepping onto it activates remote structures, and stepping off restores them.
2026-03-17 22:33:12,407 | INFO | [hypotheses] 5 claims
2026-03-17 22:33:12,407 | INFO | [actions] ['ACTION2', 'ACTION2']
2026-03-17 22:33:12,636 | INFO | #28 ACTION2: 120 cells changed | UNUSUAL: white disappeared at [31, 21]; blue center [59, 7]→[59, 3]; orange center [25, 21]→[30, 21]; blue center [28, 21]→[33, 21]; blue center [56, 4]→[56, 6]; yellow size 30→28 score=0
2026-03-17 22:33:20,613 | INFO | [observe] Stepping right from [25,21] to [30,21] put the player onto the white tile at [31,21], and the white tile there disappeared immediately. At the same time, multiple remote structures toggled: the upper-
2026-03-17 22:33:20,613 | INFO | [testing] A new left-side black/white structure near [12,35]-[12,36] is also switch-controlled and may be the actual route enabled by the switch.
2026-03-17 22:33:20,613 | INFO | [hypotheses] 5 claims
2026-03-17 22:33:20,613 | INFO | [actions] ['ACTION1']
2026-03-17 22:33:20,910 | INFO | #29 ACTION1: 52 cells changed score=0
2026-03-17 22:33:30,276 | INFO | [observe] ACTION1 moved the player left from [30,21] to [25,21], off the pressure switch at [31,21]. On release, the white switch tile reappeared, the large near-black top barrier reappeared, the upper-right bl
2026-03-17 22:33:30,277 | INFO | [testing] The left-side structure is a separate interactable route/object and should be investigated directly; it may be the next puzzle element.
2026-03-17 22:33:30,277 | INFO | [hypotheses] 6 claims
2026-03-17 22:33:30,277 | INFO | [actions] ['ACTION1', 'ACTION1', 'ACTION1']
2026-03-17 22:33:30,494 | INFO | #30 ACTION1: BLOCKED score=0
2026-03-17 22:33:40,363 | INFO | [observe] No local map objects changed. Only the right-edge UI/progress elements advanced again: the yellow vertical bar shrank from y=42-54 to y=43-54, and the dark_gray bar extended from y=13-41 to y=13-42. T
2026-03-17 22:33:40,363 | INFO | [testing] The left-side black/white/blue structure near [12,35]-[13,37] is a separate puzzle element reachable via the lower corridor, not by moving directly left from the current position.
2026-03-17 22:33:40,363 | INFO | [hypotheses] 4 claims
2026-03-17 22:33:40,363 | INFO | [actions] ['ACTION4', 'ACTION1', 'ACTION1']
2026-03-17 22:33:40,591 | INFO | #31 ACTION4: 52 cells changed score=0
2026-03-17 22:33:40,877 | INFO | #32 ACTION1: BLOCKED score=0
2026-03-17 22:33:49,171 | INFO | [observe] ACTION4 moved the player down from [25,21] to [25,26], with the blue attached segment moving down as well. This confirms the downward corridor is open from the current room and we are now partway alon
2026-03-17 22:33:49,171 | INFO | [testing] The left-side black/white/blue structure near [12,35]-[13,37] is reachable by continuing down the corridor from the current position, then likely turning left.
2026-03-17 22:33:49,171 | INFO | [hypotheses] 4 claims
2026-03-17 22:33:49,171 | INFO | [actions] ['ACTION4', 'ACTION4', 'ACTION1']
2026-03-17 22:33:49,476 | INFO | #33 ACTION4: 52 cells changed score=0
2026-03-17 22:33:49,582 | INFO | #34 ACTION4: 52 cells changed score=0
2026-03-17 22:33:49,886 | INFO | #35 ACTION1: 52 cells changed score=0
2026-03-17 22:34:00,434 | INFO | [observe] We reached the lower-left structure. The player moved left from [25,26] to [20,36], placing us adjacent to the dark_gray/white/black/blue cluster centered around [12,36]. The large dark_gray object th
2026-03-17 22:34:00,434 | INFO | [testing] The lower-left black/white/blue structure is an interactable mechanism or goal area, and moving further left/up into it will reveal whether the blue/white icon can be reached or whether the nearby orange/blue ledge is a gate/switch.
2026-03-17 22:34:00,434 | INFO | [hypotheses] 5 claims
2026-03-17 22:34:00,434 | INFO | [actions] ['ACTION1', 'ACTION3']
2026-03-17 22:34:00,654 | INFO | #36 ACTION1: 52 cells changed score=0
2026-03-17 22:34:00,952 | INFO | #37 ACTION3: BLOCKED score=0
2026-03-17 22:34:12,417 | INFO | [observe] The last action moved the player/mech left from x=20 to x=15 at y=36, deeper into the lower-left room. This caused a large local change: the dark_gray/white/black cluster contracted leftward and the w
2026-03-17 22:34:12,418 | INFO | [testing] The lower-left room contains an interactable mechanism; from the new leftward position, moving up may enter the inner corridor toward the stem/icon or trigger a state change if the player contacts the mechanism.
2026-03-17 22:34:12,418 | INFO | [hypotheses] 5 claims
2026-03-17 22:34:12,418 | INFO | [actions] ['ACTION3', 'ACTION3']
2026-03-17 22:34:12,724 | INFO | #38 ACTION3: BLOCKED score=0
2026-03-17 22:34:22,659 | INFO | [observe] No world objects changed since the last action; only the yellow UI/turn indicator advanced. The two recent ACTION3 attempts were blocked, so the tile(s) directly above the current position in the lowe
2026-03-17 22:34:22,659 | INFO | [testing] The path upward from the current position [15,36] is blocked by room geometry; progress in this room requires repositioning left/down around the inner notch rather than continuing to push upward.
2026-03-17 22:34:22,659 | INFO | [hypotheses] 6 claims
2026-03-17 22:34:22,659 | INFO | [actions] ['ACTION1', 'ACTION4', 'ACTION1']
2026-03-17 22:34:22,988 | INFO | #39 ACTION1: 1599 cells changed | UNUSUAL: white center [31, 21]→[46, 51]; blue center [11, 36]→[41, 15]; yellow center [61, 52]→[52, 31]; orange center [15, 36]→[40, 31]; blue center [18, 36]→[43, 31]; white disappeared at [11, 36] score=1
2026-03-17 22:34:36,553 | INFO | [observe] A large unexpected transition occurred after the last ACTION1: the avatar was teleported/advanced from the lower-left room to a new room around [40,31], and the map layout changed substantially while 
2026-03-17 22:34:36,553 | INFO | [testing] The new room contains an interactable black-box/blue-icon mechanism near [42,16], and reaching it may require moving upward from the current spawn corridor.
2026-03-17 22:34:36,554 | INFO | [hypotheses] 6 claims
2026-03-17 22:34:36,554 | INFO | [actions] ['ACTION3', 'ACTION3', 'ACTION3']
2026-03-17 22:34:36,789 | INFO | #40 ACTION3: BLOCKED score=1
2026-03-17 22:34:47,333 | INFO | [observe] The last action was BLOCKED while trying to move upward from the spawn corridor. No room objects changed except the usual right-edge UI: the yellow vertical bar shifted and a tiny dark_gray segment ap
2026-03-17 22:34:47,333 | INFO | [testing] The black-box with blue icon near [42,16] is an interactable mechanism, but it is not directly reachable by moving straight up from the current position; access likely requires approaching from the left corridor or another route.
2026-03-17 22:34:47,333 | INFO | [hypotheses] 6 claims
2026-03-17 22:34:47,333 | INFO | [actions] ['ACTION1', 'ACTION1', 'ACTION3', 'ACTION3']
2026-03-17 22:34:47,546 | INFO | #41 ACTION1: 52 cells changed score=1
2026-03-17 22:34:47,648 | INFO | #42 ACTION1: BLOCKED score=1
2026-03-17 22:34:56,549 | INFO | [observe] Last action was ACTION1 and succeeded: the avatar moved left from about [40,31]/[43,31] to [35,31]/[38,31]. The attempted second left on the prior turn was blocked, so this new position is likely at t
2026-03-17 22:34:56,549 | INFO | [testing] From the current position, moving up should now be possible via the left corridor and may lead toward the black-box mechanism near [42,16].
2026-03-17 22:34:56,549 | INFO | [hypotheses] 6 claims
2026-03-17 22:34:56,549 | INFO | [actions] ['ACTION3', 'ACTION3', 'ACTION3']
2026-03-17 22:34:56,859 | INFO | #43 ACTION3: BLOCKED score=1
2026-03-17 22:35:06,058 | INFO | [observe] Last action caused no room-object movement; only the right-edge UI changed again (dark_gray/yellow bar advanced), so the most recent attempted move was blocked. Avatar remains at orange [35,31] / blue
2026-03-17 22:35:06,058 | INFO | [testing] The path upward is accessible if we first shift right to align with the vertical corridor, then move up toward the terminal room.
2026-03-17 22:35:06,058 | INFO | [hypotheses] 5 claims
2026-03-17 22:35:06,058 | INFO | [actions] ['ACTION2', 'ACTION3', 'ACTION3']
2026-03-17 22:35:06,274 | INFO | #44 ACTION2: 52 cells changed score=1
2026-03-17 22:35:06,493 | INFO | #45 ACTION3: BLOCKED score=1
2026-03-17 22:35:14,260 | INFO | [observe] Last action was ACTION2, moving the avatar right from orange [35,31]/blue [38,31] to [40,31]/[43,31]. This confirms horizontal movement is still normal here. The avatar is now directly under the verti
2026-03-17 22:35:14,260 | INFO | [testing] The path upward is accessible from the new x-position; moving up now should enter the vertical corridor toward the terminal room.
2026-03-17 22:35:14,260 | INFO | [hypotheses] 5 claims
2026-03-17 22:35:14,260 | INFO | [actions] ['ACTION3', 'ACTION3', 'ACTION3']
2026-03-17 22:35:14,490 | INFO | #46 ACTION3: BLOCKED score=1
2026-03-17 22:35:24,309 | INFO | [observe] Last action caused no world movement: only the right-edge dark_gray/yellow UI bars changed again, so the attempted move was blocked. The avatar remains at orange [40,31], blue [43,31]. Repeated ACTION
2026-03-17 22:35:24,310 | INFO | [testing] The route upward from the current central position is blocked; progress likely requires exploring the right-hand lower corridor instead of forcing ACTION3.
2026-03-17 22:35:24,310 | INFO | [hypotheses] 6 claims
2026-03-17 22:35:24,310 | INFO | [actions] ['ACTION2', 'ACTION2', 'ACTION4']
2026-03-17 22:35:24,536 | INFO | #47 ACTION2: BLOCKED score=1
2026-03-17 22:35:35,667 | INFO | [observe] The last action was BLOCKED with no world-position change for the avatar; only the right-edge UI advanced again (dark_gray/yellow bar shift), confirming those edge elements are turn/status UI and not 
2026-03-17 22:35:35,667 | INFO | [testing] The correct next exploration is to move right along the lower corridor, likely toward the yellow marker at [52,31], because upward movement is blocked from the current room while rightward movement was previously successful.
2026-03-17 22:35:35,667 | INFO | [hypotheses] 6 claims
2026-03-17 22:35:35,667 | INFO | [actions] ['ACTION2', 'ACTION2', 'ACTION2']
2026-03-17 22:35:35,981 | INFO | #48 ACTION2: BLOCKED score=1
2026-03-17 22:35:47,136 | INFO | [observe] The last action was blocked: only the right-edge dark_gray/yellow UI bars changed, and the avatar remained at orange [40,31] / blue [43,31]. The map itself did not change. From the current room, movin
2026-03-17 22:35:47,137 | INFO | [testing] The route to the lower-right corridor is not directly to the right from the current avatar position; it likely requires moving left first to reach the vertical passage, then moving down toward the yellow tile at [52,31].
2026-03-17 22:35:47,137 | INFO | [hypotheses] 6 claims
2026-03-17 22:35:47,137 | INFO | [actions] ['ACTION1', 'ACTION4', 'ACTION4']
2026-03-17 22:35:47,448 | INFO | #49 ACTION1: 52 cells changed score=1
2026-03-17 22:35:47,551 | INFO | #50 ACTION4: 52 cells changed score=1
2026-03-17 22:35:47,862 | INFO | #51 ACTION4: BLOCKED score=1
2026-03-17 22:35:59,345 | INFO | [observe] The last successful move shifted the avatar from [40,31]/[43,31] to [35,36]/[38,36], i.e. 5 cells left and 5 cells down overall relative to the earlier noted position. The current frame shows the avat
2026-03-17 22:35:59,345 | INFO | [testing] From the current lower-corridor position, moving right should be possible and should advance toward the yellow tile at [52,31].
2026-03-17 22:35:59,345 | INFO | [hypotheses] 6 claims
2026-03-17 22:35:59,346 | INFO | [actions] ['ACTION2', 'ACTION2']
2026-03-17 22:35:59,574 | INFO | #52 ACTION2: 52 cells changed score=1
2026-03-17 22:35:59,839 | INFO | #53 ACTION2: BLOCKED score=1
2026-03-17 22:36:10,279 | INFO | [observe] The last successful action was ACTION2 (right): the avatar moved from about [35,36]/[38,36] to [40,36]/[43,36], confirming the lower corridor continues right at this row. No special interaction trigge
2026-03-17 22:36:10,279 | INFO | [testing] From the current position in the lower corridor, moving right again should still be possible and should bring the avatar closer to the yellow tile at [52,31].
2026-03-17 22:36:10,279 | INFO | [hypotheses] 6 claims
2026-03-17 22:36:10,280 | INFO | [actions] ['ACTION2', 'ACTION2']
2026-03-17 22:36:10,588 | INFO | #54 ACTION2: BLOCKED score=1
2026-03-17 22:36:21,441 | INFO | [observe] Last action produced only the usual UI-edge changes; the avatar/object positions in the playfield did not change. We are still at orange [40,36] / blue [43,36]. Recent history shows up from here is bl
2026-03-17 22:36:21,442 | INFO | [testing] The current lower-corridor position is a junction where left is the only open move, and reaching the yellow tile at [52,31] requires backing left to another vertical opening rather than pushing right here.
2026-03-17 22:36:21,442 | INFO | [hypotheses] 6 claims
2026-03-17 22:36:21,442 | INFO | [actions] ['ACTION1', 'ACTION3']
2026-03-17 22:36:21,751 | INFO | #55 ACTION1: 52 cells changed score=1
2026-03-17 22:36:21,850 | INFO | #56 ACTION3: 52 cells changed score=1
2026-03-17 22:36:34,038 | INFO | [observe] The last action moved the avatar diagonally in map terms from about (40,36) to (35,31), but this is consistent with a single UP move through a bent corridor in the rendered maze rather than teleportat
2026-03-17 22:36:34,038 | INFO | [testing] From the current position, moving DOWN will return to the lower horizontal corridor near the yellow tile, and then moving RIGHT may allow stepping onto or adjacent to the yellow trigger at (52,31).
2026-03-17 22:36:34,039 | INFO | [hypotheses] 6 claims
2026-03-17 22:36:34,039 | INFO | [actions] ['ACTION4', 'ACTION2']
2026-03-17 22:36:34,344 | INFO | #57 ACTION4: 52 cells changed score=1
2026-03-17 22:36:34,652 | INFO | #58 ACTION2: 52 cells changed score=1
2026-03-17 22:36:43,151 | INFO | [observe] The last action moved the avatar RIGHT from roughly (35,31)/(38,31) to (40,36)/(43,36), so we are now in the central vertical corridor just left of the lower-right room. No local objects changed, disa
2026-03-17 22:36:43,151 | INFO | [testing] From the current position, moving DOWN once should align the avatar with the lower horizontal corridor, and then moving RIGHT repeatedly should approach or contact the yellow tile at (52,31).
2026-03-17 22:36:43,151 | INFO | [hypotheses] 5 claims
2026-03-17 22:36:43,151 | INFO | [actions] ['ACTION4', 'ACTION2', 'ACTION2']
2026-03-17 22:36:43,461 | INFO | #59 ACTION4: BLOCKED score=1
2026-03-17 22:36:51,765 | INFO | [observe] No local map objects changed; only the right-edge UI bars shifted again, confirming the last attempted move was blocked or otherwise non-interactive. The avatar remains at orange (40,36) / blue (43,36
2026-03-17 22:36:51,765 | INFO | [testing] From the current position, moving RIGHT repeatedly will traverse the lower corridor and eventually contact or align with the yellow tile at (52,31).
2026-03-17 22:36:51,765 | INFO | [hypotheses] 5 claims
2026-03-17 22:36:51,765 | INFO | [actions] ['ACTION2', 'ACTION2', 'ACTION2']
2026-03-17 22:36:52,066 | INFO | #60 ACTION2: BLOCKED score=1
2026-03-17 22:37:02,196 | INFO | [observe] Last action produced only the usual UI changes on the right edge; no local map objects moved or changed. The avatar remains at orange (40,36) / blue (43,36). Recent history shows RIGHT was successful 
2026-03-17 22:37:02,197 | INFO | [testing] From the current position, moving UP will enter the vertical corridor above the avatar and may provide access to the lower yellow tile at (52,31) from above/right.
2026-03-17 22:37:02,197 | INFO | [hypotheses] 5 claims
2026-03-17 22:37:02,197 | INFO | [actions] ['ACTION3', 'ACTION3', 'ACTION2']
2026-03-17 22:37:02,532 | INFO | #61 ACTION3: 52 cells changed score=1
2026-03-17 22:37:02,794 | INFO | #62 ACTION3: BLOCKED score=1
2026-03-17 22:37:11,327 | INFO | [observe] ACTION3 moved the avatar up from center y=36 to y=31, confirming the vertical corridor above was open for one step. A second immediate ACTION3 was BLOCKED, so the avatar is now at the top of that corr
2026-03-17 22:37:11,327 | INFO | [testing] From the current position at (40,31)/(43,31), moving RIGHT will traverse the top corridor and may reach or approach the yellow tile at (52,31).
2026-03-17 22:37:11,327 | INFO | [hypotheses] 5 claims
2026-03-17 22:37:11,327 | INFO | [actions] ['ACTION2', 'ACTION2', 'ACTION2']
2026-03-17 22:37:11,619 | INFO | #63 ACTION2: BLOCKED score=1
2026-03-17 22:37:19,459 | INFO | [observe] Last action was blocked: only the right-edge UI bars changed again, with no local object movement. The avatar remains at about (40,31)/(43,31), at the top of the vertical corridor. The image shows ope
2026-03-17 22:37:19,459 | INFO | [testing] From the current top-corridor position, moving RIGHT is possible and will advance along the horizontal passage toward the yellow tile at (52,31).
2026-03-17 22:37:19,459 | INFO | [hypotheses] 5 claims
2026-03-17 22:37:19,459 | INFO | [actions] ['ACTION2']
2026-03-17 22:37:19,679 | INFO | #64 ACTION2: BLOCKED score=1
2026-03-17 22:37:28,604 | INFO | [observe] Only the right-edge UI bars changed (yellow/dark_gray advanced downward); no playfield objects moved. The last action was therefore blocked, consistent with being at the top of the vertical corridor w
2026-03-17 22:37:28,604 | INFO | [testing] From the current top-corridor position, moving RIGHT is possible and will advance along the horizontal passage toward the yellow tile at (52,31).
2026-03-17 22:37:28,604 | INFO | [hypotheses] 5 claims
2026-03-17 22:37:28,604 | INFO | [actions] ['ACTION2']
2026-03-17 22:37:28,926 | INFO | #65 ACTION2: BLOCKED score=1
2026-03-17 22:37:39,590 | INFO | [observe] The last action was blocked: only the right-edge UI bars changed again (yellow shrank, dark_gray grew), and the avatar stayed at orange (40,31) / blue (43,31). This means the current top-of-corridor p
2026-03-17 22:37:39,590 | INFO | [testing] From the current top-corridor position, moving LEFT is possible and leads along the upper passage toward the left-side yellow object.
2026-03-17 22:37:39,590 | INFO | [hypotheses] 6 claims
2026-03-17 22:37:39,590 | INFO | [actions] ['ACTION1']
2026-03-17 22:37:39,888 | INFO | #66 ACTION1: 52 cells changed score=1
2026-03-17 22:37:48,379 | INFO | [observe] ACTION1 (LEFT) succeeded from the top-corridor position: the avatar moved from orange/blue centers (40,31)/(43,31) to (35,31)/(38,31), a full 5-cell step left. This confirms the corridor continues lef
2026-03-17 22:37:48,380 | INFO | [testing] From the new position at (35,31)/(38,31), moving UP is possible and leads into the vertical passage toward the upper-left branch.
2026-03-17 22:37:48,380 | INFO | [hypotheses] 5 claims
2026-03-17 22:37:48,380 | INFO | [actions] ['ACTION3']
2026-03-17 22:37:48,691 | INFO | #67 ACTION3: BLOCKED score=1
2026-03-17 22:37:57,077 | INFO | [observe] The last attempted ACTION3 (up) caused no avatar/object movement; only the right-side yellow/dark_gray UI meter changed. So from the current position orange (35,31) / blue (38,31), moving up is blocke
2026-03-17 22:37:57,078 | INFO | [testing] The correct route to investigate the black terminal near (42,16) is to move downward from the current central corridor position, likely toward the lower-left passage and then back up on the left side.
2026-03-17 22:37:57,078 | INFO | [hypotheses] 5 claims
2026-03-17 22:37:57,078 | INFO | [actions] ['ACTION4']
2026-03-17 22:37:57,396 | INFO | #68 ACTION4: 52 cells changed score=1
2026-03-17 22:38:07,632 | INFO | [observe] ACTION4 successfully moved the orange/blue avatar pair downward from centers (35,31)/(38,31) to (35,36)/(38,36). A large dark_gray region appeared around/above the avatar while a black region at the u
2026-03-17 22:38:07,632 | INFO | [testing] From the new lower position, moving right will traverse the bottom corridor toward the yellow object at (52,31), which may be collectible or a trigger.
2026-03-17 22:38:07,632 | INFO | [hypotheses] 5 claims
2026-03-17 22:38:07,632 | INFO | [actions] ['ACTION2', 'ACTION2', 'ACTION2']
2026-03-17 22:38:07,944 | INFO | #69 ACTION2: 52 cells changed score=1
2026-03-17 22:38:08,246 | INFO | #70 ACTION2: BLOCKED score=1
2026-03-17 22:38:19,588 | INFO | [observe] ACTION2 moved the avatar pair 5 cells right from centers (35,36)/(38,36) to (40,36)/(43,36). A subsequent ACTION2 was blocked, so this lower corridor has a rightward wall/stop here. The yellow world o
2026-03-17 22:38:19,589 | INFO | [testing] From the current lower-corridor position, moving up is open and leads toward the yellow object at (52,31).
2026-03-17 22:38:19,589 | INFO | [hypotheses] 6 claims
2026-03-17 22:38:19,589 | INFO | [actions] ['ACTION3']
2026-03-17 22:38:19,807 | INFO | #71 ACTION3: 52 cells changed score=1
2026-03-17 22:38:29,204 | INFO | [observe] ACTION3 succeeded: the linked orange/blue avatar pair moved up from centers (40,36)/(43,36) to (40,31)/(43,31). This confirms the vertical corridor above the lower-corridor position is open. We are no
2026-03-17 22:38:29,204 | INFO | [testing] From the current position, moving right will reach the yellow object at (52,31), and contact with it will collect or trigger it.
2026-03-17 22:38:29,204 | INFO | [hypotheses] 6 claims
2026-03-17 22:38:29,204 | INFO | [actions] ['ACTION2', 'ACTION2']
2026-03-17 22:38:29,450 | INFO | #72 ACTION2: BLOCKED score=1
2026-03-17 22:38:38,860 | INFO | [observe] The last executed action was blocked for the avatar: orange/blue stayed at (40,31)/(43,31). Only the far-right yellow/dark_gray vertical strip changed again, extending downward by 1 cell. This reinfor
2026-03-17 22:38:38,860 | INFO | [testing] The yellow object at (52,31) is in the same room but separated by a wall; reaching it requires a detour from below rather than direct movement right on row 31.
2026-03-17 22:38:38,860 | INFO | [hypotheses] 6 claims
2026-03-17 22:38:38,860 | INFO | [actions] ['ACTION4', 'ACTION2', 'ACTION2']
2026-03-17 22:38:39,080 | INFO | #73 ACTION4: 52 cells changed score=1
2026-03-17 22:38:39,378 | INFO | #74 ACTION2: BLOCKED score=1
2026-03-17 22:38:49,505 | INFO | [observe] The last successful local change was a move downward: the linked orange/blue avatar pair moved from row 31 to row 36 while staying at the same x positions. The nearby yellow target at (52,31) remains 
2026-03-17 22:38:49,505 | INFO | [testing] The yellow object at (52,31) is in a separate chamber whose entrance is not at row 36; reaching it likely requires going farther down before trying right again, or approaching from another branch.
2026-03-17 22:38:49,505 | INFO | [hypotheses] 6 claims
2026-03-17 22:38:49,505 | INFO | [actions] ['ACTION4', 'ACTION2']
2026-03-17 22:38:49,831 | INFO | #75 ACTION4: BLOCKED score=1
2026-03-17 22:39:00,629 | INFO | [observe] The last attempted move was blocked locally: the orange/blue avatar pair stayed at (40,36)/(43,36). Only the far-right dark_gray/yellow strip changed again, consistent with the previously observed ind
2026-03-17 22:39:00,629 | INFO | [testing] The yellow object at (52,31) is in a separate chamber whose entrance is not from the current lower-right pocket; progress now likely requires backtracking upward/left and exploring another corridor.
2026-03-17 22:39:00,629 | INFO | [hypotheses] 6 claims
2026-03-17 22:39:00,630 | INFO | [actions] ['ACTION3', 'ACTION3', 'ACTION1']
2026-03-17 22:39:00,888 | INFO | #76 ACTION3: 52 cells changed score=1
2026-03-17 22:39:00,993 | INFO | #77 ACTION3: BLOCKED score=1
2026-03-17 22:39:12,524 | INFO | [observe] The last successful action moved the linked orange/blue avatar pair up from y≈36 to y≈31 while keeping x the same, confirming the vertical corridor above the previous pocket is open. Recent history sh
2026-03-17 22:39:12,524 | INFO | [testing] From the current upper corridor position, moving left should enter the upper branch leading toward the black-box room and possibly the route to the upper-left yellow collectible.
2026-03-17 22:39:12,524 | INFO | [hypotheses] 6 claims
2026-03-17 22:39:12,524 | INFO | [actions] ['ACTION1', 'ACTION1', 'ACTION1']
2026-03-17 22:39:12,741 | INFO | #78 ACTION1: 52 cells changed score=1
2026-03-17 22:39:13,068 | INFO | #79 ACTION1: BLOCKED score=1
2026-03-17 22:39:22,162 | INFO | [observe] ACTION1 moved the linked orange/blue avatar 5 cells left from about (40,31)/(43,31) to (35,31)/(38,31). The move succeeded, so the upper corridor does continue left. The avatar is now directly below a
2026-03-17 22:39:22,162 | INFO | [testing] From the new position, moving up should climb the vertical passage toward the black-box room and test whether that room or its approach is traversable/interactable.
2026-03-17 22:39:22,162 | INFO | [hypotheses] 6 claims
2026-03-17 22:39:22,162 | INFO | [actions] ['ACTION3', 'ACTION3', 'ACTION3']
2026-03-17 22:39:22,386 | INFO | #80 ACTION3: BLOCKED score=1
2026-03-17 22:39:33,863 | INFO | [observe] No local map objects changed; only the far-right dark_gray/yellow UI column advanced again. The avatar remains at orange (35,31), blue (38,31) in the upper corridor below the black-box room. Recent hi
2026-03-17 22:39:33,863 | INFO | [testing] The passage upward toward the black-box room is accessible only from one column to the right of the current position; moving right then up should enter the vertical shaft.
2026-03-17 22:39:33,863 | INFO | [hypotheses] 6 claims
2026-03-17 22:39:33,863 | INFO | [actions] ['ACTION2', 'ACTION3']
2026-03-17 22:39:34,169 | INFO | #81 ACTION2: 52 cells changed score=1
2026-03-17 22:39:34,484 | INFO | #82 ACTION3: 88 cells changed | UNUSUAL: red disappeared at [61, 62]; dark_gray disappeared at [61, 33]; dark_gray appeared at [61, 62]; yellow appeared at [61, 33] score=1
2026-03-17 22:39:45,424 | INFO | [observe] The last successful action was ACTION2, moving the linked orange/blue avatar 5 cells right from center (35,31)/(38,31) to (40,31)/(43,31). This supports the note that the vertical shaft is one column 
2026-03-17 22:39:45,424 | INFO | [testing] The upward passage toward the black-box room is accessible from the current x-position; using ACTION3 from here should move the avatar up into the shaft.
2026-03-17 22:39:45,424 | INFO | [hypotheses] 6 claims
2026-03-17 22:39:45,424 | INFO | [actions] ['ACTION3', 'ACTION3']
2026-03-17 22:39:45,733 | INFO | #83 ACTION3: BLOCKED score=1
2026-03-17 22:39:57,067 | INFO | [observe] The avatar did not move; the only changes were in the far-right UI column: the long yellow vertical bar shifted downward by 1 cell, a small dark_gray segment appeared at the top of that column, and a 
2026-03-17 22:39:57,068 | INFO | [testing] The shaft entrance is exactly above the current avatar position, but upward movement is blocked after one successful step because of a ceiling or a one-tile choke point; moving horizontally near this entrance may reveal the correct alignment for further ascent.
2026-03-17 22:39:57,068 | INFO | [hypotheses] 6 claims
2026-03-17 22:39:57,068 | INFO | [actions] ['ACTION1', 'ACTION3']
2026-03-17 22:39:57,305 | INFO | #84 ACTION1: 52 cells changed score=1
2026-03-17 22:39:57,528 | INFO | #85 ACTION3: BLOCKED score=1
2026-03-17 22:40:08,057 | INFO | [observe] The last successful action was ACTION1: the linked orange/blue avatar moved left from centers (40,31)/(43,31) to (35,31)/(38,31). This places us one step left of the previous position at the base of t
2026-03-17 22:40:08,057 | INFO | [testing] The true climbable shaft is aligned with the avatar's new left-shifted position; from (35,31)/(38,31), ACTION3 should move upward into the central vertical corridor and possibly allow continued ascent beyond the previous one-step blockage.
2026-03-17 22:40:08,057 | INFO | [hypotheses] 6 claims
2026-03-17 22:40:08,057 | INFO | [actions] ['ACTION3', 'ACTION3', 'ACTION3']
2026-03-17 22:40:08,363 | INFO | #86 ACTION3: BLOCKED score=1
2026-03-17 22:40:17,068 | INFO | [observe] The last action caused no local map/avatar change: orange/blue stayed at (35,31)/(38,31), so ACTION3 was blocked again from the left-shifted position. Only the far-right dark_gray/yellow UI column adv
2026-03-17 22:40:17,069 | INFO | [testing] The climbable route is not directly above the current left-shifted position; the one-step upward opening previously found is likely offset horizontally, so we should search laterally along this row for another entrance rather than keep pressing ACTION3 here.
2026-03-17 22:40:17,069 | INFO | [hypotheses] 6 claims
2026-03-17 22:40:17,069 | INFO | [actions] ['ACTION2', 'ACTION3']
2026-03-17 22:40:17,285 | INFO | #87 ACTION2: 52 cells changed score=1
2026-03-17 22:40:17,384 | INFO | #88 ACTION3: BLOCKED score=1
2026-03-17 22:40:27,307 | INFO | [observe] ACTION2 moved the linked orange/blue avatar pair 5 cells right, from centers (35,31)/(38,31) to (40,31)/(43,31). This matches normal horizontal movement. The immediately preceding attempts showed ACTI
2026-03-17 22:40:27,308 | INFO | [testing] The accessible upward route is at this new x-position (after one step right), and ACTION3 should now move the avatar up the central shaft toward the black device.
2026-03-17 22:40:27,308 | INFO | [hypotheses] 6 claims
2026-03-17 22:40:27,308 | INFO | [actions] ['ACTION3', 'ACTION3', 'ACTION3']
2026-03-17 22:40:27,616 | INFO | #89 ACTION3: BLOCKED score=1
2026-03-17 22:40:36,114 | INFO | [observe] Only the far-right UI/timer elements changed again: dark_gray extended downward and the long yellow bar shifted/shrank. The avatar and map objects did not move, so the last action was blocked. From th
2026-03-17 22:40:36,114 | INFO | [testing] The upward passage is traversable only from a specific x-alignment near the current shaft; from the current position one horizontal adjustment may be needed before ACTION3 will work.
2026-03-17 22:40:36,114 | INFO | [hypotheses] 6 claims
2026-03-17 22:40:36,114 | INFO | [actions] ['ACTION2', 'ACTION3']
2026-03-17 22:40:36,424 | INFO | #90 ACTION2: BLOCKED score=1
2026-03-17 22:40:46,045 | INFO | [observe] The last action was blocked for movement: the orange/blue avatar is still at (40,31)/(43,31). Only the far-right dark_gray/yellow UI column changed again, so that meter/timer continues to advance even
2026-03-17 22:40:46,046 | INFO | [testing] The current lower corridor does not connect upward at x≈40/43; the visible shaft/device above must be reached from another horizontal approach, likely by moving left along the current row and finding a different opening.
2026-03-17 22:40:46,046 | INFO | [hypotheses] 6 claims
2026-03-17 22:40:46,046 | INFO | [actions] ['ACTION1', 'ACTION1', 'ACTION1']
2026-03-17 22:40:46,262 | INFO | #91 ACTION1: 52 cells changed score=1
2026-03-17 22:40:46,362 | INFO | #92 ACTION1: BLOCKED score=1
2026-03-17 22:40:55,982 | INFO | [observe] ACTION1 moved the orange/blue avatar pair 5 cells left from centers (40,31)/(43,31) to (35,31)/(38,31). The move succeeded, so the lower corridor continues left at this row. The side-by-side image now
2026-03-17 22:40:55,982 | INFO | [testing] From the new position at x≈35-38,y≈31, there is an upward passage; ACTION3 should now move the avatar up into the central vertical shaft.
2026-03-17 22:40:55,983 | INFO | [hypotheses] 6 claims
2026-03-17 22:40:55,983 | INFO | [actions] ['ACTION3', 'ACTION3', 'ACTION3']
2026-03-17 22:40:56,223 | INFO | #93 ACTION3: BLOCKED score=1
2026-03-17 22:41:04,377 | INFO | [observe] Last action was blocked: only the far-right dark_gray/yellow UI bars changed again, with no local object movement. The orange/blue avatar remains at about (35-38,31). The image shows the avatar standi
2026-03-17 22:41:04,378 | INFO | [testing] The current column is capped directly above the avatar, so ACTION3 is blocked here; access to the upper central shaft likely requires moving right first from this lower-left pocket.
2026-03-17 22:41:04,378 | INFO | [hypotheses] 6 claims
2026-03-17 22:41:04,378 | INFO | [actions] ['ACTION2', 'ACTION3']
2026-03-17 22:41:04,684 | INFO | #94 ACTION2: 52 cells changed score=1
2026-03-17 22:41:04,992 | INFO | #95 ACTION3: BLOCKED score=1
2026-03-17 22:41:14,665 | INFO | [observe] The last successful action was ACTION2: the linked orange/blue avatar pair moved 5 cells right from centers (35,31)/(38,31) to (40,31)/(43,31). No local objects changed besides the avatar; the dark_gr
2026-03-17 22:41:14,666 | INFO | [testing] After moving right to x≈40/43, the avatar is now aligned with the central vertical shaft, so ACTION3 should succeed from the current position.
2026-03-17 22:41:14,666 | INFO | [hypotheses] 6 claims
2026-03-17 22:41:14,666 | INFO | [actions] ['ACTION3']
2026-03-17 22:41:14,931 | INFO | #96 ACTION3: BLOCKED score=1
2026-03-17 22:41:25,675 | INFO | [observe] The last attempted ACTION3 was blocked locally: the avatar pair stayed at orange (40,31) / blue (43,31). Only the far-right dark_gray/yellow meter advanced again, reinforcing that these right-edge cha
2026-03-17 22:41:25,676 | INFO | [testing] Upward movement is blocked here because the linked orange/blue avatar is too wide to fit through the 1-tile neck above; reaching the upper corridor requires approaching via a different entrance rather than going straight up from (40,31)/(43,31).
2026-03-17 22:41:25,676 | INFO | [hypotheses] 6 claims
2026-03-17 22:41:25,676 | INFO | [actions] ['ACTION1', 'ACTION3']
2026-03-17 22:41:25,897 | INFO | #97 ACTION1: 52 cells changed score=1
2026-03-17 22:41:26,189 | INFO | #98 ACTION3: BLOCKED score=1
2026-03-17 22:41:34,543 | INFO | [observe] ACTION1 moved the linked orange/blue avatar 5 cells left from centers (40,31)/(43,31) to (35,31)/(38,31). No other local map objects changed; only the far-right dark_gray/yellow UI bars advanced again
2026-03-17 22:41:34,543 | INFO | [testing] The previous upward blockage was caused by the narrow central neck/entry geometry; from the new left position, ACTION3 should move the avatar upward into the left vertical corridor.
2026-03-17 22:41:34,543 | INFO | [hypotheses] 6 claims
2026-03-17 22:41:34,543 | INFO | [actions] ['ACTION3', 'ACTION3', 'ACTION3']
2026-03-17 22:41:34,796 | INFO | #99 ACTION3: BLOCKED score=1
2026-03-17 22:41:46,258 | INFO | [observe] Only the far-right dark_gray/yellow UI bars changed again; the avatar and map objects did not move. This means the last ACTION3 was blocked at the current position (orange/blue pair still centered aro
2026-03-17 22:41:46,258 | INFO | [testing] The route to the upper corridor is not from the current lower-left pocket; instead, the avatar likely needs to go right first, then approach the upper area through the right-side vertical passage.
2026-03-17 22:41:46,258 | INFO | [hypotheses] 8 claims
2026-03-17 22:41:46,258 | INFO | [actions] ['ACTION2', 'ACTION2', 'ACTION2']
2026-03-17 22:41:46,569 | INFO | #100 ACTION2: 52 cells changed score=1
2026-03-17 22:41:46,575 | INFO | ============================================================
2026-03-17 22:41:46,576 | INFO | FINISHED: actions=100 state=NOT_FINISHED score=1 deaths=0 llm_calls=65 time=669.72s
2026-03-17 22:41:46,576 | INFO | Hypothesis: [rejected] The previous upward blockage was caused by the narrow central neck/entry geometry; from the new left position, ACTION3 should move the avatar upward into the left vertical corridor. (Multiple ACTION3 attempts from the left-shifted position at centers (35,31)/(38,31) all blocked, so merely moving left did not open upward travel.)
[confirmed] ACTION1/ACTION2 are horizontal movement and ACTION3/ACTION4 are vertical movement for the linked orange/blue avatar pair. (Repeated successful moves shifted both avatar components consistently by 5 cells horizontally or vertically.)
[confirmed] The far-right dark_gray/yellow/red/black elements are UI or timer indicators unrelated to local collision. (They changed again on a blocked action while no local objects moved.)
[supported] The black box with blue icon near (42,16) is an interactable device or special room rather than decoration. (It is unique, enclosed, and positioned as a likely destination along the upper passages.)
[supported] The yellow object at (17,16) is a collectible or trigger in the upper-left chamber. (Distinct isolated object in a reachable-looking room.)
[supported] The yellow object at (52,31) is a collectible or trigger in the lower-right chamber. (Distinct isolated object in a separate chamber.)
[testing] The route to the upper corridor is not from the current lower-left pocket; instead, the avatar likely needs to go right first, then approach the upper area through the right-side vertical passage. (From the current map, the lower-right chamber appears connected to a vertical shaft on its right edge leading upward, while direct upward attempts from the current pocket consistently fail.)
[untested] The two-cell-wide orange/blue pair may have asymmetric collision, so some passages that look open are impassable unless approached from another side or after a transformation/trigger. ()
2026-03-17 22:41:46,576 | INFO | Notes: Reject simple 'move left then go up' explanation. Current avatar position is around (35,31)/(38,31). Next investigate the right side: move right across the lower corridor toward the chamber containing the yellow object at (52,31), then test whether that chamber connects upward. Keep watching for any interaction when adjacent to yellow objects or the black-blue device.
2026-03-17 22:41:46,576 | INFO | ============================================================
2026-03-17 22:41:46,912 | INFO | --- SCORECARD ---
2026-03-17 22:41:46,920 | INFO | {
  "source_url": null,
  "tags": [
    "wrapper",
    "agent"
  ],
  "opaque": null,
  "card_id": "46970b47-6b7d-4fcf-9c10-b40b71874af5",
  "api_key": null,
  "score": 10.622710622710624,
  "environments": [
    {
      "id": "ls20-cb3b57cc",
      "runs": [
        {
          "id": null,
          "guid": "2c25b574-ac4a-4741-96f7-7dfb0af6443d",
          "score": 0.0,
          "levels_completed": 0,
          "actions": 0,
          "resets": 0,
          "state": "NOT_FINISHED",
          "completed": false,
          "level_scores": [
            0.0,
            0.0,
            0.0,
            0.0,
            0.0,
            0.0,
            0.0
          ],
          "level_actions": [
            0,
            0,
            0,
            0,
            0,
            0,
            0
          ],
          "level_baseline_actions": [
            29,
            41,
            172,
            49,
            53,
            62,
            82
          ],
          "number_of_levels": null,
          "number_of_environments": 0,
          "message": null
        },
        {
          "id": null,
          "guid": "2c25b574-ac4a-4741-96f7-7dfb0af6443d",
          "score": 10.622710622710624,
          "levels_completed": 1,
          "actions": 100,
          "resets": 0,
          "state": "NOT_FINISHED",
          "completed": false,
          "level_scores": [
            74.35897435897436,
            0.0,
            0.0,
            0.0,
            0.0,
            0.0,
            0.0
          ],
          "level_actions": [
            39,
            61,
            0,
            0,
            0,
            0,
            0
          ],
          "level_baseline_actions": [
            29,
            41,
            172,
            49,
            53,
            62,
            82
          ],
          "number_of_levels": null,
          "number_of_environments": 0,
          "message": null
        }
      ],
      "score": 10.622710622710624,
      "actions": 100,
      "levels_completed": 1,
      "completed": false,
      "level_count": 7,
      "resets": 0
    }
  ],
  "tags_scores": [],
  "competition_mode": false,
  "total_environments_completed": 0,
  "total_environments": 1,
  "total_levels_completed": 1,
  "total_levels": 7,
  "total_actions": 100
}
